0.2907 	INFO 	Loaded SoundDevice with PortAudio V19.6.0-devel, revision 396fe4b6699ae929d3a685b3ef8a7e97396139a4
0.2908 	INFO 	sound is using audioLib: sounddevice
4.3453 	INFO 	Loaded monitor calibration from ['2018_01_10 10:27']
91.9526 	WARNING 	Monitor specification not found. Creating a temporary one...
91.9852 	WARNING 	Requested an unavailable screen number - using first available.
91.9855 	WARNING 	User requested fullscreen with size [800 800], but screen is actually [1680, 1050]. Using actual size
93.2133 	EXP 	Created window1 = Window(allowGUI=False, allowStencil=False, args=UNKNOWN, autoLog=True, bitsMode=UNKNOWN, blendMode='avg', color=array([-1., -1., -1.]), colorSpace='rgb', fullscr=UNKNOWN, gamma=None, kwargs=UNKNOWN, lms=UNKNOWN, monitor=<psychopy.monitors.calibTools.Monitor object at 0x000001B4B80305F8>, multiSample=False, name='window1', numSamples=2, pos=(0, 0), screen=1, size=array([1680, 1050]), stereo=False, units='height', useFBO=False, useRetina=False, viewOri=0.0, viewPos=None, viewScale=None, waitBlanking=True, winType='pyglet')
93.2133 	EXP 	window1: recordFrameIntervals = True
93.5122 	EXP 	Created stim ᛋ = TextStim(__class__=<class 'psychopy.visual.text.TextStim'>, alignHoriz='center', alignVert='center', antialias=True, autoLog=True, bold=False, color=array([1., 1., 1.]), colorSpace='rgb', contrast=1.0, depth=0, flipHoriz=False, flipVert=False, font='FreeMono', fontFiles=[], height=0.25, italic=False, name='stim ᛋ', opacity=1.0, ori=0.0, pos=array([0., 0.]), rgb=array([1., 1., 1.]), text='ᛋ', units='height', win=Window(...), wrapWidth=1)
93.5204 	EXP 	Created stim ᚢ = TextStim(__class__=<class 'psychopy.visual.text.TextStim'>, alignHoriz='center', alignVert='center', antialias=True, autoLog=True, bold=False, color=array([1., 1., 1.]), colorSpace='rgb', contrast=1.0, depth=0, flipHoriz=False, flipVert=False, font='FreeMono', fontFiles=[], height=0.25, italic=False, name='stim ᚢ', opacity=1.0, ori=0.0, pos=array([0., 0.]), rgb=array([1., 1., 1.]), text='ᚢ', units='height', win=Window(...), wrapWidth=1)
93.5284 	EXP 	Created stim ᚬ = TextStim(__class__=<class 'psychopy.visual.text.TextStim'>, alignHoriz='center', alignVert='center', antialias=True, autoLog=True, bold=False, color=array([1., 1., 1.]), colorSpace='rgb', contrast=1.0, depth=0, flipHoriz=False, flipVert=False, font='FreeMono', fontFiles=[], height=0.25, italic=False, name='stim ᚬ', opacity=1.0, ori=0.0, pos=array([0., 0.]), rgb=array([1., 1., 1.]), text='ᚬ', units='height', win=Window(...), wrapWidth=1)
93.5364 	EXP 	Created stim ᚠ = TextStim(__class__=<class 'psychopy.visual.text.TextStim'>, alignHoriz='center', alignVert='center', antialias=True, autoLog=True, bold=False, color=array([1., 1., 1.]), colorSpace='rgb', contrast=1.0, depth=0, flipHoriz=False, flipVert=False, font='FreeMono', fontFiles=[], height=0.25, italic=False, name='stim ᚠ', opacity=1.0, ori=0.0, pos=array([0., 0.]), rgb=array([1., 1., 1.]), text='ᚠ', units='height', win=Window(...), wrapWidth=1)
93.5446 	EXP 	Created stim ᚻ = TextStim(__class__=<class 'psychopy.visual.text.TextStim'>, alignHoriz='center', alignVert='center', antialias=True, autoLog=True, bold=False, color=array([1., 1., 1.]), colorSpace='rgb', contrast=1.0, depth=0, flipHoriz=False, flipVert=False, font='FreeMono', fontFiles=[], height=0.25, italic=False, name='stim ᚻ', opacity=1.0, ori=0.0, pos=array([0., 0.]), rgb=array([1., 1., 1.]), text='ᚻ', units='height', win=Window(...), wrapWidth=1)
93.5529 	EXP 	Created stim ᚣ = TextStim(__class__=<class 'psychopy.visual.text.TextStim'>, alignHoriz='center', alignVert='center', antialias=True, autoLog=True, bold=False, color=array([1., 1., 1.]), colorSpace='rgb', contrast=1.0, depth=0, flipHoriz=False, flipVert=False, font='FreeMono', fontFiles=[], height=0.25, italic=False, name='stim ᚣ', opacity=1.0, ori=0.0, pos=array([0., 0.]), rgb=array([1., 1., 1.]), text='ᚣ', units='height', win=Window(...), wrapWidth=1)
93.5608 	EXP 	Created stim ᚦ = TextStim(__class__=<class 'psychopy.visual.text.TextStim'>, alignHoriz='center', alignVert='center', antialias=True, autoLog=True, bold=False, color=array([1., 1., 1.]), colorSpace='rgb', contrast=1.0, depth=0, flipHoriz=False, flipVert=False, font='FreeMono', fontFiles=[], height=0.25, italic=False, name='stim ᚦ', opacity=1.0, ori=0.0, pos=array([0., 0.]), rgb=array([1., 1., 1.]), text='ᚦ', units='height', win=Window(...), wrapWidth=1)
93.5689 	EXP 	Created stim ᚳ = TextStim(__class__=<class 'psychopy.visual.text.TextStim'>, alignHoriz='center', alignVert='center', antialias=True, autoLog=True, bold=False, color=array([1., 1., 1.]), colorSpace='rgb', contrast=1.0, depth=0, flipHoriz=False, flipVert=False, font='FreeMono', fontFiles=[], height=0.25, italic=False, name='stim ᚳ', opacity=1.0, ori=0.0, pos=array([0., 0.]), rgb=array([1., 1., 1.]), text='ᚳ', units='height', win=Window(...), wrapWidth=1)
93.5768 	EXP 	Created stim ᛇ = TextStim(__class__=<class 'psychopy.visual.text.TextStim'>, alignHoriz='center', alignVert='center', antialias=True, autoLog=True, bold=False, color=array([1., 1., 1.]), colorSpace='rgb', contrast=1.0, depth=0, flipHoriz=False, flipVert=False, font='FreeMono', fontFiles=[], height=0.25, italic=False, name='stim ᛇ', opacity=1.0, ori=0.0, pos=array([0., 0.]), rgb=array([1., 1., 1.]), text='ᛇ', units='height', win=Window(...), wrapWidth=1)
93.5847 	EXP 	Created stim ᚼ = TextStim(__class__=<class 'psychopy.visual.text.TextStim'>, alignHoriz='center', alignVert='center', antialias=True, autoLog=True, bold=False, color=array([1., 1., 1.]), colorSpace='rgb', contrast=1.0, depth=0, flipHoriz=False, flipVert=False, font='FreeMono', fontFiles=[], height=0.25, italic=False, name='stim ᚼ', opacity=1.0, ori=0.0, pos=array([0., 0.]), rgb=array([1., 1., 1.]), text='ᚼ', units='height', win=Window(...), wrapWidth=1)
93.6284 	EXP 	<method-wrapper '__getattribute__' of attributeSetter object at 0x000001B470193048>: vertices = array([[-0.3,  0.3],
       [ 0.3,  0.3],
       [ 0.3, -0.3],
       [-0.3, -0.3]])
93.6511 	EXP 	Created pause_text = TextStim(__class__=<class 'psychopy.visual.text.TextStim'>, alignHoriz='center', alignVert='center', antialias=True, autoLog=True, bold=False, color=array([1., 1., 1.]), colorSpace='rgb', contrast=1.0, depth=0, flipHoriz=False, flipVert=False, font='', fontFiles=[], height=0.1, italic=False, name='pause_text', opacity=1.0, ori=0.0, pos=array([0. , 0.8]), rgb=array([1., 1., 1.]), text='Take a break!', units='norm', win=Window(...), wrapWidth=1)
93.6609 	EXP 	Created pause_text = TextStim(__class__=<class 'psychopy.visual.text.TextStim'>, alignHoriz='center', alignVert='center', antialias=True, autoLog=True, bold=False, color=array([1., 1., 1.]), colorSpace='rgb', contrast=1.0, depth=0, flipHoriz=False, flipVert=False, font='', fontFiles=[], height=0.1, italic=False, name='pause_text', opacity=1.0, ori=0.0, pos=array([0. , 0.7]), rgb=array([1., 1., 1.]), text='Press ten times to continue.', units='norm', win=Window(...), wrapWidth=1)
97.0941 	WARNING 	t of last frame was 1349.40ms (=1/0)
97.5271 	INFO 	Trial 0 start: 97.510776
97.5271 	EXP 	Drew image 9 at 0.000000
97.5270 	EXP 	stim ᚼ: autoDraw = True
98.0934 	EXP 	stim ᚼ: color = [-1, 1, -1]
98.3934 	EXP 	stim ᚼ: autoDraw = False
98.3934 	EXP 	stim ᚼ: color = [1, 1, 1]
98.9263 	INFO 	Trial 1 start: 98.909622
98.9264 	EXP 	Drew image 6 at 0.000000
98.9263 	EXP 	stim ᚦ: autoDraw = True
99.5098 	EXP 	stim ᚦ: color = [-1, 1, -1]
99.8092 	EXP 	stim ᚦ: autoDraw = False
99.8092 	EXP 	stim ᚦ: color = [1, 1, 1]
100.3422 	INFO 	Trial 2 start: 100.325476
100.3422 	EXP 	Drew image 7 at 0.000000
100.3422 	EXP 	stim ᚳ: autoDraw = True
100.8919 	EXP 	stim ᚳ: color = [-1, 1, -1]
101.1917 	EXP 	stim ᚳ: autoDraw = False
101.1917 	EXP 	stim ᚳ: color = [1, 1, 1]
101.7248 	INFO 	Trial 3 start: 101.708148
101.7248 	EXP 	Drew image 8 at 0.000000
101.7248 	EXP 	stim ᛇ: autoDraw = True
102.2745 	EXP 	stim ᛇ: color = [-1, 1, -1]
102.5744 	EXP 	stim ᛇ: autoDraw = False
102.5744 	EXP 	stim ᛇ: color = [1, 1, 1]
103.0908 	INFO 	Trial 4 start: 103.074283
103.0909 	EXP 	Drew image 8 at 0.000000
103.0908 	EXP 	stim ᛇ: autoDraw = True
103.5737 	EXP 	stim ᛇ: color = [-1, 1, -1]
103.8737 	EXP 	stim ᛇ: autoDraw = False
103.8737 	EXP 	stim ᛇ: color = [1, 1, 1]
104.4067 	INFO 	Trial 5 start: 104.389914
104.4067 	EXP 	Drew image 6 at 0.000000
104.4067 	EXP 	stim ᚦ: autoDraw = True
104.9897 	EXP 	stim ᚦ: color = [-1, 1, -1]
105.2896 	EXP 	stim ᚦ: autoDraw = False
105.2896 	EXP 	stim ᚦ: color = [1, 1, 1]
105.8225 	INFO 	Trial 6 start: 105.805767
105.8225 	EXP 	Drew image 1 at 0.000000
105.8225 	EXP 	stim ᚢ: autoDraw = True
106.3723 	EXP 	stim ᚢ: color = [-1, 1, -1]
106.6722 	EXP 	stim ᚢ: autoDraw = False
106.6722 	EXP 	stim ᚢ: color = [1, 1, 1]
107.0593 	WARNING 	t of last frame was 20.71ms (=1/48)
107.2052 	INFO 	Trial 7 start: 107.188505
107.2052 	EXP 	Drew image 2 at 0.000000
107.2051 	EXP 	stim ᚬ: autoDraw = True
107.8214 	EXP 	stim ᚬ: color = [-1, 1, -1]
108.1213 	EXP 	stim ᚬ: autoDraw = False
108.1213 	EXP 	stim ᚬ: color = [1, 1, 1]
108.6543 	INFO 	Trial 8 start: 108.637582
108.6543 	EXP 	Drew image 5 at 0.000000
108.6543 	EXP 	stim ᚣ: autoDraw = True
109.0581 	WARNING 	t of last frame was 20.62ms (=1/48)
109.3207 	EXP 	stim ᚣ: color = [-1, 1, -1]
109.6206 	EXP 	stim ᚣ: autoDraw = False
109.6206 	EXP 	stim ᚣ: color = [1, 1, 1]
110.1535 	INFO 	Trial 9 start: 110.136731
110.1536 	EXP 	Drew image 7 at 0.000000
110.1535 	EXP 	stim ᚳ: autoDraw = True
110.7032 	EXP 	stim ᚳ: color = [-1, 1, -1]
111.0032 	EXP 	stim ᚳ: autoDraw = False
111.0032 	EXP 	stim ᚳ: color = [1, 1, 1]
111.5361 	INFO 	Trial 10 start: 111.519483
111.5362 	EXP 	Drew image 2 at 0.000000
111.5361 	EXP 	stim ᚬ: autoDraw = True
112.0564 	WARNING 	t of last frame was 20.52ms (=1/48)
112.1694 	EXP 	stim ᚬ: color = [-1, 1, -1]
112.4690 	EXP 	stim ᚬ: autoDraw = False
112.4690 	EXP 	stim ᚬ: color = [1, 1, 1]
113.0024 	INFO 	Trial 11 start: 112.985604
113.0025 	EXP 	Drew image 8 at 0.000000
113.0024 	EXP 	stim ᛇ: autoDraw = True
113.5353 	EXP 	stim ᛇ: color = [-1, 1, -1]
113.8350 	EXP 	stim ᛇ: autoDraw = False
113.8350 	EXP 	stim ᛇ: color = [1, 1, 1]
114.3679 	INFO 	Trial 12 start: 114.351190
114.3679 	EXP 	Drew image 1 at 0.000000
114.3679 	EXP 	stim ᚢ: autoDraw = True
114.9176 	EXP 	stim ᚢ: color = [1, -1, -1]
115.9170 	EXP 	stim ᚢ: color = [1, 1, 1]
116.0545 	WARNING 	t of last frame was 20.83ms (=1/48)
116.3003 	EXP 	stim ᚢ: color = [-1, 1, -1]
116.6002 	EXP 	stim ᚢ: autoDraw = False
116.6002 	EXP 	stim ᚢ: color = [1, 1, 1]
117.0538 	WARNING 	t of last frame was 20.67ms (=1/48)
117.1331 	INFO 	Trial 13 start: 117.116361
117.1332 	EXP 	Drew image 5 at 0.000000
117.1331 	EXP 	stim ᚣ: autoDraw = True
117.7329 	EXP 	stim ᚣ: color = [1, -1, -1]
118.7323 	EXP 	stim ᚣ: color = [1, 1, 1]
119.0661 	EXP 	stim ᚣ: color = [-1, 1, -1]
119.3653 	EXP 	stim ᚣ: autoDraw = False
119.3653 	EXP 	stim ᚣ: color = [1, 1, 1]
119.8983 	INFO 	Trial 14 start: 119.881634
119.8984 	EXP 	Drew image 9 at 0.000000
119.8983 	EXP 	stim ᚼ: autoDraw = True
120.4314 	EXP 	stim ᚼ: color = [-1, 1, -1]
120.7312 	EXP 	stim ᚼ: autoDraw = False
120.7312 	EXP 	stim ᚼ: color = [1, 1, 1]
121.2642 	INFO 	Trial 15 start: 121.247516
121.2643 	EXP 	Drew image 6 at 0.000000
121.2642 	EXP 	stim ᚦ: autoDraw = True
121.8138 	EXP 	stim ᚦ: color = [-1, 1, -1]
122.1137 	EXP 	stim ᚦ: autoDraw = False
122.1137 	EXP 	stim ᚦ: color = [1, 1, 1]
122.6468 	INFO 	Trial 16 start: 122.630180
122.6468 	EXP 	Drew image 5 at 0.000000
122.6468 	EXP 	stim ᚣ: autoDraw = True
123.2799 	EXP 	stim ᚣ: color = [-1, 1, -1]
123.5797 	EXP 	stim ᚣ: autoDraw = False
123.5797 	EXP 	stim ᚣ: color = [1, 1, 1]
124.1127 	INFO 	Trial 17 start: 124.096151
124.1128 	EXP 	Drew image 4 at 0.000000
124.1127 	EXP 	stim ᚻ: autoDraw = True
124.7291 	EXP 	stim ᚻ: color = [1, -1, -1]
125.7285 	EXP 	stim ᚻ: color = [1, 1, 1]
126.0620 	EXP 	stim ᚻ: color = [-1, 1, -1]
126.3615 	EXP 	stim ᚻ: autoDraw = False
126.3615 	EXP 	stim ᚻ: color = [1, 1, 1]
126.8945 	INFO 	Trial 18 start: 126.877850
126.8945 	EXP 	Drew image 8 at 0.000000
126.8944 	EXP 	stim ᛇ: autoDraw = True
127.3944 	EXP 	stim ᛇ: color = [-1, 1, -1]
127.6943 	EXP 	stim ᛇ: autoDraw = False
127.6943 	EXP 	stim ᛇ: color = [1, 1, 1]
128.2272 	INFO 	Trial 19 start: 128.210353
128.2272 	EXP 	Drew image 1 at 0.000000
128.2272 	EXP 	stim ᚢ: autoDraw = True
128.7270 	EXP 	stim ᚢ: color = [-1, 1, -1]
129.0269 	EXP 	stim ᚢ: autoDraw = False
129.0269 	EXP 	stim ᚢ: color = [1, 1, 1]
129.5597 	INFO 	Trial 20 start: 129.542936
129.5597 	EXP 	Drew image 7 at 0.000000
129.5596 	EXP 	stim ᚳ: autoDraw = True
130.1260 	EXP 	stim ᚳ: color = [-1, 1, -1]
130.4260 	EXP 	stim ᚳ: autoDraw = False
130.4260 	EXP 	stim ᚳ: color = [1, 1, 1]
130.9590 	INFO 	Trial 21 start: 130.942413
130.9591 	EXP 	Drew image 0 at 0.000000
130.9590 	EXP 	stim ᛋ: autoDraw = True
131.9085 	EXP 	stim ᛋ: color = [-1, 1, -1]
132.2084 	EXP 	stim ᛋ: autoDraw = False
132.2084 	EXP 	stim ᛋ: color = [1, 1, 1]
132.7414 	INFO 	Trial 22 start: 132.724603
132.7415 	EXP 	Drew image 1 at 0.000000
132.7414 	EXP 	stim ᚢ: autoDraw = True
133.3076 	EXP 	stim ᚢ: color = [-1, 1, -1]
133.6075 	EXP 	stim ᚢ: autoDraw = False
133.6075 	EXP 	stim ᚢ: color = [1, 1, 1]
134.1405 	INFO 	Trial 23 start: 134.123871
134.1405 	EXP 	Drew image 3 at 0.000000
134.1405 	EXP 	stim ᚠ: autoDraw = True
134.7901 	EXP 	stim ᚠ: color = [-1, 1, -1]
135.0901 	EXP 	stim ᚠ: autoDraw = False
135.0901 	EXP 	stim ᚠ: color = [1, 1, 1]
135.6232 	INFO 	Trial 24 start: 135.606378
135.6232 	EXP 	Drew image 0 at 0.000000
135.6232 	EXP 	stim ᛋ: autoDraw = True
136.3228 	EXP 	stim ᛋ: color = [-1, 1, -1]
136.6227 	EXP 	stim ᛋ: autoDraw = False
136.6227 	EXP 	stim ᛋ: color = [1, 1, 1]
137.1560 	INFO 	Trial 25 start: 137.138919
137.1560 	EXP 	Drew image 3 at 0.000000
137.1560 	EXP 	stim ᚠ: autoDraw = True
137.6386 	EXP 	stim ᚠ: color = [1, -1, -1]
138.6382 	EXP 	stim ᚠ: color = [1, 1, 1]
138.8716 	EXP 	stim ᚠ: color = [-1, 1, -1]
139.1712 	EXP 	stim ᚠ: autoDraw = False
139.1712 	EXP 	stim ᚠ: color = [1, 1, 1]
139.7042 	INFO 	Trial 26 start: 139.687550
139.7042 	EXP 	Drew image 4 at 0.000000
139.7042 	EXP 	stim ᚻ: autoDraw = True
140.3205 	EXP 	stim ᚻ: color = [-1, 1, -1]
140.6205 	EXP 	stim ᚻ: autoDraw = False
140.6205 	EXP 	stim ᚻ: color = [1, 1, 1]
141.1371 	INFO 	Trial 27 start: 141.120572
141.1371 	EXP 	Drew image 2 at 0.000000
141.1371 	EXP 	stim ᚬ: autoDraw = True
141.7031 	EXP 	stim ᚬ: color = [-1, 1, -1]
142.0030 	EXP 	stim ᚬ: autoDraw = False
142.0030 	EXP 	stim ᚬ: color = [1, 1, 1]
142.5195 	INFO 	Trial 28 start: 142.502752
142.5195 	EXP 	Drew image 6 at 0.000000
142.5195 	EXP 	stim ᚦ: autoDraw = True
143.1024 	EXP 	stim ᚦ: color = [-1, 1, -1]
143.4025 	EXP 	stim ᚦ: autoDraw = False
143.4025 	EXP 	stim ᚦ: color = [1, 1, 1]
143.9354 	INFO 	Trial 29 start: 143.918584
143.9354 	EXP 	Drew image 3 at 0.000000
143.9354 	EXP 	stim ᚠ: autoDraw = True
144.4183 	EXP 	stim ᚠ: color = [-1, 1, -1]
144.7182 	EXP 	stim ᚠ: autoDraw = False
144.7182 	EXP 	stim ᚠ: color = [1, 1, 1]
145.0557 	WARNING 	t of last frame was 21.07ms (=1/47)
145.2512 	INFO 	Trial 30 start: 145.234546
145.2512 	EXP 	Drew image 0 at 0.000000
145.2511 	EXP 	stim ᛋ: autoDraw = True
145.9010 	EXP 	stim ᛋ: color = [-1, 1, -1]
146.2008 	EXP 	stim ᛋ: autoDraw = False
146.2008 	EXP 	stim ᛋ: color = [1, 1, 1]
146.7339 	INFO 	Trial 31 start: 146.717124
146.7339 	EXP 	Drew image 3 at 0.000000
146.7339 	EXP 	stim ᚠ: autoDraw = True
147.0544 	WARNING 	t of last frame was 20.84ms (=1/47)
147.3335 	EXP 	stim ᚠ: color = [-1, 1, -1]
147.6333 	EXP 	stim ᚠ: autoDraw = False
147.6333 	EXP 	stim ᚠ: color = [1, 1, 1]
148.0530 	WARNING 	t of last frame was 19.98ms (=1/50)
148.1664 	INFO 	Trial 32 start: 148.149650
148.1664 	EXP 	Drew image 4 at 0.000000
148.1663 	EXP 	stim ᚻ: autoDraw = True
148.7826 	EXP 	stim ᚻ: color = [1, -1, -1]
149.0530 	WARNING 	t of last frame was 20.36ms (=1/49)
149.7822 	EXP 	stim ᚻ: color = [1, 1, 1]
150.0985 	EXP 	stim ᚻ: color = [-1, 1, -1]
150.3986 	EXP 	stim ᚻ: autoDraw = False
150.3986 	EXP 	stim ᚻ: color = [1, 1, 1]
150.9314 	INFO 	Trial 33 start: 150.914776
150.9315 	EXP 	Drew image 1 at 0.000000
150.9314 	EXP 	stim ᚢ: autoDraw = True
151.4979 	EXP 	stim ᚢ: color = [-1, 1, -1]
151.7979 	EXP 	stim ᚢ: autoDraw = False
151.7979 	EXP 	stim ᚢ: color = [1, 1, 1]
152.3308 	INFO 	Trial 34 start: 152.314126
152.3309 	EXP 	Drew image 4 at 0.000000
152.3308 	EXP 	stim ᚻ: autoDraw = True
153.0138 	EXP 	stim ᚻ: color = [-1, 1, -1]
153.3135 	EXP 	stim ᚻ: autoDraw = False
153.3135 	EXP 	stim ᚻ: color = [1, 1, 1]
153.8465 	INFO 	Trial 35 start: 153.829879
153.8466 	EXP 	Drew image 2 at 0.000000
153.8465 	EXP 	stim ᚬ: autoDraw = True
154.4297 	EXP 	stim ᚬ: color = [-1, 1, -1]
154.7296 	EXP 	stim ᚬ: autoDraw = False
154.7296 	EXP 	stim ᚬ: color = [1, 1, 1]
155.2625 	INFO 	Trial 36 start: 155.245884
155.2626 	EXP 	Drew image 2 at 0.000000
155.2625 	EXP 	stim ᚬ: autoDraw = True
155.7790 	EXP 	stim ᚬ: color = [-1, 1, -1]
156.0790 	EXP 	stim ᚬ: autoDraw = False
156.0790 	EXP 	stim ᚬ: color = [1, 1, 1]
156.6118 	INFO 	Trial 37 start: 156.595030
156.6119 	EXP 	Drew image 6 at 0.000000
156.6118 	EXP 	stim ᚦ: autoDraw = True
157.3281 	EXP 	stim ᚦ: color = [1, -1, -1]
158.3276 	EXP 	stim ᚦ: color = [1, 1, 1]
158.5940 	EXP 	stim ᚦ: color = [-1, 1, -1]
158.8940 	EXP 	stim ᚦ: autoDraw = False
158.8940 	EXP 	stim ᚦ: color = [1, 1, 1]
159.4270 	INFO 	Trial 38 start: 159.410358
159.4270 	EXP 	Drew image 5 at 0.000000
159.4270 	EXP 	stim ᚣ: autoDraw = True
160.0933 	EXP 	stim ᚣ: color = [-1, 1, -1]
160.3932 	EXP 	stim ᚣ: autoDraw = False
160.3932 	EXP 	stim ᚣ: color = [1, 1, 1]
160.9261 	INFO 	Trial 39 start: 160.909428
160.9261 	EXP 	Drew image 5 at 0.000000
160.9261 	EXP 	stim ᚣ: autoDraw = True
161.4427 	EXP 	stim ᚣ: color = [-1, 1, -1]
161.7425 	EXP 	stim ᚣ: autoDraw = False
161.7425 	EXP 	stim ᚣ: color = [1, 1, 1]
162.2755 	INFO 	Trial 40 start: 162.258781
162.2755 	EXP 	Drew image 8 at 0.000000
162.2754 	EXP 	stim ᛇ: autoDraw = True
162.9418 	EXP 	stim ᛇ: color = [-1, 1, -1]
163.2490 	WARNING 	t of last frame was 24.13ms (=1/41)
163.2490 	EXP 	stim ᛇ: autoDraw = False
163.2490 	EXP 	stim ᛇ: color = [1, 1, 1]
163.7746 	INFO 	Trial 41 start: 163.757956
163.7747 	EXP 	Drew image 7 at 0.000000
163.7746 	EXP 	stim ᚳ: autoDraw = True
164.3077 	EXP 	stim ᚳ: color = [-1, 1, -1]
164.6075 	EXP 	stim ᚳ: autoDraw = False
164.6075 	EXP 	stim ᚳ: color = [1, 1, 1]
165.1405 	INFO 	Trial 42 start: 165.123946
165.1405 	EXP 	Drew image 9 at 0.000000
165.1404 	EXP 	stim ᚼ: autoDraw = True
165.7234 	EXP 	stim ᚼ: color = [-1, 1, -1]
166.0234 	EXP 	stim ᚼ: autoDraw = False
166.0234 	EXP 	stim ᚼ: color = [1, 1, 1]
166.5564 	INFO 	Trial 43 start: 166.539828
166.5564 	EXP 	Drew image 9 at 0.000000
166.5564 	EXP 	stim ᚼ: autoDraw = True
167.2061 	EXP 	stim ᚼ: color = [-1, 1, -1]
167.5061 	EXP 	stim ᚼ: autoDraw = False
167.5061 	EXP 	stim ᚼ: color = [1, 1, 1]
168.0391 	INFO 	Trial 44 start: 168.022299
168.0391 	EXP 	Drew image 3 at 0.000000
168.0390 	EXP 	stim ᚠ: autoDraw = True
168.6552 	EXP 	stim ᚠ: color = [-1, 1, -1]
168.9552 	EXP 	stim ᚠ: autoDraw = False
168.9552 	EXP 	stim ᚠ: color = [1, 1, 1]
169.4882 	INFO 	Trial 45 start: 169.471391
169.4882 	EXP 	Drew image 7 at 0.000000
169.4881 	EXP 	stim ᚳ: autoDraw = True
170.0587 	WARNING 	t of last frame was 20.84ms (=1/47)
170.0715 	EXP 	stim ᚳ: color = [-1, 1, -1]
170.3712 	EXP 	stim ᚳ: autoDraw = False
170.3712 	EXP 	stim ᚳ: color = [1, 1, 1]
170.9042 	INFO 	Trial 46 start: 170.887297
170.9042 	EXP 	Drew image 0 at 0.000000
170.9041 	EXP 	stim ᛋ: autoDraw = True
171.5037 	EXP 	stim ᛋ: color = [-1, 1, -1]
171.8036 	EXP 	stim ᛋ: autoDraw = False
171.8036 	EXP 	stim ᛋ: color = [1, 1, 1]
172.0579 	WARNING 	t of last frame was 21.08ms (=1/47)
172.3367 	INFO 	Trial 47 start: 172.320003
172.3367 	EXP 	Drew image 9 at 0.000000
172.3366 	EXP 	stim ᚼ: autoDraw = True
172.8698 	EXP 	stim ᚼ: color = [-1, 1, -1]
173.1697 	EXP 	stim ᚼ: autoDraw = False
173.1697 	EXP 	stim ᚼ: color = [1, 1, 1]
173.7027 	INFO 	Trial 48 start: 173.685921
173.7027 	EXP 	Drew image 4 at 0.000000
173.7027 	EXP 	stim ᚻ: autoDraw = True
174.2857 	EXP 	stim ᚻ: color = [-1, 1, -1]
174.5855 	EXP 	stim ᚻ: autoDraw = False
174.5855 	EXP 	stim ᚻ: color = [1, 1, 1]
175.0560 	WARNING 	t of last frame was 20.82ms (=1/48)
175.1185 	INFO 	Trial 49 start: 175.101715
175.1185 	EXP 	Drew image 0 at 0.000000
175.1184 	EXP 	stim ᛋ: autoDraw = True
175.7515 	EXP 	stim ᛋ: color = [-1, 1, -1]
176.0530 	EXP 	stim ᛋ: autoDraw = False
176.0530 	EXP 	stim ᛋ: color = [1, 1, 1]
176.1113 	EXP 	window1: mouseVisible = True
