0.3937 	INFO 	Loaded SoundDevice with PortAudio V19.6.0-devel, revision 396fe4b6699ae929d3a685b3ef8a7e97396139a4
0.3939 	INFO 	sound is using audioLib: sounddevice
4.0585 	INFO 	Loaded monitor calibration from ['2018_01_10 10:27']
40.0598 	WARNING 	Monitor specification not found. Creating a temporary one...
40.0869 	WARNING 	Requested an unavailable screen number - using first available.
40.0872 	WARNING 	User requested fullscreen with size [800 800], but screen is actually [1680, 1050]. Using actual size
41.2824 	EXP 	Created window1 = Window(allowGUI=False, allowStencil=False, args=UNKNOWN, autoLog=True, bitsMode=UNKNOWN, blendMode='avg', color=array([-1., -1., -1.]), colorSpace='rgb', fullscr=UNKNOWN, gamma=None, kwargs=UNKNOWN, lms=UNKNOWN, monitor=<psychopy.monitors.calibTools.Monitor object at 0x000001C58F500630>, multiSample=False, name='window1', numSamples=2, pos=(0, 0), screen=1, size=array([1680, 1050]), stereo=False, units='height', useFBO=False, useRetina=False, viewOri=0.0, viewPos=None, viewScale=None, waitBlanking=True, winType='pyglet')
41.2824 	EXP 	window1: recordFrameIntervals = True
41.5535 	EXP 	Created stim ᚦ = TextStim(__class__=<class 'psychopy.visual.text.TextStim'>, alignHoriz='center', alignVert='center', antialias=True, autoLog=True, bold=False, color=array([1., 1., 1.]), colorSpace='rgb', contrast=1.0, depth=0, flipHoriz=False, flipVert=False, font='FreeMono', fontFiles=[], height=0.25, italic=False, name='stim ᚦ', opacity=1.0, ori=0.0, pos=array([0., 0.]), rgb=array([1., 1., 1.]), text='ᚦ', units='height', win=Window(...), wrapWidth=1)
41.5611 	EXP 	Created stim ᚼ = TextStim(__class__=<class 'psychopy.visual.text.TextStim'>, alignHoriz='center', alignVert='center', antialias=True, autoLog=True, bold=False, color=array([1., 1., 1.]), colorSpace='rgb', contrast=1.0, depth=0, flipHoriz=False, flipVert=False, font='FreeMono', fontFiles=[], height=0.25, italic=False, name='stim ᚼ', opacity=1.0, ori=0.0, pos=array([0., 0.]), rgb=array([1., 1., 1.]), text='ᚼ', units='height', win=Window(...), wrapWidth=1)
41.5693 	EXP 	Created stim ᛋ = TextStim(__class__=<class 'psychopy.visual.text.TextStim'>, alignHoriz='center', alignVert='center', antialias=True, autoLog=True, bold=False, color=array([1., 1., 1.]), colorSpace='rgb', contrast=1.0, depth=0, flipHoriz=False, flipVert=False, font='FreeMono', fontFiles=[], height=0.25, italic=False, name='stim ᛋ', opacity=1.0, ori=0.0, pos=array([0., 0.]), rgb=array([1., 1., 1.]), text='ᛋ', units='height', win=Window(...), wrapWidth=1)
41.5767 	EXP 	Created stim ᛇ = TextStim(__class__=<class 'psychopy.visual.text.TextStim'>, alignHoriz='center', alignVert='center', antialias=True, autoLog=True, bold=False, color=array([1., 1., 1.]), colorSpace='rgb', contrast=1.0, depth=0, flipHoriz=False, flipVert=False, font='FreeMono', fontFiles=[], height=0.25, italic=False, name='stim ᛇ', opacity=1.0, ori=0.0, pos=array([0., 0.]), rgb=array([1., 1., 1.]), text='ᛇ', units='height', win=Window(...), wrapWidth=1)
41.5848 	EXP 	Created stim ᚣ = TextStim(__class__=<class 'psychopy.visual.text.TextStim'>, alignHoriz='center', alignVert='center', antialias=True, autoLog=True, bold=False, color=array([1., 1., 1.]), colorSpace='rgb', contrast=1.0, depth=0, flipHoriz=False, flipVert=False, font='FreeMono', fontFiles=[], height=0.25, italic=False, name='stim ᚣ', opacity=1.0, ori=0.0, pos=array([0., 0.]), rgb=array([1., 1., 1.]), text='ᚣ', units='height', win=Window(...), wrapWidth=1)
41.5927 	EXP 	Created stim ᚳ = TextStim(__class__=<class 'psychopy.visual.text.TextStim'>, alignHoriz='center', alignVert='center', antialias=True, autoLog=True, bold=False, color=array([1., 1., 1.]), colorSpace='rgb', contrast=1.0, depth=0, flipHoriz=False, flipVert=False, font='FreeMono', fontFiles=[], height=0.25, italic=False, name='stim ᚳ', opacity=1.0, ori=0.0, pos=array([0., 0.]), rgb=array([1., 1., 1.]), text='ᚳ', units='height', win=Window(...), wrapWidth=1)
41.6009 	EXP 	Created stim ᚠ = TextStim(__class__=<class 'psychopy.visual.text.TextStim'>, alignHoriz='center', alignVert='center', antialias=True, autoLog=True, bold=False, color=array([1., 1., 1.]), colorSpace='rgb', contrast=1.0, depth=0, flipHoriz=False, flipVert=False, font='FreeMono', fontFiles=[], height=0.25, italic=False, name='stim ᚠ', opacity=1.0, ori=0.0, pos=array([0., 0.]), rgb=array([1., 1., 1.]), text='ᚠ', units='height', win=Window(...), wrapWidth=1)
41.6088 	EXP 	Created stim ᚢ = TextStim(__class__=<class 'psychopy.visual.text.TextStim'>, alignHoriz='center', alignVert='center', antialias=True, autoLog=True, bold=False, color=array([1., 1., 1.]), colorSpace='rgb', contrast=1.0, depth=0, flipHoriz=False, flipVert=False, font='FreeMono', fontFiles=[], height=0.25, italic=False, name='stim ᚢ', opacity=1.0, ori=0.0, pos=array([0., 0.]), rgb=array([1., 1., 1.]), text='ᚢ', units='height', win=Window(...), wrapWidth=1)
41.6164 	EXP 	Created stim ᚬ = TextStim(__class__=<class 'psychopy.visual.text.TextStim'>, alignHoriz='center', alignVert='center', antialias=True, autoLog=True, bold=False, color=array([1., 1., 1.]), colorSpace='rgb', contrast=1.0, depth=0, flipHoriz=False, flipVert=False, font='FreeMono', fontFiles=[], height=0.25, italic=False, name='stim ᚬ', opacity=1.0, ori=0.0, pos=array([0., 0.]), rgb=array([1., 1., 1.]), text='ᚬ', units='height', win=Window(...), wrapWidth=1)
41.6244 	EXP 	Created stim ᚻ = TextStim(__class__=<class 'psychopy.visual.text.TextStim'>, alignHoriz='center', alignVert='center', antialias=True, autoLog=True, bold=False, color=array([1., 1., 1.]), colorSpace='rgb', contrast=1.0, depth=0, flipHoriz=False, flipVert=False, font='FreeMono', fontFiles=[], height=0.25, italic=False, name='stim ᚻ', opacity=1.0, ori=0.0, pos=array([0., 0.]), rgb=array([1., 1., 1.]), text='ᚻ', units='height', win=Window(...), wrapWidth=1)
41.7054 	EXP 	<method-wrapper '__getattribute__' of attributeSetter object at 0x000001C545D33048>: vertices = array([[-0.3,  0.3],
       [ 0.3,  0.3],
       [ 0.3, -0.3],
       [-0.3, -0.3]])
41.7250 	EXP 	Created pause_text = TextStim(__class__=<class 'psychopy.visual.text.TextStim'>, alignHoriz='center', alignVert='center', antialias=True, autoLog=True, bold=False, color=array([1., 1., 1.]), colorSpace='rgb', contrast=1.0, depth=0, flipHoriz=False, flipVert=False, font='', fontFiles=[], height=0.1, italic=False, name='pause_text', opacity=1.0, ori=0.0, pos=array([0. , 0.8]), rgb=array([1., 1., 1.]), text='Take a break!', units='norm', win=Window(...), wrapWidth=1)
41.7334 	EXP 	Created pause_text = TextStim(__class__=<class 'psychopy.visual.text.TextStim'>, alignHoriz='center', alignVert='center', antialias=True, autoLog=True, bold=False, color=array([1., 1., 1.]), colorSpace='rgb', contrast=1.0, depth=0, flipHoriz=False, flipVert=False, font='', fontFiles=[], height=0.1, italic=False, name='pause_text', opacity=1.0, ori=0.0, pos=array([0. , 0.7]), rgb=array([1., 1., 1.]), text='Press ten times to continue.', units='norm', win=Window(...), wrapWidth=1)
44.7046 	WARNING 	t of last frame was 741.13ms (=1/1)
45.1796 	INFO 	Trial 0 start: 45.162979
45.1797 	EXP 	Drew image 0 at 0.000000
45.1796 	EXP 	stim ᚦ: autoDraw = True
45.9125 	EXP 	stim ᚦ: color = [-1, 1, -1]
46.2146 	EXP 	stim ᚦ: autoDraw = False
46.2146 	EXP 	stim ᚦ: color = [1, 1, 1]
46.7454 	INFO 	Trial 1 start: 46.728752
46.7454 	EXP 	Drew image 8 at 0.000000
46.7454 	EXP 	stim ᚬ: autoDraw = True
47.4618 	EXP 	stim ᚬ: color = [-1, 1, -1]
47.7615 	EXP 	stim ᚬ: autoDraw = False
47.7615 	EXP 	stim ᚬ: color = [1, 1, 1]
48.2947 	INFO 	Trial 2 start: 48.277904
48.2948 	EXP 	Drew image 8 at 0.000000
48.2947 	EXP 	stim ᚬ: autoDraw = True
48.8110 	EXP 	stim ᚬ: color = [-1, 1, -1]
49.1109 	EXP 	stim ᚬ: autoDraw = False
49.1109 	EXP 	stim ᚬ: color = [1, 1, 1]
49.6439 	INFO 	Trial 3 start: 49.627212
49.6440 	EXP 	Drew image 6 at 0.000000
49.6439 	EXP 	stim ᚠ: autoDraw = True
50.2603 	EXP 	stim ᚠ: color = [-1, 1, -1]
50.5602 	EXP 	stim ᚠ: autoDraw = False
50.5602 	EXP 	stim ᚠ: color = [1, 1, 1]
51.0932 	INFO 	Trial 4 start: 51.076461
51.0932 	EXP 	Drew image 5 at 0.000000
51.0931 	EXP 	stim ᚳ: autoDraw = True
51.7427 	EXP 	stim ᚳ: color = [-1, 1, -1]
52.0425 	EXP 	stim ᚳ: autoDraw = False
52.0425 	EXP 	stim ᚳ: color = [1, 1, 1]
52.5590 	INFO 	Trial 5 start: 52.542695
52.5590 	EXP 	Drew image 9 at 0.000000
52.5590 	EXP 	stim ᚻ: autoDraw = True
53.1586 	EXP 	stim ᚻ: color = [-1, 1, -1]
53.4584 	EXP 	stim ᚻ: autoDraw = False
53.4584 	EXP 	stim ᚻ: color = [1, 1, 1]
53.9915 	INFO 	Trial 6 start: 53.974789
53.9915 	EXP 	Drew image 1 at 0.000000
53.9914 	EXP 	stim ᚼ: autoDraw = True
54.7078 	EXP 	stim ᚼ: color = [-1, 1, -1]
55.0078 	EXP 	stim ᚼ: autoDraw = False
55.0078 	EXP 	stim ᚼ: color = [1, 1, 1]
55.5408 	INFO 	Trial 7 start: 55.523981
55.5408 	EXP 	Drew image 4 at 0.000000
55.5407 	EXP 	stim ᚣ: autoDraw = True
56.3236 	EXP 	stim ᚣ: color = [-1, 1, -1]
56.6236 	EXP 	stim ᚣ: autoDraw = False
56.6236 	EXP 	stim ᚣ: color = [1, 1, 1]
57.1566 	INFO 	Trial 8 start: 57.139796
57.1566 	EXP 	Drew image 4 at 0.000000
57.1565 	EXP 	stim ᚣ: autoDraw = True
57.6728 	EXP 	stim ᚣ: color = [-1, 1, -1]
57.9727 	EXP 	stim ᚣ: autoDraw = False
57.9727 	EXP 	stim ᚣ: color = [1, 1, 1]
58.5058 	INFO 	Trial 9 start: 58.489184
58.5058 	EXP 	Drew image 2 at 0.000000
58.5058 	EXP 	stim ᛋ: autoDraw = True
59.1555 	EXP 	stim ᛋ: color = [-1, 1, -1]
59.4554 	EXP 	stim ᛋ: autoDraw = False
59.4554 	EXP 	stim ᛋ: color = [1, 1, 1]
59.9884 	INFO 	Trial 10 start: 59.971643
59.9884 	EXP 	Drew image 7 at 0.000000
59.9883 	EXP 	stim ᚢ: autoDraw = True
60.5880 	EXP 	stim ᚢ: color = [-1, 1, -1]
60.8878 	EXP 	stim ᚢ: autoDraw = False
60.8878 	EXP 	stim ᚢ: color = [1, 1, 1]
61.4043 	INFO 	Trial 11 start: 61.387755
61.4043 	EXP 	Drew image 4 at 0.000000
61.4043 	EXP 	stim ᚣ: autoDraw = True
62.1037 	EXP 	stim ᚣ: color = [1, -1, -1]
63.1033 	EXP 	stim ᚣ: color = [1, 1, 1]
63.4197 	EXP 	stim ᚣ: color = [-1, 1, -1]
63.7197 	EXP 	stim ᚣ: autoDraw = False
63.7197 	EXP 	stim ᚣ: color = [1, 1, 1]
64.2527 	INFO 	Trial 12 start: 64.235910
64.2527 	EXP 	Drew image 0 at 0.000000
64.2526 	EXP 	stim ᚦ: autoDraw = True
64.8024 	EXP 	stim ᚦ: color = [-1, 1, -1]
65.1022 	EXP 	stim ᚦ: autoDraw = False
65.1022 	EXP 	stim ᚦ: color = [1, 1, 1]
65.6353 	INFO 	Trial 13 start: 65.618614
65.6353 	EXP 	Drew image 3 at 0.000000
65.6352 	EXP 	stim ᛇ: autoDraw = True
66.2516 	EXP 	stim ᛇ: color = [-1, 1, -1]
66.5514 	EXP 	stim ᛇ: autoDraw = False
66.5514 	EXP 	stim ᛇ: color = [1, 1, 1]
67.0845 	INFO 	Trial 14 start: 67.067930
67.0846 	EXP 	Drew image 4 at 0.000000
67.0845 	EXP 	stim ᚣ: autoDraw = True
67.6509 	EXP 	stim ᚣ: color = [-1, 1, -1]
67.9506 	EXP 	stim ᚣ: autoDraw = False
67.9506 	EXP 	stim ᚣ: color = [1, 1, 1]
68.4841 	INFO 	Trial 15 start: 68.467057
68.4841 	EXP 	Drew image 9 at 0.000000
68.4841 	EXP 	stim ᚻ: autoDraw = True
69.0335 	EXP 	stim ᚻ: color = [-1, 1, -1]
69.3334 	EXP 	stim ᚻ: autoDraw = False
69.3334 	EXP 	stim ᚻ: color = [1, 1, 1]
69.8664 	INFO 	Trial 16 start: 69.849635
69.8664 	EXP 	Drew image 5 at 0.000000
69.8663 	EXP 	stim ᚳ: autoDraw = True
70.4160 	EXP 	stim ᚳ: color = [-1, 1, -1]
70.7159 	EXP 	stim ᚳ: autoDraw = False
70.7159 	EXP 	stim ᚳ: color = [1, 1, 1]
71.2490 	INFO 	Trial 17 start: 71.232224
71.2490 	EXP 	Drew image 3 at 0.000000
71.2489 	EXP 	stim ᛇ: autoDraw = True
71.9319 	EXP 	stim ᛇ: color = [-1, 1, -1]
72.2317 	EXP 	stim ᛇ: autoDraw = False
72.2317 	EXP 	stim ᛇ: color = [1, 1, 1]
72.7648 	INFO 	Trial 18 start: 72.748100
72.7648 	EXP 	Drew image 5 at 0.000000
72.7647 	EXP 	stim ᚳ: autoDraw = True
73.3977 	EXP 	stim ᚳ: color = [-1, 1, -1]
73.6975 	EXP 	stim ᚳ: autoDraw = False
73.6975 	EXP 	stim ᚳ: color = [1, 1, 1]
74.2306 	INFO 	Trial 19 start: 74.214351
74.2306 	EXP 	Drew image 2 at 0.000000
74.2306 	EXP 	stim ᛋ: autoDraw = True
74.8301 	EXP 	stim ᛋ: color = [-1, 1, -1]
75.1301 	EXP 	stim ᛋ: autoDraw = False
75.1301 	EXP 	stim ᛋ: color = [1, 1, 1]
75.6633 	INFO 	Trial 20 start: 75.646492
75.6633 	EXP 	Drew image 9 at 0.000000
75.6632 	EXP 	stim ᚻ: autoDraw = True
76.2295 	EXP 	stim ᚻ: color = [-1, 1, -1]
76.5294 	EXP 	stim ᚻ: autoDraw = False
76.5294 	EXP 	stim ᚻ: color = [1, 1, 1]
77.0624 	INFO 	Trial 21 start: 77.045760
77.0625 	EXP 	Drew image 2 at 0.000000
77.0624 	EXP 	stim ᛋ: autoDraw = True
77.6288 	EXP 	stim ᛋ: color = [-1, 1, -1]
77.9288 	EXP 	stim ᛋ: autoDraw = False
77.9288 	EXP 	stim ᛋ: color = [1, 1, 1]
78.4616 	INFO 	Trial 22 start: 78.444929
78.4617 	EXP 	Drew image 3 at 0.000000
78.4616 	EXP 	stim ᛇ: autoDraw = True
79.0281 	EXP 	stim ᛇ: color = [-1, 1, -1]
79.3279 	EXP 	stim ᛇ: autoDraw = False
79.3279 	EXP 	stim ᛇ: color = [1, 1, 1]
79.8609 	INFO 	Trial 23 start: 79.844332
79.8610 	EXP 	Drew image 0 at 0.000000
79.8609 	EXP 	stim ᚦ: autoDraw = True
80.4107 	EXP 	stim ᚦ: color = [-1, 1, -1]
80.7104 	EXP 	stim ᚦ: autoDraw = False
80.7104 	EXP 	stim ᚦ: color = [1, 1, 1]
81.2434 	INFO 	Trial 24 start: 81.226781
81.2435 	EXP 	Drew image 1 at 0.000000
81.2434 	EXP 	stim ᚼ: autoDraw = True
81.7600 	EXP 	stim ᚼ: color = [-1, 1, -1]
82.0598 	EXP 	stim ᚼ: autoDraw = False
82.0598 	EXP 	stim ᚼ: color = [1, 1, 1]
82.5928 	INFO 	Trial 25 start: 82.576036
82.5928 	EXP 	Drew image 6 at 0.000000
82.5927 	EXP 	stim ᚠ: autoDraw = True
83.1258 	EXP 	stim ᚠ: color = [-1, 1, -1]
83.4295 	WARNING 	t of last frame was 20.64ms (=1/48)
83.4295 	EXP 	stim ᚠ: autoDraw = False
83.4295 	EXP 	stim ᚠ: color = [1, 1, 1]
83.9587 	INFO 	Trial 26 start: 83.941964
83.9587 	EXP 	Drew image 7 at 0.000000
83.9587 	EXP 	stim ᚢ: autoDraw = True
84.4917 	EXP 	stim ᚢ: color = [-1, 1, -1]
84.7916 	EXP 	stim ᚢ: autoDraw = False
84.7916 	EXP 	stim ᚢ: color = [1, 1, 1]
85.3246 	INFO 	Trial 27 start: 85.307939
85.3246 	EXP 	Drew image 5 at 0.000000
85.3245 	EXP 	stim ᚳ: autoDraw = True
85.8743 	EXP 	stim ᚳ: color = [-1, 1, -1]
86.1741 	EXP 	stim ᚳ: autoDraw = False
86.1741 	EXP 	stim ᚳ: color = [1, 1, 1]
86.7072 	INFO 	Trial 28 start: 86.690505
86.7072 	EXP 	Drew image 8 at 0.000000
86.7071 	EXP 	stim ᚬ: autoDraw = True
87.2403 	EXP 	stim ᚬ: color = [-1, 1, -1]
87.6381 	WARNING 	t of last frame was 114.66ms (=1/8)
87.6381 	EXP 	stim ᚬ: autoDraw = False
87.6381 	EXP 	stim ᚬ: color = [1, 1, 1]
88.0731 	INFO 	Trial 29 start: 88.056412
88.0732 	EXP 	Drew image 2 at 0.000000
88.0731 	EXP 	stim ᛋ: autoDraw = True
88.6062 	EXP 	stim ᛋ: color = [-1, 1, -1]
88.9060 	EXP 	stim ᛋ: autoDraw = False
88.9060 	EXP 	stim ᛋ: color = [1, 1, 1]
89.4391 	INFO 	Trial 30 start: 89.422468
89.4391 	EXP 	Drew image 0 at 0.000000
89.4391 	EXP 	stim ᚦ: autoDraw = True
89.9388 	EXP 	stim ᚦ: color = [1, -1, -1]
90.9383 	EXP 	stim ᚦ: color = [1, 1, 1]
91.0548 	EXP 	stim ᚦ: color = [-1, 1, -1]
91.3548 	EXP 	stim ᚦ: autoDraw = False
91.3548 	EXP 	stim ᚦ: color = [1, 1, 1]
91.8877 	INFO 	Trial 31 start: 91.871014
91.8877 	EXP 	Drew image 8 at 0.000000
91.8877 	EXP 	stim ᚬ: autoDraw = True
92.4376 	EXP 	stim ᚬ: color = [-1, 1, -1]
92.7373 	EXP 	stim ᚬ: autoDraw = False
92.7373 	EXP 	stim ᚬ: color = [1, 1, 1]
93.2703 	INFO 	Trial 32 start: 93.253639
93.2703 	EXP 	Drew image 8 at 0.000000
93.2703 	EXP 	stim ᚬ: autoDraw = True
93.9033 	EXP 	stim ᚬ: color = [-1, 1, -1]
94.2033 	EXP 	stim ᚬ: autoDraw = False
94.2033 	EXP 	stim ᚬ: color = [1, 1, 1]
94.7362 	INFO 	Trial 33 start: 94.719442
94.7362 	EXP 	Drew image 9 at 0.000000
94.7362 	EXP 	stim ᚻ: autoDraw = True
95.3359 	EXP 	stim ᚻ: color = [-1, 1, -1]
95.6358 	EXP 	stim ᚻ: autoDraw = False
95.6358 	EXP 	stim ᚻ: color = [1, 1, 1]
96.1689 	INFO 	Trial 34 start: 96.152199
96.1689 	EXP 	Drew image 6 at 0.000000
96.1688 	EXP 	stim ᚠ: autoDraw = True
96.7352 	EXP 	stim ᚠ: color = [-1, 1, -1]
97.0351 	EXP 	stim ᚠ: autoDraw = False
97.0351 	EXP 	stim ᚠ: color = [1, 1, 1]
97.5680 	INFO 	Trial 35 start: 97.551348
97.5681 	EXP 	Drew image 6 at 0.000000
97.5680 	EXP 	stim ᚠ: autoDraw = True
98.1011 	EXP 	stim ᚠ: color = [-1, 1, -1]
98.4009 	EXP 	stim ᚠ: autoDraw = False
98.4009 	EXP 	stim ᚠ: color = [1, 1, 1]
98.9340 	INFO 	Trial 36 start: 98.917323
98.9340 	EXP 	Drew image 7 at 0.000000
98.9339 	EXP 	stim ᚢ: autoDraw = True
99.4837 	EXP 	stim ᚢ: color = [-1, 1, -1]
99.7836 	EXP 	stim ᚢ: autoDraw = False
99.7836 	EXP 	stim ᚢ: color = [1, 1, 1]
100.3166 	INFO 	Trial 37 start: 100.299911
100.3167 	EXP 	Drew image 7 at 0.000000
100.3166 	EXP 	stim ᚢ: autoDraw = True
100.7663 	EXP 	stim ᚢ: color = [-1, 1, -1]
101.0662 	EXP 	stim ᚢ: autoDraw = False
101.0662 	EXP 	stim ᚢ: color = [1, 1, 1]
101.5992 	INFO 	Trial 38 start: 101.582498
101.5993 	EXP 	Drew image 1 at 0.000000
101.5992 	EXP 	stim ᚼ: autoDraw = True
102.1656 	EXP 	stim ᚼ: color = [-1, 1, -1]
102.4655 	EXP 	stim ᚼ: autoDraw = False
102.4655 	EXP 	stim ᚼ: color = [1, 1, 1]
102.9984 	INFO 	Trial 39 start: 102.981714
102.9984 	EXP 	Drew image 0 at 0.000000
102.9983 	EXP 	stim ᚦ: autoDraw = True
103.5647 	EXP 	stim ᚦ: color = [-1, 1, -1]
103.8647 	EXP 	stim ᚦ: autoDraw = False
103.8647 	EXP 	stim ᚦ: color = [1, 1, 1]
104.3977 	INFO 	Trial 40 start: 104.381003
104.3977 	EXP 	Drew image 5 at 0.000000
104.3976 	EXP 	stim ᚳ: autoDraw = True
104.9472 	EXP 	stim ᚳ: color = [-1, 1, -1]
105.2663 	WARNING 	t of last frame was 35.84ms (=1/27)
105.2663 	EXP 	stim ᚳ: autoDraw = False
105.2663 	EXP 	stim ᚳ: color = [1, 1, 1]
105.7804 	INFO 	Trial 41 start: 105.763611
105.7804 	EXP 	Drew image 7 at 0.000000
105.7803 	EXP 	stim ᚢ: autoDraw = True
106.2467 	EXP 	stim ᚢ: color = [-1, 1, -1]
106.5466 	EXP 	stim ᚢ: autoDraw = False
106.5466 	EXP 	stim ᚢ: color = [1, 1, 1]
107.0795 	INFO 	Trial 42 start: 107.062836
107.0796 	EXP 	Drew image 9 at 0.000000
107.0795 	EXP 	stim ᚻ: autoDraw = True
107.6459 	EXP 	stim ᚻ: color = [-1, 1, -1]
107.9458 	EXP 	stim ᚻ: autoDraw = False
107.9458 	EXP 	stim ᚻ: color = [1, 1, 1]
108.4788 	INFO 	Trial 43 start: 108.462182
108.4789 	EXP 	Drew image 2 at 0.000000
108.4788 	EXP 	stim ᛋ: autoDraw = True
109.0452 	EXP 	stim ᛋ: color = [-1, 1, -1]
109.3451 	EXP 	stim ᛋ: autoDraw = False
109.3451 	EXP 	stim ᛋ: color = [1, 1, 1]
109.8614 	INFO 	Trial 44 start: 109.844740
109.8615 	EXP 	Drew image 1 at 0.000000
109.8614 	EXP 	stim ᚼ: autoDraw = True
110.4112 	EXP 	stim ᚼ: color = [-1, 1, -1]
110.7110 	EXP 	stim ᚼ: autoDraw = False
110.7110 	EXP 	stim ᚼ: color = [1, 1, 1]
111.2440 	INFO 	Trial 45 start: 111.227318
111.2440 	EXP 	Drew image 1 at 0.000000
111.2440 	EXP 	stim ᚼ: autoDraw = True
111.7270 	EXP 	stim ᚼ: color = [-1, 1, -1]
112.0270 	EXP 	stim ᚼ: autoDraw = False
112.0270 	EXP 	stim ᚼ: color = [1, 1, 1]
112.5599 	INFO 	Trial 46 start: 112.543232
112.5599 	EXP 	Drew image 4 at 0.000000
112.5599 	EXP 	stim ᚣ: autoDraw = True
113.1929 	EXP 	stim ᚣ: color = [-1, 1, -1]
113.4927 	EXP 	stim ᚣ: autoDraw = False
113.4927 	EXP 	stim ᚣ: color = [1, 1, 1]
114.0258 	INFO 	Trial 47 start: 114.009577
114.0258 	EXP 	Drew image 3 at 0.000000
114.0258 	EXP 	stim ᛇ: autoDraw = True
114.6256 	EXP 	stim ᛇ: color = [-1, 1, -1]
114.9256 	EXP 	stim ᛇ: autoDraw = False
114.9256 	EXP 	stim ᛇ: color = [1, 1, 1]
115.4584 	INFO 	Trial 48 start: 115.441629
115.4584 	EXP 	Drew image 6 at 0.000000
115.4583 	EXP 	stim ᚠ: autoDraw = True
116.0246 	EXP 	stim ᚠ: color = [-1, 1, -1]
116.3247 	EXP 	stim ᚠ: autoDraw = False
116.3247 	EXP 	stim ᚠ: color = [1, 1, 1]
116.8576 	INFO 	Trial 49 start: 116.840865
116.8576 	EXP 	Drew image 3 at 0.000000
116.8575 	EXP 	stim ᛇ: autoDraw = True
117.4573 	EXP 	stim ᛇ: color = [-1, 1, -1]
117.7572 	EXP 	stim ᛇ: autoDraw = False
117.7572 	EXP 	stim ᛇ: color = [1, 1, 1]
117.8269 	EXP 	window1: mouseVisible = True
