0.0727 	INFO 	Loaded SoundDevice with PortAudio V19.6.0-devel, revision 396fe4b6699ae929d3a685b3ef8a7e97396139a4
0.0728 	INFO 	sound is using audioLib: sounddevice
0.4567 	INFO 	Loaded monitor calibration from ['2018_01_10 10:27']
14.8240 	WARNING 	Monitor specification not found. Creating a temporary one...
14.8256 	WARNING 	Requested an unavailable screen number - using first available.
14.8260 	WARNING 	User requested fullscreen with size [800 800], but screen is actually [1680, 1050]. Using actual size
15.4910 	EXP 	Created window1 = Window(allowGUI=False, allowStencil=False, args=UNKNOWN, autoLog=True, bitsMode=UNKNOWN, blendMode='avg', color=array([-1., -1., -1.]), colorSpace='rgb', fullscr=UNKNOWN, gamma=None, kwargs=UNKNOWN, lms=UNKNOWN, monitor=<psychopy.monitors.calibTools.Monitor object at 0x000001D83435F5F8>, multiSample=False, name='window1', numSamples=2, pos=(0, 0), screen=1, size=array([1680, 1050]), stereo=False, units='height', useFBO=False, useRetina=False, viewOri=0.0, viewPos=None, viewScale=None, waitBlanking=True, winType='pyglet')
15.4911 	EXP 	window1: recordFrameIntervals = True
15.5941 	EXP 	Created stim ᚦ = TextStim(__class__=<class 'psychopy.visual.text.TextStim'>, alignHoriz='center', alignVert='center', antialias=True, autoLog=True, bold=False, color=array([1., 1., 1.]), colorSpace='rgb', contrast=1.0, depth=0, flipHoriz=False, flipVert=False, font='FreeMono', fontFiles=[], height=0.25, italic=False, name='stim ᚦ', opacity=1.0, ori=0.0, pos=array([0., 0.]), rgb=array([1., 1., 1.]), text='ᚦ', units='height', win=Window(...), wrapWidth=1)
15.6018 	EXP 	Created stim ᚼ = TextStim(__class__=<class 'psychopy.visual.text.TextStim'>, alignHoriz='center', alignVert='center', antialias=True, autoLog=True, bold=False, color=array([1., 1., 1.]), colorSpace='rgb', contrast=1.0, depth=0, flipHoriz=False, flipVert=False, font='FreeMono', fontFiles=[], height=0.25, italic=False, name='stim ᚼ', opacity=1.0, ori=0.0, pos=array([0., 0.]), rgb=array([1., 1., 1.]), text='ᚼ', units='height', win=Window(...), wrapWidth=1)
15.6103 	EXP 	Created stim ᛋ = TextStim(__class__=<class 'psychopy.visual.text.TextStim'>, alignHoriz='center', alignVert='center', antialias=True, autoLog=True, bold=False, color=array([1., 1., 1.]), colorSpace='rgb', contrast=1.0, depth=0, flipHoriz=False, flipVert=False, font='FreeMono', fontFiles=[], height=0.25, italic=False, name='stim ᛋ', opacity=1.0, ori=0.0, pos=array([0., 0.]), rgb=array([1., 1., 1.]), text='ᛋ', units='height', win=Window(...), wrapWidth=1)
15.6184 	EXP 	Created stim ᛇ = TextStim(__class__=<class 'psychopy.visual.text.TextStim'>, alignHoriz='center', alignVert='center', antialias=True, autoLog=True, bold=False, color=array([1., 1., 1.]), colorSpace='rgb', contrast=1.0, depth=0, flipHoriz=False, flipVert=False, font='FreeMono', fontFiles=[], height=0.25, italic=False, name='stim ᛇ', opacity=1.0, ori=0.0, pos=array([0., 0.]), rgb=array([1., 1., 1.]), text='ᛇ', units='height', win=Window(...), wrapWidth=1)
15.6270 	EXP 	Created stim ᚣ = TextStim(__class__=<class 'psychopy.visual.text.TextStim'>, alignHoriz='center', alignVert='center', antialias=True, autoLog=True, bold=False, color=array([1., 1., 1.]), colorSpace='rgb', contrast=1.0, depth=0, flipHoriz=False, flipVert=False, font='FreeMono', fontFiles=[], height=0.25, italic=False, name='stim ᚣ', opacity=1.0, ori=0.0, pos=array([0., 0.]), rgb=array([1., 1., 1.]), text='ᚣ', units='height', win=Window(...), wrapWidth=1)
15.6355 	EXP 	Created stim ᚳ = TextStim(__class__=<class 'psychopy.visual.text.TextStim'>, alignHoriz='center', alignVert='center', antialias=True, autoLog=True, bold=False, color=array([1., 1., 1.]), colorSpace='rgb', contrast=1.0, depth=0, flipHoriz=False, flipVert=False, font='FreeMono', fontFiles=[], height=0.25, italic=False, name='stim ᚳ', opacity=1.0, ori=0.0, pos=array([0., 0.]), rgb=array([1., 1., 1.]), text='ᚳ', units='height', win=Window(...), wrapWidth=1)
15.6437 	EXP 	Created stim ᚠ = TextStim(__class__=<class 'psychopy.visual.text.TextStim'>, alignHoriz='center', alignVert='center', antialias=True, autoLog=True, bold=False, color=array([1., 1., 1.]), colorSpace='rgb', contrast=1.0, depth=0, flipHoriz=False, flipVert=False, font='FreeMono', fontFiles=[], height=0.25, italic=False, name='stim ᚠ', opacity=1.0, ori=0.0, pos=array([0., 0.]), rgb=array([1., 1., 1.]), text='ᚠ', units='height', win=Window(...), wrapWidth=1)
15.6522 	EXP 	Created stim ᚢ = TextStim(__class__=<class 'psychopy.visual.text.TextStim'>, alignHoriz='center', alignVert='center', antialias=True, autoLog=True, bold=False, color=array([1., 1., 1.]), colorSpace='rgb', contrast=1.0, depth=0, flipHoriz=False, flipVert=False, font='FreeMono', fontFiles=[], height=0.25, italic=False, name='stim ᚢ', opacity=1.0, ori=0.0, pos=array([0., 0.]), rgb=array([1., 1., 1.]), text='ᚢ', units='height', win=Window(...), wrapWidth=1)
15.6605 	EXP 	Created stim ᚬ = TextStim(__class__=<class 'psychopy.visual.text.TextStim'>, alignHoriz='center', alignVert='center', antialias=True, autoLog=True, bold=False, color=array([1., 1., 1.]), colorSpace='rgb', contrast=1.0, depth=0, flipHoriz=False, flipVert=False, font='FreeMono', fontFiles=[], height=0.25, italic=False, name='stim ᚬ', opacity=1.0, ori=0.0, pos=array([0., 0.]), rgb=array([1., 1., 1.]), text='ᚬ', units='height', win=Window(...), wrapWidth=1)
15.6691 	EXP 	Created stim ᚻ = TextStim(__class__=<class 'psychopy.visual.text.TextStim'>, alignHoriz='center', alignVert='center', antialias=True, autoLog=True, bold=False, color=array([1., 1., 1.]), colorSpace='rgb', contrast=1.0, depth=0, flipHoriz=False, flipVert=False, font='FreeMono', fontFiles=[], height=0.25, italic=False, name='stim ᚻ', opacity=1.0, ori=0.0, pos=array([0., 0.]), rgb=array([1., 1., 1.]), text='ᚻ', units='height', win=Window(...), wrapWidth=1)
15.6708 	EXP 	<method-wrapper '__getattribute__' of attributeSetter object at 0x000001D7AC4C4048>: vertices = array([[-0.3,  0.3],
       [ 0.3,  0.3],
       [ 0.3, -0.3],
       [-0.3, -0.3]])
15.6908 	EXP 	Created pause_text = TextStim(__class__=<class 'psychopy.visual.text.TextStim'>, alignHoriz='center', alignVert='center', antialias=True, autoLog=True, bold=False, color=array([1., 1., 1.]), colorSpace='rgb', contrast=1.0, depth=0, flipHoriz=False, flipVert=False, font='', fontFiles=[], height=0.1, italic=False, name='pause_text', opacity=1.0, ori=0.0, pos=array([0. , 0.8]), rgb=array([1., 1., 1.]), text='Take a break!', units='norm', win=Window(...), wrapWidth=1)
15.6989 	EXP 	Created pause_text = TextStim(__class__=<class 'psychopy.visual.text.TextStim'>, alignHoriz='center', alignVert='center', antialias=True, autoLog=True, bold=False, color=array([1., 1., 1.]), colorSpace='rgb', contrast=1.0, depth=0, flipHoriz=False, flipVert=False, font='', fontFiles=[], height=0.1, italic=False, name='pause_text', opacity=1.0, ori=0.0, pos=array([0. , 0.7]), rgb=array([1., 1., 1.]), text='Press ten times to continue.', units='norm', win=Window(...), wrapWidth=1)
17.6533 	WARNING 	t of last frame was 130.59ms (=1/7)
17.9723 	INFO 	Trial 0 start: 17.955604
17.9723 	EXP 	Drew image 3 at 0.000000
17.9723 	EXP 	stim ᛇ: autoDraw = True
18.8051 	EXP 	stim ᛇ: color = [1, -1, -1]
19.8045 	EXP 	stim ᛇ: color = [1, 1, 1]
21.7036 	EXP 	stim ᛇ: color = [1, -1, -1]
22.7030 	EXP 	stim ᛇ: color = [1, 1, 1]
23.5026 	EXP 	stim ᛇ: color = [1, -1, -1]
24.5021 	EXP 	stim ᛇ: color = [1, 1, 1]
24.9185 	EXP 	stim ᛇ: color = [1, -1, -1]
25.9179 	EXP 	stim ᛇ: color = [1, 1, 1]
27.0506 	EXP 	stim ᛇ: color = [1, -1, -1]
28.0502 	EXP 	stim ᛇ: color = [1, 1, 1]
29.0328 	EXP 	stim ᛇ: color = [-1, 1, -1]
29.3328 	EXP 	stim ᛇ: autoDraw = False
29.3328 	EXP 	stim ᛇ: color = [1, 1, 1]
29.8663 	INFO 	Trial 1 start: 29.849158
29.8663 	EXP 	Drew image 2 at 0.000000
29.8663 	EXP 	stim ᛋ: autoDraw = True
30.6987 	EXP 	stim ᛋ: color = [-1, 1, -1]
30.9986 	EXP 	stim ᛋ: autoDraw = False
30.9986 	EXP 	stim ᛋ: color = [1, 1, 1]
31.5316 	INFO 	Trial 2 start: 31.514983
31.5316 	EXP 	Drew image 3 at 0.000000
31.5316 	EXP 	stim ᛇ: autoDraw = True
32.3311 	EXP 	stim ᛇ: color = [-1, 1, -1]
32.6310 	EXP 	stim ᛇ: autoDraw = False
32.6310 	EXP 	stim ᛇ: color = [1, 1, 1]
33.1640 	INFO 	Trial 3 start: 33.147395
33.1640 	EXP 	Drew image 3 at 0.000000
33.1640 	EXP 	stim ᛇ: autoDraw = True
33.7137 	EXP 	stim ᛇ: color = [-1, 1, -1]
34.0136 	EXP 	stim ᛇ: autoDraw = False
34.0136 	EXP 	stim ᛇ: color = [1, 1, 1]
34.5466 	INFO 	Trial 4 start: 34.530272
34.5466 	EXP 	Drew image 8 at 0.000000
34.5466 	EXP 	stim ᚬ: autoDraw = True
35.2629 	EXP 	stim ᚬ: color = [-1, 1, -1]
35.5628 	EXP 	stim ᚬ: autoDraw = False
35.5628 	EXP 	stim ᚬ: color = [1, 1, 1]
36.0958 	INFO 	Trial 5 start: 36.079057
36.0959 	EXP 	Drew image 6 at 0.000000
36.0958 	EXP 	stim ᚠ: autoDraw = True
36.7621 	EXP 	stim ᚠ: color = [1, -1, -1]
37.7616 	EXP 	stim ᚠ: color = [1, 1, 1]
38.6448 	EXP 	stim ᚠ: color = [1, -1, -1]
39.6438 	EXP 	stim ᚠ: color = [1, 1, 1]
40.3104 	EXP 	stim ᚠ: color = [-1, 1, -1]
40.6101 	EXP 	stim ᚠ: autoDraw = False
40.6101 	EXP 	stim ᚠ: color = [1, 1, 1]
41.1430 	INFO 	Trial 6 start: 41.126384
41.1431 	EXP 	Drew image 6 at 0.000000
41.1430 	EXP 	stim ᚠ: autoDraw = True
42.5590 	EXP 	stim ᚠ: color = [1, -1, -1]
43.5584 	EXP 	stim ᚠ: color = [1, 1, 1]
44.1747 	EXP 	stim ᚠ: color = [1, -1, -1]
45.1742 	EXP 	stim ᚠ: color = [1, 1, 1]
45.5574 	EXP 	stim ᚠ: color = [-1, 1, -1]
45.8572 	EXP 	stim ᚠ: autoDraw = False
45.8572 	EXP 	stim ᚠ: color = [1, 1, 1]
46.3903 	INFO 	Trial 7 start: 46.373663
46.3903 	EXP 	Drew image 1 at 0.000000
46.3903 	EXP 	stim ᚼ: autoDraw = True
47.4230 	EXP 	stim ᚼ: color = [-1, 1, -1]
47.7228 	EXP 	stim ᚼ: autoDraw = False
47.7228 	EXP 	stim ᚼ: color = [1, 1, 1]
48.2559 	INFO 	Trial 8 start: 48.239193
48.2560 	EXP 	Drew image 2 at 0.000000
48.2559 	EXP 	stim ᛋ: autoDraw = True
49.4220 	EXP 	stim ᛋ: color = [-1, 1, -1]
49.7259 	WARNING 	t of last frame was 20.78ms (=1/48)
49.7259 	EXP 	stim ᛋ: autoDraw = False
49.7259 	EXP 	stim ᛋ: color = [1, 1, 1]
50.2548 	INFO 	Trial 9 start: 50.238250
50.2548 	EXP 	Drew image 0 at 0.000000
50.2548 	EXP 	stim ᚦ: autoDraw = True
51.1543 	EXP 	stim ᚦ: color = [-1, 1, -1]
51.4543 	EXP 	stim ᚦ: autoDraw = False
51.4543 	EXP 	stim ᚦ: color = [1, 1, 1]
51.9872 	INFO 	Trial 10 start: 51.970653
51.9873 	EXP 	Drew image 5 at 0.000000
51.9872 	EXP 	stim ᚳ: autoDraw = True
52.7534 	EXP 	stim ᚳ: color = [1, -1, -1]
53.7529 	EXP 	stim ᚳ: color = [1, 1, 1]
54.7856 	EXP 	stim ᚳ: color = [-1, 1, -1]
55.0855 	EXP 	stim ᚳ: autoDraw = False
55.0855 	EXP 	stim ᚳ: color = [1, 1, 1]
55.6186 	INFO 	Trial 11 start: 55.601937
55.6186 	EXP 	Drew image 1 at 0.000000
55.6186 	EXP 	stim ᚼ: autoDraw = True
56.7680 	EXP 	stim ᚼ: color = [-1, 1, -1]
57.0679 	EXP 	stim ᚼ: autoDraw = False
57.0679 	EXP 	stim ᚼ: color = [1, 1, 1]
57.6009 	INFO 	Trial 12 start: 57.584162
57.6009 	EXP 	Drew image 9 at 0.000000
57.6008 	EXP 	stim ᚻ: autoDraw = True
58.4503 	EXP 	stim ᚻ: color = [-1, 1, -1]
58.7503 	EXP 	stim ᚻ: autoDraw = False
58.7503 	EXP 	stim ᚻ: color = [1, 1, 1]
59.2833 	INFO 	Trial 13 start: 59.266648
59.2834 	EXP 	Drew image 5 at 0.000000
59.2833 	EXP 	stim ᚳ: autoDraw = True
60.3993 	EXP 	stim ᚳ: color = [1, -1, -1]
61.3988 	EXP 	stim ᚳ: color = [1, 1, 1]
61.8486 	EXP 	stim ᚳ: color = [1, -1, -1]
62.8481 	EXP 	stim ᚳ: color = [1, 1, 1]
63.3977 	EXP 	stim ᚳ: color = [1, -1, -1]
64.3971 	EXP 	stim ᚳ: color = [1, 1, 1]
65.5300 	EXP 	stim ᚳ: color = [-1, 1, -1]
65.8299 	EXP 	stim ᚳ: autoDraw = False
65.8299 	EXP 	stim ᚳ: color = [1, 1, 1]
66.3627 	INFO 	Trial 14 start: 66.346086
66.3628 	EXP 	Drew image 6 at 0.000000
66.3627 	EXP 	stim ᚠ: autoDraw = True
67.3955 	EXP 	stim ᚠ: color = [1, -1, -1]
68.3950 	EXP 	stim ᚠ: color = [1, 1, 1]
68.7115 	EXP 	stim ᚠ: color = [1, -1, -1]
69.7110 	EXP 	stim ᚠ: color = [1, 1, 1]
70.0443 	EXP 	stim ᚠ: color = [1, -1, -1]
71.0436 	EXP 	stim ᚠ: color = [1, 1, 1]
71.3601 	EXP 	stim ᚠ: color = [1, -1, -1]
72.3595 	EXP 	stim ᚠ: color = [1, 1, 1]
72.6760 	EXP 	stim ᚠ: color = [1, -1, -1]
73.6755 	EXP 	stim ᚠ: color = [1, 1, 1]
74.0087 	EXP 	stim ᚠ: color = [1, -1, -1]
75.0081 	EXP 	stim ᚠ: color = [1, 1, 1]
75.4416 	EXP 	stim ᚠ: color = [1, -1, -1]
76.4407 	EXP 	stim ᚠ: color = [1, 1, 1]
76.8071 	EXP 	stim ᚠ: color = [-1, 1, -1]
77.1071 	EXP 	stim ᚠ: autoDraw = False
77.1071 	EXP 	stim ᚠ: color = [1, 1, 1]
77.6400 	INFO 	Trial 15 start: 77.623326
77.6401 	EXP 	Drew image 1 at 0.000000
77.6400 	EXP 	stim ᚼ: autoDraw = True
79.0060 	EXP 	stim ᚼ: color = [-1, 1, -1]
79.3058 	EXP 	stim ᚼ: autoDraw = False
79.3058 	EXP 	stim ᚼ: color = [1, 1, 1]
79.8389 	INFO 	Trial 16 start: 79.822171
79.8389 	EXP 	Drew image 4 at 0.000000
79.8389 	EXP 	stim ᚣ: autoDraw = True
81.2881 	EXP 	stim ᚣ: color = [1, -1, -1]
82.2875 	EXP 	stim ᚣ: color = [1, 1, 1]
82.6206 	EXP 	stim ᚣ: color = [1, -1, -1]
83.6201 	EXP 	stim ᚣ: color = [1, 1, 1]
84.1033 	EXP 	stim ᚣ: color = [1, -1, -1]
85.1027 	EXP 	stim ᚣ: color = [1, 1, 1]
85.5692 	EXP 	stim ᚣ: color = [-1, 1, -1]
85.8691 	EXP 	stim ᚣ: autoDraw = False
85.8691 	EXP 	stim ᚣ: color = [1, 1, 1]
86.4020 	INFO 	Trial 17 start: 86.385267
86.4020 	EXP 	Drew image 5 at 0.000000
86.4020 	EXP 	stim ᚳ: autoDraw = True
87.6013 	EXP 	stim ᚳ: color = [1, -1, -1]
88.6008 	EXP 	stim ᚳ: color = [1, 1, 1]
89.6501 	EXP 	stim ᚳ: color = [1, -1, -1]
90.6497 	EXP 	stim ᚳ: color = [1, 1, 1]
91.3326 	EXP 	stim ᚳ: color = [1, -1, -1]
92.3320 	EXP 	stim ᚳ: color = [1, 1, 1]
92.8819 	EXP 	stim ᚳ: color = [1, -1, -1]
93.8813 	EXP 	stim ᚳ: color = [1, 1, 1]
94.8974 	EXP 	stim ᚳ: color = [1, -1, -1]
95.8969 	EXP 	stim ᚳ: color = [1, 1, 1]
96.7131 	EXP 	stim ᚳ: color = [1, -1, -1]
97.7126 	EXP 	stim ᚳ: color = [1, 1, 1]
98.0624 	EXP 	stim ᚳ: color = [-1, 1, -1]
98.3623 	EXP 	stim ᚳ: autoDraw = False
98.3623 	EXP 	stim ᚳ: color = [1, 1, 1]
98.8953 	INFO 	Trial 18 start: 98.878538
98.8953 	EXP 	Drew image 7 at 0.000000
98.8953 	EXP 	stim ᚢ: autoDraw = True
100.3277 	EXP 	stim ᚢ: color = [1, -1, -1]
101.3272 	EXP 	stim ᚢ: color = [1, 1, 1]
102.0601 	EXP 	stim ᚢ: color = [1, -1, -1]
103.0596 	EXP 	stim ᚢ: color = [1, 1, 1]
103.4095 	EXP 	stim ᚢ: color = [1, -1, -1]
104.4089 	EXP 	stim ᚢ: color = [1, 1, 1]
104.8421 	EXP 	stim ᚢ: color = [1, -1, -1]
105.8415 	EXP 	stim ᚢ: color = [1, 1, 1]
106.3079 	EXP 	stim ᚢ: color = [1, -1, -1]
107.3074 	EXP 	stim ᚢ: color = [1, 1, 1]
108.0736 	EXP 	stim ᚢ: color = [1, -1, -1]
109.0731 	EXP 	stim ᚢ: color = [1, 1, 1]
109.4562 	EXP 	stim ᚢ: color = [-1, 1, -1]
109.7560 	EXP 	stim ᚢ: autoDraw = False
109.7560 	EXP 	stim ᚢ: color = [1, 1, 1]
110.2891 	INFO 	Trial 19 start: 110.272456
110.2891 	EXP 	Drew image 4 at 0.000000
110.2891 	EXP 	stim ᚣ: autoDraw = True
112.7544 	EXP 	stim ᚣ: color = [1, -1, -1]
113.7539 	EXP 	stim ᚣ: color = [1, 1, 1]
114.2869 	EXP 	stim ᚣ: color = [1, -1, -1]
115.2863 	EXP 	stim ᚣ: color = [1, 1, 1]
115.7195 	EXP 	stim ᚣ: color = [1, -1, -1]
116.7189 	EXP 	stim ᚣ: color = [1, 1, 1]
117.8517 	EXP 	stim ᚣ: color = [1, -1, -1]
118.8511 	EXP 	stim ᚣ: color = [1, 1, 1]
119.3342 	EXP 	stim ᚣ: color = [-1, 1, -1]
119.6341 	EXP 	stim ᚣ: autoDraw = False
119.6341 	EXP 	stim ᚣ: color = [1, 1, 1]
120.1671 	INFO 	Trial 20 start: 120.150362
120.1671 	EXP 	Drew image 1 at 0.000000
120.1670 	EXP 	stim ᚼ: autoDraw = True
121.1499 	EXP 	stim ᚼ: color = [-1, 1, -1]
121.4498 	EXP 	stim ᚼ: autoDraw = False
121.4498 	EXP 	stim ᚼ: color = [1, 1, 1]
121.9828 	INFO 	Trial 21 start: 121.966201
121.9828 	EXP 	Drew image 9 at 0.000000
121.9828 	EXP 	stim ᚻ: autoDraw = True
123.3986 	EXP 	stim ᚻ: color = [1, -1, -1]
124.3981 	EXP 	stim ᚻ: color = [1, 1, 1]
125.1644 	EXP 	stim ᚻ: color = [1, -1, -1]
126.1638 	EXP 	stim ᚻ: color = [1, 1, 1]
126.7470 	EXP 	stim ᚻ: color = [1, -1, -1]
127.7464 	EXP 	stim ᚻ: color = [1, 1, 1]
128.0961 	EXP 	stim ᚻ: color = [1, -1, -1]
129.0957 	EXP 	stim ᚻ: color = [1, 1, 1]
129.4455 	EXP 	stim ᚻ: color = [-1, 1, -1]
129.7456 	EXP 	stim ᚻ: autoDraw = False
129.7456 	EXP 	stim ᚻ: color = [1, 1, 1]
130.2783 	INFO 	Trial 22 start: 130.261590
130.2783 	EXP 	Drew image 5 at 0.000000
130.2783 	EXP 	stim ᚳ: autoDraw = True
132.4272 	EXP 	stim ᚳ: color = [1, -1, -1]
133.4266 	EXP 	stim ᚳ: color = [1, 1, 1]
134.3428 	EXP 	stim ᚳ: color = [-1, 1, -1]
134.6428 	EXP 	stim ᚳ: autoDraw = False
134.6428 	EXP 	stim ᚳ: color = [1, 1, 1]
135.1757 	INFO 	Trial 23 start: 135.158958
135.1757 	EXP 	Drew image 3 at 0.000000
135.1757 	EXP 	stim ᛇ: autoDraw = True
136.0085 	EXP 	stim ᛇ: color = [-1, 1, -1]
136.3085 	EXP 	stim ᛇ: autoDraw = False
136.3085 	EXP 	stim ᛇ: color = [1, 1, 1]
136.8413 	INFO 	Trial 24 start: 136.824743
136.8414 	EXP 	Drew image 2 at 0.000000
136.8413 	EXP 	stim ᛋ: autoDraw = True
137.6744 	EXP 	stim ᛋ: color = [-1, 1, -1]
137.9742 	EXP 	stim ᛋ: autoDraw = False
137.9742 	EXP 	stim ᛋ: color = [1, 1, 1]
138.5072 	INFO 	Trial 25 start: 138.490495
138.5072 	EXP 	Drew image 3 at 0.000000
138.5072 	EXP 	stim ᛇ: autoDraw = True
139.3067 	EXP 	stim ᛇ: color = [-1, 1, -1]
139.6066 	EXP 	stim ᛇ: autoDraw = False
139.6066 	EXP 	stim ᛇ: color = [1, 1, 1]
140.1396 	INFO 	Trial 26 start: 140.123010
140.1397 	EXP 	Drew image 4 at 0.000000
140.1396 	EXP 	stim ᚣ: autoDraw = True
141.4889 	EXP 	stim ᚣ: color = [1, -1, -1]
142.4883 	EXP 	stim ᚣ: color = [1, 1, 1]
142.8215 	EXP 	stim ᚣ: color = [-1, 1, -1]
143.1215 	EXP 	stim ᚣ: autoDraw = False
143.1215 	EXP 	stim ᚣ: color = [1, 1, 1]
143.6544 	INFO 	Trial 27 start: 143.637671
143.6544 	EXP 	Drew image 6 at 0.000000
143.6544 	EXP 	stim ᚠ: autoDraw = True
145.5200 	EXP 	stim ᚠ: color = [-1, 1, -1]
145.8200 	EXP 	stim ᚠ: autoDraw = False
145.8200 	EXP 	stim ᚠ: color = [1, 1, 1]
146.3363 	INFO 	Trial 28 start: 146.319794
146.3363 	EXP 	Drew image 9 at 0.000000
146.3363 	EXP 	stim ᚻ: autoDraw = True
148.0357 	EXP 	stim ᚻ: color = [1, -1, -1]
149.0348 	EXP 	stim ᚻ: color = [1, 1, 1]
149.4179 	EXP 	stim ᚻ: color = [1, -1, -1]
150.4174 	EXP 	stim ᚻ: color = [1, 1, 1]
150.7172 	EXP 	stim ᚻ: color = [-1, 1, -1]
151.0171 	EXP 	stim ᚻ: autoDraw = False
151.0171 	EXP 	stim ᚻ: color = [1, 1, 1]
151.5501 	INFO 	Trial 29 start: 151.533486
151.5502 	EXP 	Drew image 4 at 0.000000
151.5501 	EXP 	stim ᚣ: autoDraw = True
155.0483 	EXP 	stim ᚣ: color = [-1, 1, -1]
155.3482 	EXP 	stim ᚣ: autoDraw = False
155.3482 	EXP 	stim ᚣ: color = [1, 1, 1]
155.8814 	INFO 	Trial 30 start: 155.864509
155.8814 	EXP 	Drew image 5 at 0.000000
155.8814 	EXP 	stim ᚳ: autoDraw = True
158.8962 	EXP 	stim ᚳ: color = [1, -1, -1]
159.8956 	EXP 	stim ᚳ: color = [1, 1, 1]
160.1955 	EXP 	stim ᚳ: color = [1, -1, -1]
161.1950 	EXP 	stim ᚳ: color = [1, 1, 1]
161.8946 	EXP 	stim ᚳ: color = [1, -1, -1]
162.8940 	EXP 	stim ᚳ: color = [1, 1, 1]
163.2437 	EXP 	stim ᚳ: color = [1, -1, -1]
164.2433 	EXP 	stim ᚳ: color = [1, 1, 1]
164.6931 	EXP 	stim ᚳ: color = [1, -1, -1]
165.6925 	EXP 	stim ᚳ: color = [1, 1, 1]
166.0423 	EXP 	stim ᚳ: color = [1, -1, -1]
167.0418 	EXP 	stim ᚳ: color = [1, 1, 1]
167.5415 	EXP 	stim ᚳ: color = [1, -1, -1]
168.5409 	EXP 	stim ᚳ: color = [1, 1, 1]
168.8074 	EXP 	stim ᚳ: color = [1, -1, -1]
169.8069 	EXP 	stim ᚳ: color = [1, 1, 1]
170.1900 	EXP 	stim ᚳ: color = [1, -1, -1]
171.1895 	EXP 	stim ᚳ: color = [1, 1, 1]
171.5394 	EXP 	stim ᚳ: color = [1, -1, -1]
172.5388 	EXP 	stim ᚳ: color = [1, 1, 1]
173.0885 	EXP 	stim ᚳ: color = [-1, 1, -1]
173.3884 	EXP 	stim ᚳ: autoDraw = False
173.3884 	EXP 	stim ᚳ: color = [1, 1, 1]
173.9214 	INFO 	Trial 31 start: 173.904684
173.9214 	EXP 	Drew image 3 at 0.000000
173.9214 	EXP 	stim ᛇ: autoDraw = True
174.6710 	EXP 	stim ᛇ: color = [-1, 1, -1]
174.9708 	EXP 	stim ᛇ: autoDraw = False
174.9708 	EXP 	stim ᛇ: color = [1, 1, 1]
175.5039 	INFO 	Trial 32 start: 175.487199
175.5039 	EXP 	Drew image 0 at 0.000000
175.5039 	EXP 	stim ᚦ: autoDraw = True
177.2695 	EXP 	stim ᚦ: color = [1, -1, -1]
178.2690 	EXP 	stim ᚦ: color = [1, 1, 1]
178.6188 	EXP 	stim ᚦ: color = [1, -1, -1]
179.6183 	EXP 	stim ᚦ: color = [1, 1, 1]
180.0849 	EXP 	stim ᚦ: color = [1, -1, -1]
181.0843 	EXP 	stim ᚦ: color = [1, 1, 1]
181.4507 	EXP 	stim ᚦ: color = [1, -1, -1]
182.4501 	EXP 	stim ᚦ: color = [1, 1, 1]
182.8166 	EXP 	stim ᚦ: color = [1, -1, -1]
183.8161 	EXP 	stim ᚦ: color = [1, 1, 1]
183.9495 	EXP 	stim ᚦ: color = [-1, 1, -1]
184.2492 	EXP 	stim ᚦ: autoDraw = False
184.2492 	EXP 	stim ᚦ: color = [1, 1, 1]
184.7822 	INFO 	Trial 33 start: 184.765503
184.7822 	EXP 	Drew image 0 at 0.000000
184.7821 	EXP 	stim ᚦ: autoDraw = True
185.3985 	EXP 	stim ᚦ: color = [-1, 1, -1]
185.6984 	EXP 	stim ᚦ: autoDraw = False
185.6984 	EXP 	stim ᚦ: color = [1, 1, 1]
186.2315 	INFO 	Trial 34 start: 186.214778
186.2315 	EXP 	Drew image 4 at 0.000000
186.2314 	EXP 	stim ᚣ: autoDraw = True
187.5473 	EXP 	stim ᚣ: color = [-1, 1, -1]
187.8472 	EXP 	stim ᚣ: autoDraw = False
187.8472 	EXP 	stim ᚣ: color = [1, 1, 1]
188.3803 	INFO 	Trial 35 start: 188.363671
188.3803 	EXP 	Drew image 0 at 0.000000
188.3802 	EXP 	stim ᚦ: autoDraw = True
189.1299 	EXP 	stim ᚦ: color = [-1, 1, -1]
189.4298 	EXP 	stim ᚦ: autoDraw = False
189.4298 	EXP 	stim ᚦ: color = [1, 1, 1]
189.9627 	INFO 	Trial 36 start: 189.946047
189.9628 	EXP 	Drew image 2 at 0.000000
189.9627 	EXP 	stim ᛋ: autoDraw = True
190.6790 	EXP 	stim ᛋ: color = [1, -1, -1]
191.6785 	EXP 	stim ᛋ: color = [1, 1, 1]
191.9783 	EXP 	stim ᛋ: color = [-1, 1, -1]
192.2782 	EXP 	stim ᛋ: autoDraw = False
192.2782 	EXP 	stim ᛋ: color = [1, 1, 1]
192.8112 	INFO 	Trial 37 start: 192.794503
192.8113 	EXP 	Drew image 5 at 0.000000
192.8112 	EXP 	stim ᚳ: autoDraw = True
194.1938 	EXP 	stim ᚳ: color = [-1, 1, -1]
194.5000 	WARNING 	t of last frame was 23.10ms (=1/43)
194.5000 	EXP 	stim ᚳ: autoDraw = False
194.5000 	EXP 	stim ᚳ: color = [1, 1, 1]
195.0267 	INFO 	Trial 38 start: 195.009912
195.0267 	EXP 	Drew image 7 at 0.000000
195.0266 	EXP 	stim ᚢ: autoDraw = True
196.2261 	EXP 	stim ᚢ: color = [1, -1, -1]
197.2255 	EXP 	stim ᚢ: color = [1, 1, 1]
197.5754 	EXP 	stim ᚢ: color = [-1, 1, -1]
197.8752 	EXP 	stim ᚢ: autoDraw = False
197.8752 	EXP 	stim ᚢ: color = [1, 1, 1]
198.4082 	INFO 	Trial 39 start: 198.391636
198.4082 	EXP 	Drew image 2 at 0.000000
198.4082 	EXP 	stim ᛋ: autoDraw = True
199.2245 	EXP 	stim ᛋ: color = [1, -1, -1]
200.2238 	EXP 	stim ᛋ: color = [1, 1, 1]
200.4903 	EXP 	stim ᛋ: color = [-1, 1, -1]
200.7903 	EXP 	stim ᛋ: autoDraw = False
200.7903 	EXP 	stim ᛋ: color = [1, 1, 1]
201.3234 	INFO 	Trial 40 start: 201.306668
201.3234 	EXP 	Drew image 3 at 0.000000
201.3233 	EXP 	stim ᛇ: autoDraw = True
201.9231 	EXP 	stim ᛇ: color = [-1, 1, -1]
202.2231 	EXP 	stim ᛇ: autoDraw = False
202.2231 	EXP 	stim ᛇ: color = [1, 1, 1]
202.7559 	INFO 	Trial 41 start: 202.739181
202.7559 	EXP 	Drew image 2 at 0.000000
202.7559 	EXP 	stim ᛋ: autoDraw = True
203.6720 	EXP 	stim ᛋ: color = [-1, 1, -1]
203.9719 	EXP 	stim ᛋ: autoDraw = False
203.9719 	EXP 	stim ᛋ: color = [1, 1, 1]
204.5049 	INFO 	Trial 42 start: 204.488316
204.5050 	EXP 	Drew image 0 at 0.000000
204.5049 	EXP 	stim ᚦ: autoDraw = True
205.8708 	EXP 	stim ᚦ: color = [1, -1, -1]
206.8703 	EXP 	stim ᚦ: color = [1, 1, 1]
207.1535 	EXP 	stim ᚦ: color = [-1, 1, -1]
207.4534 	EXP 	stim ᚦ: autoDraw = False
207.4534 	EXP 	stim ᚦ: color = [1, 1, 1]
207.9864 	INFO 	Trial 43 start: 207.969751
207.9865 	EXP 	Drew image 9 at 0.000000
207.9864 	EXP 	stim ᚻ: autoDraw = True
208.8025 	EXP 	stim ᚻ: color = [-1, 1, -1]
209.1024 	EXP 	stim ᚻ: autoDraw = False
209.1024 	EXP 	stim ᚻ: color = [1, 1, 1]
209.6355 	INFO 	Trial 44 start: 209.618800
209.6355 	EXP 	Drew image 5 at 0.000000
209.6354 	EXP 	stim ᚳ: autoDraw = True
211.8843 	EXP 	stim ᚳ: color = [-1, 1, -1]
212.1841 	EXP 	stim ᚳ: autoDraw = False
212.1841 	EXP 	stim ᚳ: color = [1, 1, 1]
212.7171 	INFO 	Trial 45 start: 212.700444
212.7172 	EXP 	Drew image 8 at 0.000000
212.7171 	EXP 	stim ᚬ: autoDraw = True
214.0830 	EXP 	stim ᚬ: color = [-1, 1, -1]
214.3830 	EXP 	stim ᚬ: autoDraw = False
214.3830 	EXP 	stim ᚬ: color = [1, 1, 1]
214.9160 	INFO 	Trial 46 start: 214.899235
214.9160 	EXP 	Drew image 6 at 0.000000
214.9159 	EXP 	stim ᚠ: autoDraw = True
216.5651 	EXP 	stim ᚠ: color = [1, -1, -1]
217.5646 	EXP 	stim ᚠ: color = [1, 1, 1]
217.8810 	EXP 	stim ᚠ: color = [1, -1, -1]
218.8804 	EXP 	stim ᚠ: color = [1, 1, 1]
219.0636 	EXP 	stim ᚠ: color = [1, -1, -1]
220.0632 	EXP 	stim ᚠ: color = [1, 1, 1]
220.3631 	EXP 	stim ᚠ: color = [1, -1, -1]
221.3624 	EXP 	stim ᚠ: color = [1, 1, 1]
221.5791 	EXP 	stim ᚠ: color = [-1, 1, -1]
221.8789 	EXP 	stim ᚠ: autoDraw = False
221.8789 	EXP 	stim ᚠ: color = [1, 1, 1]
222.4119 	INFO 	Trial 47 start: 222.395160
222.4120 	EXP 	Drew image 9 at 0.000000
222.4119 	EXP 	stim ᚻ: autoDraw = True
223.3947 	EXP 	stim ᚻ: color = [-1, 1, -1]
223.6946 	EXP 	stim ᚻ: autoDraw = False
223.6946 	EXP 	stim ᚻ: color = [1, 1, 1]
224.2275 	INFO 	Trial 48 start: 224.210886
224.2276 	EXP 	Drew image 4 at 0.000000
224.2275 	EXP 	stim ᚣ: autoDraw = True
225.2104 	EXP 	stim ᚣ: color = [-1, 1, -1]
225.5102 	EXP 	stim ᚣ: autoDraw = False
225.5102 	EXP 	stim ᚣ: color = [1, 1, 1]
226.0432 	INFO 	Trial 49 start: 226.026596
226.0433 	EXP 	Drew image 7 at 0.000000
226.0432 	EXP 	stim ᚢ: autoDraw = True
228.3920 	EXP 	stim ᚢ: color = [1, -1, -1]
229.3915 	EXP 	stim ᚢ: color = [1, 1, 1]
230.7409 	EXP 	stim ᚢ: color = [-1, 1, -1]
231.0407 	EXP 	stim ᚢ: autoDraw = False
231.0407 	EXP 	stim ᚢ: color = [1, 1, 1]
231.5736 	INFO 	Trial 50 start: 231.556861
231.5737 	EXP 	Drew image 7 at 0.000000
231.5736 	EXP 	stim ᚢ: autoDraw = True
232.0734 	EXP 	stim ᚢ: color = [-1, 1, -1]
232.3732 	EXP 	stim ᚢ: autoDraw = False
232.3732 	EXP 	stim ᚢ: color = [1, 1, 1]
232.9062 	INFO 	Trial 51 start: 232.889583
232.9063 	EXP 	Drew image 2 at 0.000000
232.9062 	EXP 	stim ᛋ: autoDraw = True
234.3723 	EXP 	stim ᛋ: color = [-1, 1, -1]
234.6720 	EXP 	stim ᛋ: autoDraw = False
234.6720 	EXP 	stim ᛋ: color = [1, 1, 1]
235.2051 	INFO 	Trial 52 start: 235.188400
235.2051 	EXP 	Drew image 0 at 0.000000
235.2050 	EXP 	stim ᚦ: autoDraw = True
235.9547 	EXP 	stim ᚦ: color = [-1, 1, -1]
236.2546 	EXP 	stim ᚦ: autoDraw = False
236.2546 	EXP 	stim ᚦ: color = [1, 1, 1]
236.7875 	INFO 	Trial 53 start: 236.770735
236.7875 	EXP 	Drew image 4 at 0.000000
236.7875 	EXP 	stim ᚣ: autoDraw = True
237.7203 	EXP 	stim ᚣ: color = [-1, 1, -1]
238.0202 	EXP 	stim ᚣ: autoDraw = False
238.0202 	EXP 	stim ᚣ: color = [1, 1, 1]
238.5532 	INFO 	Trial 54 start: 238.536502
238.5533 	EXP 	Drew image 1 at 0.000000
238.5532 	EXP 	stim ᚼ: autoDraw = True
239.5027 	EXP 	stim ᚼ: color = [1, -1, -1]
240.5022 	EXP 	stim ᚼ: color = [1, 1, 1]
240.8188 	EXP 	stim ᚼ: color = [-1, 1, -1]
241.1187 	EXP 	stim ᚼ: autoDraw = False
241.1187 	EXP 	stim ᚼ: color = [1, 1, 1]
241.6516 	INFO 	Trial 55 start: 241.634884
241.6517 	EXP 	Drew image 8 at 0.000000
241.6516 	EXP 	stim ᚬ: autoDraw = True
243.8005 	EXP 	stim ᚬ: color = [1, -1, -1]
244.7998 	EXP 	stim ᚬ: color = [1, 1, 1]
245.3329 	EXP 	stim ᚬ: color = [-1, 1, -1]
245.6328 	EXP 	stim ᚬ: autoDraw = False
245.6328 	EXP 	stim ᚬ: color = [1, 1, 1]
246.1658 	INFO 	Trial 56 start: 246.149056
246.1658 	EXP 	Drew image 2 at 0.000000
246.1657 	EXP 	stim ᛋ: autoDraw = True
247.1320 	EXP 	stim ᛋ: color = [-1, 1, -1]
247.4318 	EXP 	stim ᛋ: autoDraw = False
247.4318 	EXP 	stim ᛋ: color = [1, 1, 1]
247.9648 	INFO 	Trial 57 start: 247.948089
247.9648 	EXP 	Drew image 1 at 0.000000
247.9648 	EXP 	stim ᚼ: autoDraw = True
249.5640 	EXP 	stim ᚼ: color = [-1, 1, -1]
249.8638 	EXP 	stim ᚼ: autoDraw = False
249.8638 	EXP 	stim ᚼ: color = [1, 1, 1]
250.3968 	INFO 	Trial 58 start: 250.380073
250.3968 	EXP 	Drew image 8 at 0.000000
250.3967 	EXP 	stim ᚬ: autoDraw = True
251.3963 	EXP 	stim ᚬ: color = [-1, 1, -1]
251.6962 	EXP 	stim ᚬ: autoDraw = False
251.6962 	EXP 	stim ᚬ: color = [1, 1, 1]
252.2292 	INFO 	Trial 59 start: 252.212451
252.2292 	EXP 	Drew image 8 at 0.000000
252.2292 	EXP 	stim ᚬ: autoDraw = True
252.9954 	EXP 	stim ᚬ: color = [-1, 1, -1]
253.2954 	EXP 	stim ᚬ: autoDraw = False
253.2954 	EXP 	stim ᚬ: color = [1, 1, 1]
253.8116 	INFO 	Trial 60 start: 253.795090
253.8116 	EXP 	Drew image 7 at 0.000000
253.8116 	EXP 	stim ᚢ: autoDraw = True
255.1443 	EXP 	stim ᚢ: color = [-1, 1, -1]
255.4443 	EXP 	stim ᚢ: autoDraw = False
255.4443 	EXP 	stim ᚢ: color = [1, 1, 1]
255.9771 	INFO 	Trial 61 start: 255.960392
255.9771 	EXP 	Drew image 8 at 0.000000
255.9771 	EXP 	stim ᚬ: autoDraw = True
256.7100 	EXP 	stim ᚬ: color = [-1, 1, -1]
257.0099 	EXP 	stim ᚬ: autoDraw = False
257.0099 	EXP 	stim ᚬ: color = [1, 1, 1]
257.5430 	INFO 	Trial 62 start: 257.526227
257.5430 	EXP 	Drew image 6 at 0.000000
257.5429 	EXP 	stim ᚠ: autoDraw = True
258.7424 	EXP 	stim ᚠ: color = [-1, 1, -1]
259.0423 	EXP 	stim ᚠ: autoDraw = False
259.0423 	EXP 	stim ᚠ: color = [1, 1, 1]
259.5752 	INFO 	Trial 63 start: 259.558555
259.5753 	EXP 	Drew image 0 at 0.000000
259.5752 	EXP 	stim ᚦ: autoDraw = True
261.7573 	EXP 	stim ᚦ: color = [-1, 1, -1]
262.0572 	EXP 	stim ᚦ: autoDraw = False
262.0572 	EXP 	stim ᚦ: color = [1, 1, 1]
262.5903 	INFO 	Trial 64 start: 262.573619
262.5903 	EXP 	Drew image 5 at 0.000000
262.5902 	EXP 	stim ᚳ: autoDraw = True
264.2060 	EXP 	stim ᚳ: color = [-1, 1, -1]
264.5059 	EXP 	stim ᚳ: autoDraw = False
264.5059 	EXP 	stim ᚳ: color = [1, 1, 1]
265.0389 	INFO 	Trial 65 start: 265.022283
265.0389 	EXP 	Drew image 3 at 0.000000
265.0389 	EXP 	stim ᛇ: autoDraw = True
266.4881 	EXP 	stim ᛇ: color = [-1, 1, -1]
266.7881 	EXP 	stim ᛇ: autoDraw = False
266.7881 	EXP 	stim ᛇ: color = [1, 1, 1]
267.3213 	INFO 	Trial 66 start: 267.304301
267.3213 	EXP 	Drew image 9 at 0.000000
267.3213 	EXP 	stim ᚻ: autoDraw = True
268.0540 	EXP 	stim ᚻ: color = [-1, 1, -1]
268.3539 	EXP 	stim ᚻ: autoDraw = False
268.3539 	EXP 	stim ᚻ: color = [1, 1, 1]
268.8869 	INFO 	Trial 67 start: 268.870133
268.8869 	EXP 	Drew image 8 at 0.000000
268.8868 	EXP 	stim ᚬ: autoDraw = True
269.9363 	EXP 	stim ᚬ: color = [1, -1, -1]
270.9357 	EXP 	stim ᚬ: color = [1, 1, 1]
271.3190 	EXP 	stim ᚬ: color = [1, -1, -1]
272.3184 	EXP 	stim ᚬ: color = [1, 1, 1]
273.8674 	EXP 	stim ᚬ: color = [1, -1, -1]
274.8670 	EXP 	stim ᚬ: color = [1, 1, 1]
275.1335 	EXP 	stim ᚬ: color = [1, -1, -1]
276.1329 	EXP 	stim ᚬ: color = [1, 1, 1]
276.4827 	EXP 	stim ᚬ: color = [1, -1, -1]
277.4821 	EXP 	stim ᚬ: color = [1, 1, 1]
277.7321 	EXP 	stim ᚬ: color = [-1, 1, -1]
278.0320 	EXP 	stim ᚬ: autoDraw = False
278.0320 	EXP 	stim ᚬ: color = [1, 1, 1]
278.5649 	INFO 	Trial 68 start: 278.548285
278.5649 	EXP 	Drew image 4 at 0.000000
278.5648 	EXP 	stim ᚣ: autoDraw = True
279.4645 	EXP 	stim ᚣ: color = [-1, 1, -1]
279.7643 	EXP 	stim ᚣ: autoDraw = False
279.7643 	EXP 	stim ᚣ: color = [1, 1, 1]
280.2973 	INFO 	Trial 69 start: 280.280712
280.2974 	EXP 	Drew image 5 at 0.000000
280.2973 	EXP 	stim ᚳ: autoDraw = True
282.1796 	EXP 	stim ᚳ: color = [1, -1, -1]
283.1791 	EXP 	stim ᚳ: color = [1, 1, 1]
283.2958 	EXP 	stim ᚳ: color = [-1, 1, -1]
283.5956 	EXP 	stim ᚳ: autoDraw = False
283.5956 	EXP 	stim ᚳ: color = [1, 1, 1]
284.1286 	INFO 	Trial 70 start: 284.111929
284.1286 	EXP 	Drew image 7 at 0.000000
284.1286 	EXP 	stim ᚢ: autoDraw = True
285.4612 	EXP 	stim ᚢ: color = [-1, 1, -1]
285.7612 	EXP 	stim ᚢ: autoDraw = False
285.7612 	EXP 	stim ᚢ: color = [1, 1, 1]
286.2942 	INFO 	Trial 71 start: 286.277459
286.2942 	EXP 	Drew image 1 at 0.000000
286.2942 	EXP 	stim ᚼ: autoDraw = True
287.2936 	EXP 	stim ᚼ: color = [-1, 1, -1]
287.5934 	EXP 	stim ᚼ: autoDraw = False
287.5934 	EXP 	stim ᚼ: color = [1, 1, 1]
288.1264 	INFO 	Trial 72 start: 288.109756
288.1265 	EXP 	Drew image 9 at 0.000000
288.1264 	EXP 	stim ᚻ: autoDraw = True
288.8260 	EXP 	stim ᚻ: color = [-1, 1, -1]
289.1260 	EXP 	stim ᚻ: autoDraw = False
289.1260 	EXP 	stim ᚻ: color = [1, 1, 1]
289.6590 	INFO 	Trial 73 start: 289.642260
289.6590 	EXP 	Drew image 1 at 0.000000
289.6590 	EXP 	stim ᚼ: autoDraw = True
291.1249 	EXP 	stim ᚼ: color = [-1, 1, -1]
291.4247 	EXP 	stim ᚼ: autoDraw = False
291.4247 	EXP 	stim ᚼ: color = [1, 1, 1]
291.9577 	INFO 	Trial 74 start: 291.940969
291.9578 	EXP 	Drew image 7 at 0.000000
291.9577 	EXP 	stim ᚢ: autoDraw = True
293.1905 	EXP 	stim ᚢ: color = [-1, 1, -1]
293.4904 	EXP 	stim ᚢ: autoDraw = False
293.4904 	EXP 	stim ᚢ: color = [1, 1, 1]
294.0233 	INFO 	Trial 75 start: 294.006553
294.0233 	EXP 	Drew image 9 at 0.000000
294.0233 	EXP 	stim ᚻ: autoDraw = True
294.6896 	EXP 	stim ᚻ: color = [-1, 1, -1]
294.9895 	EXP 	stim ᚻ: autoDraw = False
294.9895 	EXP 	stim ᚻ: color = [1, 1, 1]
295.5225 	INFO 	Trial 76 start: 295.505734
295.5225 	EXP 	Drew image 4 at 0.000000
295.5224 	EXP 	stim ᚣ: autoDraw = True
296.3387 	EXP 	stim ᚣ: color = [-1, 1, -1]
296.6385 	EXP 	stim ᚣ: autoDraw = False
296.6385 	EXP 	stim ᚣ: color = [1, 1, 1]
297.1716 	INFO 	Trial 77 start: 297.154869
297.1717 	EXP 	Drew image 9 at 0.000000
297.1716 	EXP 	stim ᚻ: autoDraw = True
297.9046 	EXP 	stim ᚻ: color = [-1, 1, -1]
298.2044 	EXP 	stim ᚻ: autoDraw = False
298.2044 	EXP 	stim ᚻ: color = [1, 1, 1]
298.7375 	INFO 	Trial 78 start: 298.720688
298.7375 	EXP 	Drew image 6 at 0.000000
298.7374 	EXP 	stim ᚠ: autoDraw = True
299.9700 	EXP 	stim ᚠ: color = [1, -1, -1]
300.9695 	EXP 	stim ᚠ: color = [1, 1, 1]
301.2860 	EXP 	stim ᚠ: color = [1, -1, -1]
302.2854 	EXP 	stim ᚠ: color = [1, 1, 1]
302.6186 	EXP 	stim ᚠ: color = [-1, 1, -1]
302.9185 	EXP 	stim ᚠ: autoDraw = False
302.9185 	EXP 	stim ᚠ: color = [1, 1, 1]
303.4515 	INFO 	Trial 79 start: 303.434793
303.4516 	EXP 	Drew image 5 at 0.000000
303.4515 	EXP 	stim ᚳ: autoDraw = True
304.9340 	EXP 	stim ᚳ: color = [-1, 1, -1]
305.2340 	EXP 	stim ᚳ: autoDraw = False
305.2340 	EXP 	stim ᚳ: color = [1, 1, 1]
305.7669 	INFO 	Trial 80 start: 305.750268
305.7670 	EXP 	Drew image 0 at 0.000000
305.7669 	EXP 	stim ᚦ: autoDraw = True
306.7997 	EXP 	stim ᚦ: color = [-1, 1, -1]
307.0997 	EXP 	stim ᚦ: autoDraw = False
307.0997 	EXP 	stim ᚦ: color = [1, 1, 1]
307.6326 	INFO 	Trial 81 start: 307.615843
307.6326 	EXP 	Drew image 5 at 0.000000
307.6326 	EXP 	stim ᚳ: autoDraw = True
309.1651 	EXP 	stim ᚳ: color = [1, -1, -1]
310.1646 	EXP 	stim ᚳ: color = [1, 1, 1]
311.4471 	EXP 	stim ᚳ: color = [-1, 1, -1]
311.7470 	EXP 	stim ᚳ: autoDraw = False
311.7470 	EXP 	stim ᚳ: color = [1, 1, 1]
312.2801 	INFO 	Trial 82 start: 312.263429
312.2801 	EXP 	Drew image 7 at 0.000000
312.2800 	EXP 	stim ᚢ: autoDraw = True
313.1963 	EXP 	stim ᚢ: color = [-1, 1, -1]
313.4961 	EXP 	stim ᚢ: autoDraw = False
313.4961 	EXP 	stim ᚢ: color = [1, 1, 1]
314.0292 	INFO 	Trial 83 start: 314.012511
314.0292 	EXP 	Drew image 7 at 0.000000
314.0291 	EXP 	stim ᚢ: autoDraw = True
314.6789 	EXP 	stim ᚢ: color = [-1, 1, -1]
314.9787 	EXP 	stim ᚢ: autoDraw = False
314.9787 	EXP 	stim ᚢ: color = [1, 1, 1]
315.5117 	INFO 	Trial 84 start: 315.494992
315.5118 	EXP 	Drew image 7 at 0.000000
315.5117 	EXP 	stim ᚢ: autoDraw = True
316.0115 	EXP 	stim ᚢ: color = [-1, 1, -1]
316.3112 	EXP 	stim ᚢ: autoDraw = False
316.3112 	EXP 	stim ᚢ: color = [1, 1, 1]
316.8442 	INFO 	Trial 85 start: 316.827601
316.8443 	EXP 	Drew image 1 at 0.000000
316.8442 	EXP 	stim ᚼ: autoDraw = True
317.6772 	EXP 	stim ᚼ: color = [1, -1, -1]
318.6765 	EXP 	stim ᚼ: color = [1, 1, 1]
318.9266 	EXP 	stim ᚼ: color = [-1, 1, -1]
319.2264 	EXP 	stim ᚼ: autoDraw = False
319.2264 	EXP 	stim ᚼ: color = [1, 1, 1]
319.7594 	INFO 	Trial 86 start: 319.742717
319.7594 	EXP 	Drew image 5 at 0.000000
319.7593 	EXP 	stim ᚳ: autoDraw = True
320.9255 	EXP 	stim ᚳ: color = [-1, 1, -1]
321.2255 	EXP 	stim ᚳ: autoDraw = False
321.2255 	EXP 	stim ᚳ: color = [1, 1, 1]
321.7584 	INFO 	Trial 87 start: 321.741561
321.7584 	EXP 	Drew image 4 at 0.000000
321.7583 	EXP 	stim ᚣ: autoDraw = True
322.4579 	EXP 	stim ᚣ: color = [-1, 1, -1]
322.7579 	EXP 	stim ᚣ: autoDraw = False
322.7579 	EXP 	stim ᚣ: color = [1, 1, 1]
323.2908 	INFO 	Trial 88 start: 323.274182
323.2908 	EXP 	Drew image 1 at 0.000000
323.2907 	EXP 	stim ᚼ: autoDraw = True
324.6068 	EXP 	stim ᚼ: color = [-1, 1, -1]
324.9068 	EXP 	stim ᚼ: autoDraw = False
324.9068 	EXP 	stim ᚼ: color = [1, 1, 1]
325.4397 	INFO 	Trial 89 start: 325.422935
325.4397 	EXP 	Drew image 6 at 0.000000
325.4397 	EXP 	stim ᚠ: autoDraw = True
327.1054 	EXP 	stim ᚠ: color = [-1, 1, -1]
327.4053 	EXP 	stim ᚠ: autoDraw = False
327.4053 	EXP 	stim ᚠ: color = [1, 1, 1]
327.9384 	INFO 	Trial 90 start: 327.921642
327.9384 	EXP 	Drew image 5 at 0.000000
327.9384 	EXP 	stim ᚳ: autoDraw = True
330.7868 	EXP 	stim ᚳ: color = [-1, 1, -1]
331.0867 	EXP 	stim ᚳ: autoDraw = False
331.0867 	EXP 	stim ᚳ: color = [1, 1, 1]
331.6197 	INFO 	Trial 91 start: 331.602927
331.6197 	EXP 	Drew image 6 at 0.000000
331.6196 	EXP 	stim ᚠ: autoDraw = True
332.4359 	EXP 	stim ᚠ: color = [-1, 1, -1]
332.8055 	WARNING 	t of last frame was 86.41ms (=1/11)
332.8055 	EXP 	stim ᚠ: autoDraw = False
332.8055 	EXP 	stim ᚠ: color = [1, 1, 1]
333.2688 	INFO 	Trial 92 start: 333.252025
333.2688 	EXP 	Drew image 2 at 0.000000
333.2687 	EXP 	stim ᛋ: autoDraw = True
334.6180 	EXP 	stim ᛋ: color = [-1, 1, -1]
334.9180 	EXP 	stim ᛋ: autoDraw = False
334.9180 	EXP 	stim ᛋ: color = [1, 1, 1]
335.4510 	INFO 	Trial 93 start: 335.434168
335.4510 	EXP 	Drew image 1 at 0.000000
335.4509 	EXP 	stim ᚼ: autoDraw = True
336.8502 	EXP 	stim ᚼ: color = [-1, 1, -1]
337.1500 	EXP 	stim ᚼ: autoDraw = False
337.1500 	EXP 	stim ᚼ: color = [1, 1, 1]
337.6830 	INFO 	Trial 94 start: 337.666400
337.6830 	EXP 	Drew image 4 at 0.000000
337.6830 	EXP 	stim ᚣ: autoDraw = True
338.3826 	EXP 	stim ᚣ: color = [-1, 1, -1]
338.6825 	EXP 	stim ᚣ: autoDraw = False
338.6825 	EXP 	stim ᚣ: color = [1, 1, 1]
339.2155 	INFO 	Trial 95 start: 339.198875
339.2155 	EXP 	Drew image 9 at 0.000000
339.2155 	EXP 	stim ᚻ: autoDraw = True
339.9318 	EXP 	stim ᚻ: color = [-1, 1, -1]
340.2318 	EXP 	stim ᚻ: autoDraw = False
340.2318 	EXP 	stim ᚻ: color = [1, 1, 1]
340.7648 	INFO 	Trial 96 start: 340.748013
340.7648 	EXP 	Drew image 0 at 0.000000
340.7648 	EXP 	stim ᚦ: autoDraw = True
341.4477 	EXP 	stim ᚦ: color = [-1, 1, -1]
341.7475 	EXP 	stim ᚦ: autoDraw = False
341.7475 	EXP 	stim ᚦ: color = [1, 1, 1]
342.2805 	INFO 	Trial 97 start: 342.263927
342.2806 	EXP 	Drew image 8 at 0.000000
342.2805 	EXP 	stim ᚬ: autoDraw = True
343.8300 	EXP 	stim ᚬ: color = [-1, 1, -1]
344.1296 	EXP 	stim ᚬ: autoDraw = False
344.1296 	EXP 	stim ᚬ: color = [1, 1, 1]
344.6626 	INFO 	Trial 98 start: 344.645925
344.6626 	EXP 	Drew image 9 at 0.000000
344.6626 	EXP 	stim ᚻ: autoDraw = True
345.3955 	EXP 	stim ᚻ: color = [-1, 1, -1]
345.6954 	EXP 	stim ᚻ: autoDraw = False
345.6954 	EXP 	stim ᚻ: color = [1, 1, 1]
346.2284 	INFO 	Trial 99 start: 346.211866
346.2284 	EXP 	Drew image 5 at 0.000000
346.2283 	EXP 	stim ᚳ: autoDraw = True
347.5944 	EXP 	stim ᚳ: color = [-1, 1, -1]
347.8944 	EXP 	stim ᚳ: autoDraw = False
347.8944 	EXP 	stim ᚳ: color = [1, 1, 1]
347.9108 	EXP 	pause_text: autoDraw = True
347.9108 	EXP 	pause_text: autoDraw = True
347.9275 	EXP 	pause_text: text = 'Press 10 times to continue.'
347.9441 	EXP 	pause_text: text = 'Press 10 times to continue.'
347.9608 	EXP 	pause_text: text = 'Press 10 times to continue.'
347.9775 	EXP 	pause_text: text = 'Press 10 times to continue.'
347.9941 	EXP 	pause_text: text = 'Press 10 times to continue.'
348.0108 	EXP 	pause_text: text = 'Press 10 times to continue.'
348.0274 	EXP 	pause_text: text = 'Press 10 times to continue.'
348.0441 	EXP 	pause_text: text = 'Press 10 times to continue.'
348.0607 	EXP 	pause_text: text = 'Press 10 times to continue.'
348.0774 	EXP 	pause_text: text = 'Press 10 times to continue.'
348.0941 	EXP 	pause_text: text = 'Press 10 times to continue.'
348.1107 	EXP 	pause_text: text = 'Press 10 times to continue.'
348.1275 	EXP 	pause_text: text = 'Press 10 times to continue.'
348.1440 	EXP 	pause_text: text = 'Press 10 times to continue.'
348.1608 	EXP 	pause_text: text = 'Press 10 times to continue.'
348.1773 	EXP 	pause_text: text = 'Press 10 times to continue.'
348.1940 	EXP 	pause_text: text = 'Press 10 times to continue.'
348.2107 	EXP 	pause_text: text = 'Press 10 times to continue.'
348.2273 	EXP 	pause_text: text = 'Press 10 times to continue.'
348.2440 	EXP 	pause_text: text = 'Press 10 times to continue.'
348.2606 	EXP 	pause_text: text = 'Press 10 times to continue.'
348.2774 	EXP 	pause_text: text = 'Press 10 times to continue.'
348.2940 	EXP 	pause_text: text = 'Press 10 times to continue.'
348.3106 	EXP 	pause_text: text = 'Press 10 times to continue.'
348.3273 	EXP 	pause_text: text = 'Press 10 times to continue.'
348.3439 	EXP 	pause_text: text = 'Press 10 times to continue.'
348.3606 	EXP 	pause_text: text = 'Press 10 times to continue.'
348.3773 	EXP 	pause_text: text = 'Press 10 times to continue.'
348.3939 	EXP 	pause_text: text = 'Press 10 times to continue.'
348.4106 	EXP 	pause_text: text = 'Press 10 times to continue.'
348.4272 	EXP 	pause_text: text = 'Press 10 times to continue.'
348.4439 	EXP 	pause_text: text = 'Press 10 times to continue.'
348.4605 	EXP 	pause_text: text = 'Press 10 times to continue.'
348.4773 	EXP 	pause_text: text = 'Press 10 times to continue.'
348.4939 	EXP 	pause_text: text = 'Press 10 times to continue.'
348.5105 	EXP 	pause_text: text = 'Press 10 times to continue.'
348.5271 	EXP 	pause_text: text = 'Press 10 times to continue.'
348.5439 	EXP 	pause_text: text = 'Press 10 times to continue.'
348.5605 	EXP 	pause_text: text = 'Press 10 times to continue.'
348.5771 	EXP 	pause_text: text = 'Press 10 times to continue.'
348.5938 	EXP 	pause_text: text = 'Press 10 times to continue.'
348.6104 	EXP 	pause_text: text = 'Press 10 times to continue.'
348.6272 	EXP 	pause_text: text = 'Press 10 times to continue.'
348.6438 	EXP 	pause_text: text = 'Press 10 times to continue.'
348.6605 	EXP 	pause_text: text = 'Press 10 times to continue.'
348.6771 	EXP 	pause_text: text = 'Press 10 times to continue.'
348.6938 	EXP 	pause_text: text = 'Press 10 times to continue.'
348.7104 	EXP 	pause_text: text = 'Press 10 times to continue.'
348.7270 	EXP 	pause_text: text = 'Press 10 times to continue.'
348.7437 	EXP 	pause_text: text = 'Press 10 times to continue.'
348.7604 	EXP 	pause_text: text = 'Press 10 times to continue.'
348.7772 	EXP 	pause_text: text = 'Press 10 times to continue.'
348.7937 	EXP 	pause_text: text = 'Press 10 times to continue.'
348.8105 	EXP 	pause_text: text = 'Press 10 times to continue.'
348.8271 	EXP 	pause_text: text = 'Press 10 times to continue.'
348.8437 	EXP 	pause_text: text = 'Press 10 times to continue.'
348.8604 	EXP 	pause_text: text = 'Press 10 times to continue.'
348.8770 	EXP 	pause_text: text = 'Press 10 times to continue.'
348.8938 	EXP 	pause_text: text = 'Press 10 times to continue.'
348.9103 	EXP 	pause_text: text = 'Press 10 times to continue.'
348.9271 	EXP 	pause_text: text = 'Press 10 times to continue.'
348.9437 	EXP 	pause_text: text = 'Press 10 times to continue.'
348.9602 	EXP 	pause_text: text = 'Press 10 times to continue.'
348.9769 	EXP 	pause_text: text = 'Press 10 times to continue.'
348.9936 	EXP 	pause_text: text = 'Press 10 times to continue.'
349.0102 	EXP 	pause_text: text = 'Press 10 times to continue.'
349.0268 	EXP 	pause_text: text = 'Press 10 times to continue.'
349.0436 	EXP 	pause_text: text = 'Press 10 times to continue.'
349.0602 	EXP 	pause_text: text = 'Press 10 times to continue.'
349.0768 	EXP 	pause_text: text = 'Press 10 times to continue.'
349.0935 	EXP 	pause_text: text = 'Press 10 times to continue.'
349.1102 	EXP 	pause_text: text = 'Press 10 times to continue.'
349.1269 	EXP 	pause_text: text = 'Press 10 times to continue.'
349.1435 	EXP 	pause_text: text = 'Press 10 times to continue.'
349.1602 	EXP 	pause_text: text = 'Press 10 times to continue.'
349.1768 	EXP 	pause_text: text = 'Press 10 times to continue.'
349.1934 	EXP 	pause_text: text = 'Press 10 times to continue.'
349.2101 	EXP 	pause_text: text = 'Press 10 times to continue.'
349.2268 	EXP 	pause_text: text = 'Press 10 times to continue.'
349.2435 	EXP 	pause_text: text = 'Press 10 times to continue.'
349.2601 	EXP 	pause_text: text = 'Press 10 times to continue.'
349.2767 	EXP 	pause_text: text = 'Press 10 times to continue.'
349.2934 	EXP 	pause_text: text = 'Press 10 times to continue.'
349.3100 	EXP 	pause_text: text = 'Press 10 times to continue.'
349.3268 	EXP 	pause_text: text = 'Press 10 times to continue.'
349.3434 	EXP 	pause_text: text = 'Press 10 times to continue.'
349.3601 	EXP 	pause_text: text = 'Press 10 times to continue.'
349.3766 	EXP 	pause_text: text = 'Press 10 times to continue.'
349.3934 	EXP 	pause_text: text = 'Press 10 times to continue.'
349.4100 	EXP 	pause_text: text = 'Press 10 times to continue.'
349.4267 	EXP 	pause_text: text = 'Press 10 times to continue.'
349.4433 	EXP 	pause_text: text = 'Press 10 times to continue.'
349.4599 	EXP 	pause_text: text = 'Press 10 times to continue.'
349.4767 	EXP 	pause_text: text = 'Press 10 times to continue.'
349.4933 	EXP 	pause_text: text = 'Press 10 times to continue.'
349.5100 	EXP 	pause_text: text = 'Press 10 times to continue.'
349.5266 	EXP 	pause_text: text = 'Press 10 times to continue.'
349.5434 	EXP 	pause_text: text = 'Press 10 times to continue.'
349.5599 	EXP 	pause_text: text = 'Press 10 times to continue.'
349.5766 	EXP 	pause_text: text = 'Press 10 times to continue.'
349.5932 	EXP 	pause_text: text = 'Press 10 times to continue.'
349.6099 	EXP 	pause_text: text = 'Press 10 times to continue.'
349.6266 	EXP 	pause_text: text = 'Press 10 times to continue.'
349.6432 	EXP 	pause_text: text = 'Press 10 times to continue.'
349.6599 	EXP 	pause_text: text = 'Press 10 times to continue.'
349.6765 	EXP 	pause_text: text = 'Press 10 times to continue.'
349.6932 	EXP 	pause_text: text = 'Press 10 times to continue.'
349.7098 	EXP 	pause_text: text = 'Press 10 times to continue.'
349.7265 	EXP 	pause_text: text = 'Press 10 times to continue.'
349.7432 	EXP 	pause_text: text = 'Press 10 times to continue.'
349.7598 	EXP 	pause_text: text = 'Press 10 times to continue.'
349.7765 	EXP 	pause_text: text = 'Press 10 times to continue.'
349.7931 	EXP 	pause_text: text = 'Press 10 times to continue.'
349.8099 	EXP 	pause_text: text = 'Press 10 times to continue.'
349.8264 	EXP 	pause_text: text = 'Press 10 times to continue.'
349.8431 	EXP 	pause_text: text = 'Press 10 times to continue.'
349.8598 	EXP 	pause_text: text = 'Press 10 times to continue.'
349.8764 	EXP 	pause_text: text = 'Press 10 times to continue.'
349.8931 	EXP 	pause_text: text = 'Press 10 times to continue.'
349.9097 	EXP 	pause_text: text = 'Press 10 times to continue.'
349.9265 	EXP 	pause_text: text = 'Press 10 times to continue.'
349.9431 	EXP 	pause_text: text = 'Press 10 times to continue.'
349.9597 	EXP 	pause_text: text = 'Press 10 times to continue.'
349.9764 	EXP 	pause_text: text = 'Press 10 times to continue.'
349.9930 	EXP 	pause_text: text = 'Press 10 times to continue.'
350.0097 	EXP 	pause_text: text = 'Press 10 times to continue.'
350.0263 	EXP 	pause_text: text = 'Press 10 times to continue.'
350.0430 	EXP 	pause_text: text = 'Press 10 times to continue.'
350.0596 	EXP 	pause_text: text = 'Press 10 times to continue.'
350.0763 	EXP 	pause_text: text = 'Press 10 times to continue.'
350.0930 	EXP 	pause_text: text = 'Press 10 times to continue.'
350.1096 	EXP 	pause_text: text = 'Press 10 times to continue.'
350.1263 	EXP 	pause_text: text = 'Press 10 times to continue.'
350.1429 	EXP 	pause_text: text = 'Press 10 times to continue.'
350.1597 	EXP 	pause_text: text = 'Press 10 times to continue.'
350.1762 	EXP 	pause_text: text = 'Press 10 times to continue.'
350.1929 	EXP 	pause_text: text = 'Press 10 times to continue.'
350.2095 	EXP 	pause_text: text = 'Press 10 times to continue.'
350.2262 	EXP 	pause_text: text = 'Press 10 times to continue.'
350.2429 	EXP 	pause_text: text = 'Press 10 times to continue.'
350.2595 	EXP 	pause_text: text = 'Press 10 times to continue.'
350.2763 	EXP 	pause_text: text = 'Press 10 times to continue.'
350.2929 	EXP 	pause_text: text = 'Press 10 times to continue.'
350.3096 	EXP 	pause_text: text = 'Press 10 times to continue.'
350.3262 	EXP 	pause_text: text = 'Press 10 times to continue.'
350.3430 	EXP 	pause_text: text = 'Press 10 times to continue.'
350.3595 	EXP 	pause_text: text = 'Press 10 times to continue.'
350.3762 	EXP 	pause_text: text = 'Press 10 times to continue.'
350.3928 	EXP 	pause_text: text = 'Press 10 times to continue.'
350.4094 	EXP 	pause_text: text = 'Press 10 times to continue.'
350.4262 	EXP 	pause_text: text = 'Press 10 times to continue.'
350.4429 	EXP 	pause_text: text = 'Press 10 times to continue.'
350.4594 	EXP 	pause_text: text = 'Press 9 times to continue.'
350.4762 	EXP 	pause_text: text = 'Press 9 times to continue.'
350.4927 	EXP 	pause_text: text = 'Press 9 times to continue.'
350.5095 	EXP 	pause_text: text = 'Press 9 times to continue.'
350.5261 	EXP 	pause_text: text = 'Press 9 times to continue.'
350.5427 	EXP 	pause_text: text = 'Press 9 times to continue.'
350.5594 	EXP 	pause_text: text = 'Press 9 times to continue.'
350.5761 	EXP 	pause_text: text = 'Press 9 times to continue.'
350.5927 	EXP 	pause_text: text = 'Press 9 times to continue.'
350.6096 	EXP 	pause_text: text = 'Press 9 times to continue.'
350.6260 	EXP 	pause_text: text = 'Press 8 times to continue.'
350.6426 	EXP 	pause_text: text = 'Press 8 times to continue.'
350.6593 	EXP 	pause_text: text = 'Press 8 times to continue.'
350.6762 	EXP 	pause_text: text = 'Press 8 times to continue.'
350.6928 	EXP 	pause_text: text = 'Press 8 times to continue.'
350.7093 	EXP 	pause_text: text = 'Press 8 times to continue.'
350.7261 	EXP 	pause_text: text = 'Press 8 times to continue.'
350.7426 	EXP 	pause_text: text = 'Press 8 times to continue.'
350.7593 	EXP 	pause_text: text = 'Press 8 times to continue.'
350.7760 	EXP 	pause_text: text = 'Press 8 times to continue.'
350.7927 	EXP 	pause_text: text = 'Press 7 times to continue.'
350.8093 	EXP 	pause_text: text = 'Press 7 times to continue.'
350.8259 	EXP 	pause_text: text = 'Press 7 times to continue.'
350.8427 	EXP 	pause_text: text = 'Press 7 times to continue.'
350.8593 	EXP 	pause_text: text = 'Press 7 times to continue.'
350.8759 	EXP 	pause_text: text = 'Press 7 times to continue.'
350.8926 	EXP 	pause_text: text = 'Press 7 times to continue.'
350.9093 	EXP 	pause_text: text = 'Press 7 times to continue.'
350.9260 	EXP 	pause_text: text = 'Press 7 times to continue.'
350.9425 	EXP 	pause_text: text = 'Press 7 times to continue.'
350.9593 	EXP 	pause_text: text = 'Press 7 times to continue.'
350.9758 	EXP 	pause_text: text = 'Press 6 times to continue.'
350.9925 	EXP 	pause_text: text = 'Press 6 times to continue.'
351.0092 	EXP 	pause_text: text = 'Press 6 times to continue.'
351.0260 	EXP 	pause_text: text = 'Press 6 times to continue.'
351.0425 	EXP 	pause_text: text = 'Press 6 times to continue.'
351.0591 	EXP 	pause_text: text = 'Press 6 times to continue.'
351.0759 	EXP 	pause_text: text = 'Press 6 times to continue.'
351.0925 	EXP 	pause_text: text = 'Press 6 times to continue.'
351.1091 	EXP 	pause_text: text = 'Press 6 times to continue.'
351.1261 	EXP 	pause_text: text = 'Press 6 times to continue.'
351.1425 	EXP 	pause_text: text = 'Press 5 times to continue.'
351.1591 	EXP 	pause_text: text = 'Press 5 times to continue.'
351.1758 	EXP 	pause_text: text = 'Press 5 times to continue.'
351.1926 	EXP 	pause_text: text = 'Press 5 times to continue.'
351.2091 	EXP 	pause_text: text = 'Press 5 times to continue.'
351.2258 	EXP 	pause_text: text = 'Press 5 times to continue.'
351.2424 	EXP 	pause_text: text = 'Press 5 times to continue.'
351.2590 	EXP 	pause_text: text = 'Press 5 times to continue.'
351.2756 	EXP 	pause_text: text = 'Press 5 times to continue.'
351.2923 	EXP 	pause_text: text = 'Press 5 times to continue.'
351.3090 	EXP 	pause_text: text = 'Press 5 times to continue.'
351.3257 	EXP 	pause_text: text = 'Press 5 times to continue.'
351.3424 	EXP 	pause_text: text = 'Press 4 times to continue.'
351.3589 	EXP 	pause_text: text = 'Press 4 times to continue.'
351.3756 	EXP 	pause_text: text = 'Press 4 times to continue.'
351.3923 	EXP 	pause_text: text = 'Press 4 times to continue.'
351.4090 	EXP 	pause_text: text = 'Press 4 times to continue.'
351.4256 	EXP 	pause_text: text = 'Press 4 times to continue.'
351.4422 	EXP 	pause_text: text = 'Press 4 times to continue.'
351.4589 	EXP 	pause_text: text = 'Press 4 times to continue.'
351.4756 	EXP 	pause_text: text = 'Press 4 times to continue.'
351.4924 	EXP 	pause_text: text = 'Press 4 times to continue.'
351.5090 	EXP 	pause_text: text = 'Press 3 times to continue.'
351.5255 	EXP 	pause_text: text = 'Press 3 times to continue.'
351.5423 	EXP 	pause_text: text = 'Press 3 times to continue.'
351.5589 	EXP 	pause_text: text = 'Press 3 times to continue.'
351.5756 	EXP 	pause_text: text = 'Press 3 times to continue.'
351.5922 	EXP 	pause_text: text = 'Press 3 times to continue.'
351.6088 	EXP 	pause_text: text = 'Press 3 times to continue.'
351.6254 	EXP 	pause_text: text = 'Press 3 times to continue.'
351.6421 	EXP 	pause_text: text = 'Press 3 times to continue.'
351.6588 	EXP 	pause_text: text = 'Press 3 times to continue.'
351.6758 	EXP 	pause_text: text = 'Press 3 times to continue.'
351.6943 	EXP 	pause_text: text = 'Press 2 times to continue.'
351.7088 	EXP 	pause_text: text = 'Press 2 times to continue.'
351.7254 	EXP 	pause_text: text = 'Press 2 times to continue.'
351.7422 	EXP 	pause_text: text = 'Press 2 times to continue.'
351.7587 	EXP 	pause_text: text = 'Press 2 times to continue.'
351.7754 	EXP 	pause_text: text = 'Press 2 times to continue.'
351.7920 	EXP 	pause_text: text = 'Press 2 times to continue.'
351.8087 	EXP 	pause_text: text = 'Press 2 times to continue.'
351.8253 	EXP 	pause_text: text = 'Press 2 times to continue.'
351.8420 	EXP 	pause_text: text = 'Press 2 times to continue.'
351.8587 	EXP 	pause_text: text = 'Press 2 times to continue.'
351.8756 	EXP 	pause_text: text = 'Press 2 times to continue.'
351.8921 	EXP 	pause_text: text = 'Press 1 times to continue.'
351.9087 	EXP 	pause_text: text = 'Press 1 times to continue.'
351.9253 	EXP 	pause_text: text = 'Press 1 times to continue.'
351.9421 	EXP 	pause_text: text = 'Press 1 times to continue.'
351.9586 	EXP 	pause_text: text = 'Press 1 times to continue.'
351.9752 	EXP 	pause_text: text = 'Press 1 times to continue.'
351.9919 	EXP 	pause_text: text = 'Press 1 times to continue.'
352.0086 	EXP 	pause_text: text = 'Press 1 times to continue.'
352.0252 	EXP 	pause_text: text = 'Press 1 times to continue.'
352.0419 	EXP 	pause_text: text = 'Press 1 times to continue.'
352.0585 	EXP 	pause_text: text = 'Press 1 times to continue.'
352.0753 	EXP 	pause_text: text = 'Press 0 times to continue.'
352.0753 	EXP 	pause_text: autoDraw = False
352.0753 	EXP 	pause_text: autoDraw = False
352.4751 	INFO 	Trial 100 start: 352.458413
352.4751 	EXP 	Drew image 6 at 0.000000
352.4750 	EXP 	stim ᚠ: autoDraw = True
354.1240 	EXP 	stim ᚠ: color = [-1, 1, -1]
354.4241 	EXP 	stim ᚠ: autoDraw = False
354.4241 	EXP 	stim ᚠ: color = [1, 1, 1]
354.5017 	EXP 	window1: mouseVisible = True
