0.0816 	INFO 	Loaded SoundDevice with PortAudio V19.6.0-devel, revision 396fe4b6699ae929d3a685b3ef8a7e97396139a4
0.0817 	INFO 	sound is using audioLib: sounddevice
0.4712 	INFO 	Loaded monitor calibration from ['2018_01_10 10:27']
16.8648 	WARNING 	Monitor specification not found. Creating a temporary one...
16.8662 	WARNING 	Requested an unavailable screen number - using first available.
16.8665 	WARNING 	User requested fullscreen with size [800 800], but screen is actually [1680, 1050]. Using actual size
17.5480 	EXP 	Created window1 = Window(allowGUI=False, allowStencil=False, args=UNKNOWN, autoLog=True, bitsMode=UNKNOWN, blendMode='avg', color=array([-1., -1., -1.]), colorSpace='rgb', fullscr=UNKNOWN, gamma=None, kwargs=UNKNOWN, lms=UNKNOWN, monitor=<psychopy.monitors.calibTools.Monitor object at 0x0000021C123796D8>, multiSample=False, name='window1', numSamples=2, pos=(0, 0), screen=1, size=array([1680, 1050]), stereo=False, units='height', useFBO=False, useRetina=False, viewOri=0.0, viewPos=None, viewScale=None, waitBlanking=True, winType='pyglet')
17.5480 	EXP 	window1: recordFrameIntervals = True
17.5750 	EXP 	Created unnamed ImageStim = ImageStim(__class__=<class 'psychopy.visual.image.ImageStim'>, autoLog=True, color=array([1., 1., 1.]), colorSpace='rgb', contrast=1.0, depth=0, flipHoriz=False, flipVert=False, image='media/hand.png', interpolate=False, mask=None, maskParams=None, name='unnamed ImageStim', opacity=1.0, ori=0.0, pos=array([0.14, 0.  ]), size=array([0.3, 0.3]), texRes=128, units='height', win=Window(...))
17.5947 	EXP 	Created unnamed ImageStim = ImageStim(__class__=<class 'psychopy.visual.image.ImageStim'>, autoLog=True, color=array([1., 1., 1.]), colorSpace='rgb', contrast=1.0, depth=0, flipHoriz=True, flipVert=False, image='media/hand.png', interpolate=False, mask=None, maskParams=None, name='unnamed ImageStim', opacity=1.0, ori=0.0, pos=array([-0.14,  0.  ]), size=array([0.3, 0.3]), texRes=128, units='height', win=Window(...))
17.6611 	EXP 	Created unnamed BufferImageStim = BufferImageStim(__class__=type(...), autoLog=True, color=array([1., 1., 1.]), colorSpace='rgb', contrast=1.0, depth=0, flipHoriz=False, flipVert=False, image=Image(...), interpolate=True, mask='None', maskParams=None, name='unnamed BufferImageStim', opacity=1.0, ori=0.0, pos=array([0., 0.]), size=array([1680., 1050.]), texRes=128, units='pix', win=Window(...))
17.6611 	EXP 	BufferImageStim None: took 65.8ms to initialize
17.6651 	EXP 	Created stim 0 = Circle(__class__=<class 'psychopy.visual.circle.Circle'>, autoDraw=False, autoLog=True, closeShape=True, contrast=1.0, depth=0, fillColor=array([1., 1., 1.]), fillColorSpace='rgb', fillRGB=array([1., 1., 1.]), interpolate=True, lineColor=array([1., 1., 1.]), lineColorSpace='rgb', lineRGB=array([1., 1., 1.]), lineWidth=1.5, name='stim 0', opacity=1.0, ori=array(0.), pos=array([-0.255 ,  0.0375]), size=array([0.03, 0.03]), units='height', vertices=ndarray(...), win=Window(...))
17.6669 	EXP 	Created stim 1 = Circle(__class__=<class 'psychopy.visual.circle.Circle'>, autoDraw=False, autoLog=True, closeShape=True, contrast=1.0, depth=0, fillColor=array([1., 1., 1.]), fillColorSpace='rgb', fillRGB=array([1., 1., 1.]), interpolate=True, lineColor=array([1., 1., 1.]), lineColorSpace='rgb', lineRGB=array([1., 1., 1.]), lineWidth=1.5, name='stim 1', opacity=1.0, ori=array(0.), pos=array([-0.2075 ,  0.08875]), size=array([0.03, 0.03]), units='height', vertices=ndarray(...), win=Window(...))
17.6687 	EXP 	Created stim 2 = Circle(__class__=<class 'psychopy.visual.circle.Circle'>, autoDraw=False, autoLog=True, closeShape=True, contrast=1.0, depth=0, fillColor=array([1., 1., 1.]), fillColorSpace='rgb', fillRGB=array([1., 1., 1.]), interpolate=True, lineColor=array([1., 1., 1.]), lineColorSpace='rgb', lineRGB=array([1., 1., 1.]), lineWidth=1.5, name='stim 2', opacity=1.0, ori=array(0.), pos=array([-0.1575,  0.1125]), size=array([0.03, 0.03]), units='height', vertices=ndarray(...), win=Window(...))
17.6704 	EXP 	Created stim 3 = Circle(__class__=<class 'psychopy.visual.circle.Circle'>, autoDraw=False, autoLog=True, closeShape=True, contrast=1.0, depth=0, fillColor=array([1., 1., 1.]), fillColorSpace='rgb', fillRGB=array([1., 1., 1.]), interpolate=True, lineColor=array([1., 1., 1.]), lineColorSpace='rgb', lineRGB=array([1., 1., 1.]), lineWidth=1.5, name='stim 3', opacity=1.0, ori=array(0.), pos=array([-0.095,  0.09 ]), size=array([0.03, 0.03]), units='height', vertices=ndarray(...), win=Window(...))
17.6722 	EXP 	Created stim 4 = Circle(__class__=<class 'psychopy.visual.circle.Circle'>, autoDraw=False, autoLog=True, closeShape=True, contrast=1.0, depth=0, fillColor=array([1., 1., 1.]), fillColorSpace='rgb', fillRGB=array([1., 1., 1.]), interpolate=True, lineColor=array([1., 1., 1.]), lineColorSpace='rgb', lineRGB=array([1., 1., 1.]), lineWidth=1.5, name='stim 4', opacity=1.0, ori=array(0.), pos=array([-0.03  , -0.0075]), size=array([0.03, 0.03]), units='height', vertices=ndarray(...), win=Window(...))
17.6740 	EXP 	Created stim 5 = Circle(__class__=<class 'psychopy.visual.circle.Circle'>, autoDraw=False, autoLog=True, closeShape=True, contrast=1.0, depth=0, fillColor=array([1., 1., 1.]), fillColorSpace='rgb', fillRGB=array([1., 1., 1.]), interpolate=True, lineColor=array([1., 1., 1.]), lineColorSpace='rgb', lineRGB=array([1., 1., 1.]), lineWidth=1.5, name='stim 5', opacity=1.0, ori=array(0.), pos=array([ 0.03  , -0.0075]), size=array([0.03, 0.03]), units='height', vertices=ndarray(...), win=Window(...))
17.6757 	EXP 	Created stim 6 = Circle(__class__=<class 'psychopy.visual.circle.Circle'>, autoDraw=False, autoLog=True, closeShape=True, contrast=1.0, depth=0, fillColor=array([1., 1., 1.]), fillColorSpace='rgb', fillRGB=array([1., 1., 1.]), interpolate=True, lineColor=array([1., 1., 1.]), lineColorSpace='rgb', lineRGB=array([1., 1., 1.]), lineWidth=1.5, name='stim 6', opacity=1.0, ori=array(0.), pos=array([0.095, 0.09 ]), size=array([0.03, 0.03]), units='height', vertices=ndarray(...), win=Window(...))
17.6775 	EXP 	Created stim 7 = Circle(__class__=<class 'psychopy.visual.circle.Circle'>, autoDraw=False, autoLog=True, closeShape=True, contrast=1.0, depth=0, fillColor=array([1., 1., 1.]), fillColorSpace='rgb', fillRGB=array([1., 1., 1.]), interpolate=True, lineColor=array([1., 1., 1.]), lineColorSpace='rgb', lineRGB=array([1., 1., 1.]), lineWidth=1.5, name='stim 7', opacity=1.0, ori=array(0.), pos=array([0.1575, 0.1125]), size=array([0.03, 0.03]), units='height', vertices=ndarray(...), win=Window(...))
17.6792 	EXP 	Created stim 8 = Circle(__class__=<class 'psychopy.visual.circle.Circle'>, autoDraw=False, autoLog=True, closeShape=True, contrast=1.0, depth=0, fillColor=array([1., 1., 1.]), fillColorSpace='rgb', fillRGB=array([1., 1., 1.]), interpolate=True, lineColor=array([1., 1., 1.]), lineColorSpace='rgb', lineRGB=array([1., 1., 1.]), lineWidth=1.5, name='stim 8', opacity=1.0, ori=array(0.), pos=array([0.2075 , 0.08875]), size=array([0.03, 0.03]), units='height', vertices=ndarray(...), win=Window(...))
17.6810 	EXP 	Created stim 9 = Circle(__class__=<class 'psychopy.visual.circle.Circle'>, autoDraw=False, autoLog=True, closeShape=True, contrast=1.0, depth=0, fillColor=array([1., 1., 1.]), fillColorSpace='rgb', fillRGB=array([1., 1., 1.]), interpolate=True, lineColor=array([1., 1., 1.]), lineColorSpace='rgb', lineRGB=array([1., 1., 1.]), lineWidth=1.5, name='stim 9', opacity=1.0, ori=array(0.), pos=array([0.255 , 0.0375]), size=array([0.03, 0.03]), units='height', vertices=ndarray(...), win=Window(...))
17.6817 	EXP 	<method-wrapper '__getattribute__' of attributeSetter object at 0x0000021BCA4D4160>: vertices = array([[-0.3,  0.3],
       [ 0.3,  0.3],
       [ 0.3, -0.3],
       [-0.3, -0.3]])
17.7344 	EXP 	Created pause_text = TextStim(__class__=<class 'psychopy.visual.text.TextStim'>, alignHoriz='center', alignVert='center', antialias=True, autoLog=True, bold=False, color=array([1., 1., 1.]), colorSpace='rgb', contrast=1.0, depth=0, flipHoriz=False, flipVert=False, font='', fontFiles=[], height=0.1, italic=False, name='pause_text', opacity=1.0, ori=0.0, pos=array([0. , 0.8]), rgb=array([1., 1., 1.]), text='Take a break!', units='norm', win=Window(...), wrapWidth=1)
17.7427 	EXP 	Created pause_text = TextStim(__class__=<class 'psychopy.visual.text.TextStim'>, alignHoriz='center', alignVert='center', antialias=True, autoLog=True, bold=False, color=array([1., 1., 1.]), colorSpace='rgb', contrast=1.0, depth=0, flipHoriz=False, flipVert=False, font='', fontFiles=[], height=0.1, italic=False, name='pause_text', opacity=1.0, ori=0.0, pos=array([0. , 0.7]), rgb=array([1., 1., 1.]), text='Press ten times to continue.', units='norm', win=Window(...), wrapWidth=1)
20.4961 	EXP 	unnamed BufferImageStim: autoDraw = True
20.8955 	INFO 	Trial 0 start: 20.878808
20.8955 	EXP 	Drew image 8 at 0.000000
20.8955 	EXP 	stim 8: autoDraw = True
21.4620 	EXP 	stim 8: fillColor = [-1, 1, -1]
21.7619 	EXP 	stim 8: autoDraw = False
21.7619 	EXP 	stim 8: fillColor = [1, 1, 1]
22.2948 	INFO 	Trial 1 start: 22.278151
22.2948 	EXP 	Drew image 4 at 0.000000
22.2948 	EXP 	stim 4: autoDraw = True
22.7279 	EXP 	stim 4: fillColor = [1, -1, -1]
23.7272 	EXP 	stim 4: fillColor = [1, 1, 1]
23.7940 	EXP 	stim 4: fillColor = [-1, 1, -1]
24.0938 	EXP 	stim 4: autoDraw = False
24.0938 	EXP 	stim 4: fillColor = [1, 1, 1]
24.6270 	INFO 	Trial 2 start: 24.610203
24.6270 	EXP 	Drew image 1 at 0.000000
24.6269 	EXP 	stim 1: autoDraw = True
25.1601 	EXP 	stim 1: fillColor = [-1, 1, -1]
25.4598 	EXP 	stim 1: autoDraw = False
25.4598 	EXP 	stim 1: fillColor = [1, 1, 1]
25.9927 	INFO 	Trial 3 start: 25.976170
25.9928 	EXP 	Drew image 6 at 0.000000
25.9927 	EXP 	stim 6: autoDraw = True
26.4759 	EXP 	stim 6: fillColor = [-1, 1, -1]
26.7761 	EXP 	stim 6: autoDraw = False
26.7761 	EXP 	stim 6: fillColor = [1, 1, 1]
27.3088 	INFO 	Trial 4 start: 27.292104
27.3088 	EXP 	Drew image 3 at 0.000000
27.3088 	EXP 	stim 3: autoDraw = True
27.7085 	EXP 	stim 3: fillColor = [1, -1, -1]
28.7079 	EXP 	stim 3: fillColor = [1, 1, 1]
29.4076 	EXP 	stim 3: fillColor = [-1, 1, -1]
29.7076 	EXP 	stim 3: autoDraw = False
29.7076 	EXP 	stim 3: fillColor = [1, 1, 1]
30.2404 	INFO 	Trial 5 start: 30.223798
30.2405 	EXP 	Drew image 8 at 0.000000
30.2404 	EXP 	stim 8: autoDraw = True
30.7068 	EXP 	stim 8: fillColor = [-1, 1, -1]
31.0066 	EXP 	stim 8: autoDraw = False
31.0066 	EXP 	stim 8: fillColor = [1, 1, 1]
31.5232 	INFO 	Trial 6 start: 31.506373
31.5232 	EXP 	Drew image 5 at 0.000000
31.5231 	EXP 	stim 5: autoDraw = True
32.0396 	EXP 	stim 5: fillColor = [-1, 1, -1]
32.3396 	EXP 	stim 5: autoDraw = False
32.3396 	EXP 	stim 5: fillColor = [1, 1, 1]
32.8725 	INFO 	Trial 7 start: 32.855741
32.8725 	EXP 	Drew image 2 at 0.000000
32.8725 	EXP 	stim 2: autoDraw = True
33.3388 	EXP 	stim 2: fillColor = [-1, 1, -1]
33.6388 	EXP 	stim 2: autoDraw = False
33.6388 	EXP 	stim 2: fillColor = [1, 1, 1]
34.1717 	INFO 	Trial 8 start: 34.155078
34.1717 	EXP 	Drew image 7 at 0.000000
34.1716 	EXP 	stim 7: autoDraw = True
34.7213 	EXP 	stim 7: fillColor = [-1, 1, -1]
35.0214 	EXP 	stim 7: autoDraw = False
35.0214 	EXP 	stim 7: fillColor = [1, 1, 1]
35.5544 	INFO 	Trial 9 start: 35.537651
35.5544 	EXP 	Drew image 0 at 0.000000
35.5543 	EXP 	stim 0: autoDraw = True
35.9374 	EXP 	stim 0: fillColor = [-1, 1, -1]
36.2374 	EXP 	stim 0: autoDraw = False
36.2374 	EXP 	stim 0: fillColor = [1, 1, 1]
36.7704 	INFO 	Trial 10 start: 36.753679
36.7704 	EXP 	Drew image 9 at 0.000000
36.7704 	EXP 	stim 9: autoDraw = True
37.3367 	EXP 	stim 9: fillColor = [-1, 1, -1]
37.6366 	EXP 	stim 9: autoDraw = False
37.6366 	EXP 	stim 9: fillColor = [1, 1, 1]
38.1695 	INFO 	Trial 11 start: 38.152834
38.1695 	EXP 	Drew image 3 at 0.000000
38.1694 	EXP 	stim 3: autoDraw = True
38.5695 	EXP 	stim 3: fillColor = [-1, 1, -1]
38.8692 	EXP 	stim 3: autoDraw = False
38.8692 	EXP 	stim 3: fillColor = [1, 1, 1]
39.4022 	INFO 	Trial 12 start: 39.385579
39.4023 	EXP 	Drew image 0 at 0.000000
39.4022 	EXP 	stim 0: autoDraw = True
39.7520 	EXP 	stim 0: fillColor = [-1, 1, -1]
40.0519 	EXP 	stim 0: autoDraw = False
40.0519 	EXP 	stim 0: fillColor = [1, 1, 1]
40.5850 	INFO 	Trial 13 start: 40.568307
40.5850 	EXP 	Drew image 5 at 0.000000
40.5850 	EXP 	stim 5: autoDraw = True
41.1513 	EXP 	stim 5: fillColor = [-1, 1, -1]
41.4512 	EXP 	stim 5: autoDraw = False
41.4512 	EXP 	stim 5: fillColor = [1, 1, 1]
41.9842 	INFO 	Trial 14 start: 41.967370
41.9842 	EXP 	Drew image 4 at 0.000000
41.9841 	EXP 	stim 4: autoDraw = True
42.4672 	EXP 	stim 4: fillColor = [-1, 1, -1]
42.7670 	EXP 	stim 4: autoDraw = False
42.7670 	EXP 	stim 4: fillColor = [1, 1, 1]
43.3001 	INFO 	Trial 15 start: 43.283363
43.3001 	EXP 	Drew image 1 at 0.000000
43.3001 	EXP 	stim 1: autoDraw = True
43.7332 	EXP 	stim 1: fillColor = [-1, 1, -1]
44.0331 	EXP 	stim 1: autoDraw = False
44.0331 	EXP 	stim 1: fillColor = [1, 1, 1]
44.5660 	INFO 	Trial 16 start: 44.549393
44.5661 	EXP 	Drew image 2 at 0.000000
44.5660 	EXP 	stim 2: autoDraw = True
44.9826 	EXP 	stim 2: fillColor = [-1, 1, -1]
45.2825 	EXP 	stim 2: autoDraw = False
45.2825 	EXP 	stim 2: fillColor = [1, 1, 1]
45.8158 	INFO 	Trial 17 start: 45.798625
45.8158 	EXP 	Drew image 9 at 0.000000
45.8157 	EXP 	stim 9: autoDraw = True
46.2486 	EXP 	stim 9: fillColor = [-1, 1, -1]
46.5484 	EXP 	stim 9: autoDraw = False
46.5484 	EXP 	stim 9: fillColor = [1, 1, 1]
47.0814 	INFO 	Trial 18 start: 47.064626
47.0814 	EXP 	Drew image 6 at 0.000000
47.0813 	EXP 	stim 6: autoDraw = True
47.5811 	EXP 	stim 6: fillColor = [-1, 1, -1]
47.8810 	EXP 	stim 6: autoDraw = False
47.8810 	EXP 	stim 6: fillColor = [1, 1, 1]
48.3974 	INFO 	Trial 19 start: 48.380873
48.3974 	EXP 	Drew image 7 at 0.000000
48.3974 	EXP 	stim 7: autoDraw = True
48.7804 	EXP 	stim 7: fillColor = [-1, 1, -1]
49.0805 	EXP 	stim 7: autoDraw = False
49.0805 	EXP 	stim 7: fillColor = [1, 1, 1]
49.1400 	EXP 	window1: mouseVisible = True
