0.0744 	INFO 	Loaded SoundDevice with PortAudio V19.6.0-devel, revision 396fe4b6699ae929d3a685b3ef8a7e97396139a4
0.0745 	INFO 	sound is using audioLib: sounddevice
0.4508 	INFO 	Loaded monitor calibration from ['2018_01_10 10:27']
24.4637 	WARNING 	Monitor specification not found. Creating a temporary one...
24.4660 	WARNING 	Requested an unavailable screen number - using first available.
24.4664 	WARNING 	User requested fullscreen with size [800 800], but screen is actually [1680, 1050]. Using actual size
25.1364 	EXP 	Created window1 = Window(allowGUI=False, allowStencil=False, args=UNKNOWN, autoLog=True, bitsMode=UNKNOWN, blendMode='avg', color=array([-1., -1., -1.]), colorSpace='rgb', fullscr=UNKNOWN, gamma=None, kwargs=UNKNOWN, lms=UNKNOWN, monitor=<psychopy.monitors.calibTools.Monitor object at 0x0000021EAB6E0630>, multiSample=False, name='window1', numSamples=2, pos=(0, 0), screen=1, size=array([1680, 1050]), stereo=False, units='height', useFBO=False, useRetina=False, viewOri=0.0, viewPos=None, viewScale=None, waitBlanking=True, winType='pyglet')
25.1364 	EXP 	window1: recordFrameIntervals = True
25.1626 	EXP 	Created unnamed ImageStim = ImageStim(__class__=<class 'psychopy.visual.image.ImageStim'>, autoLog=True, color=array([1., 1., 1.]), colorSpace='rgb', contrast=1.0, depth=0, flipHoriz=False, flipVert=False, image='media/hand.png', interpolate=False, mask=None, maskParams=None, name='unnamed ImageStim', opacity=1.0, ori=0.0, pos=array([0.14, 0.  ]), size=array([0.3, 0.3]), texRes=128, units='height', win=Window(...))
25.1821 	EXP 	Created unnamed ImageStim = ImageStim(__class__=<class 'psychopy.visual.image.ImageStim'>, autoLog=True, color=array([1., 1., 1.]), colorSpace='rgb', contrast=1.0, depth=0, flipHoriz=True, flipVert=False, image='media/hand.png', interpolate=False, mask=None, maskParams=None, name='unnamed ImageStim', opacity=1.0, ori=0.0, pos=array([-0.14,  0.  ]), size=array([0.3, 0.3]), texRes=128, units='height', win=Window(...))
25.2489 	EXP 	Created unnamed BufferImageStim = BufferImageStim(__class__=type(...), autoLog=True, color=array([1., 1., 1.]), colorSpace='rgb', contrast=1.0, depth=0, flipHoriz=False, flipVert=False, image=Image(...), interpolate=True, mask='None', maskParams=None, name='unnamed BufferImageStim', opacity=1.0, ori=0.0, pos=array([0., 0.]), size=array([1680., 1050.]), texRes=128, units='pix', win=Window(...))
25.2489 	EXP 	BufferImageStim None: took 66.1ms to initialize
25.2527 	EXP 	Created stim 0 = Circle(__class__=<class 'psychopy.visual.circle.Circle'>, autoDraw=False, autoLog=True, closeShape=True, contrast=1.0, depth=0, fillColor=array([1., 1., 1.]), fillColorSpace='rgb', fillRGB=array([1., 1., 1.]), interpolate=True, lineColor=array([1., 1., 1.]), lineColorSpace='rgb', lineRGB=array([1., 1., 1.]), lineWidth=1.5, name='stim 0', opacity=1.0, ori=array(0.), pos=array([-0.255 ,  0.0375]), size=array([0.03, 0.03]), units='height', vertices=ndarray(...), win=Window(...))
25.2545 	EXP 	Created stim 1 = Circle(__class__=<class 'psychopy.visual.circle.Circle'>, autoDraw=False, autoLog=True, closeShape=True, contrast=1.0, depth=0, fillColor=array([1., 1., 1.]), fillColorSpace='rgb', fillRGB=array([1., 1., 1.]), interpolate=True, lineColor=array([1., 1., 1.]), lineColorSpace='rgb', lineRGB=array([1., 1., 1.]), lineWidth=1.5, name='stim 1', opacity=1.0, ori=array(0.), pos=array([-0.2075 ,  0.08875]), size=array([0.03, 0.03]), units='height', vertices=ndarray(...), win=Window(...))
25.2562 	EXP 	Created stim 2 = Circle(__class__=<class 'psychopy.visual.circle.Circle'>, autoDraw=False, autoLog=True, closeShape=True, contrast=1.0, depth=0, fillColor=array([1., 1., 1.]), fillColorSpace='rgb', fillRGB=array([1., 1., 1.]), interpolate=True, lineColor=array([1., 1., 1.]), lineColorSpace='rgb', lineRGB=array([1., 1., 1.]), lineWidth=1.5, name='stim 2', opacity=1.0, ori=array(0.), pos=array([-0.1575,  0.1125]), size=array([0.03, 0.03]), units='height', vertices=ndarray(...), win=Window(...))
25.2579 	EXP 	Created stim 3 = Circle(__class__=<class 'psychopy.visual.circle.Circle'>, autoDraw=False, autoLog=True, closeShape=True, contrast=1.0, depth=0, fillColor=array([1., 1., 1.]), fillColorSpace='rgb', fillRGB=array([1., 1., 1.]), interpolate=True, lineColor=array([1., 1., 1.]), lineColorSpace='rgb', lineRGB=array([1., 1., 1.]), lineWidth=1.5, name='stim 3', opacity=1.0, ori=array(0.), pos=array([-0.095,  0.09 ]), size=array([0.03, 0.03]), units='height', vertices=ndarray(...), win=Window(...))
25.2597 	EXP 	Created stim 4 = Circle(__class__=<class 'psychopy.visual.circle.Circle'>, autoDraw=False, autoLog=True, closeShape=True, contrast=1.0, depth=0, fillColor=array([1., 1., 1.]), fillColorSpace='rgb', fillRGB=array([1., 1., 1.]), interpolate=True, lineColor=array([1., 1., 1.]), lineColorSpace='rgb', lineRGB=array([1., 1., 1.]), lineWidth=1.5, name='stim 4', opacity=1.0, ori=array(0.), pos=array([-0.03  , -0.0075]), size=array([0.03, 0.03]), units='height', vertices=ndarray(...), win=Window(...))
25.2614 	EXP 	Created stim 5 = Circle(__class__=<class 'psychopy.visual.circle.Circle'>, autoDraw=False, autoLog=True, closeShape=True, contrast=1.0, depth=0, fillColor=array([1., 1., 1.]), fillColorSpace='rgb', fillRGB=array([1., 1., 1.]), interpolate=True, lineColor=array([1., 1., 1.]), lineColorSpace='rgb', lineRGB=array([1., 1., 1.]), lineWidth=1.5, name='stim 5', opacity=1.0, ori=array(0.), pos=array([ 0.03  , -0.0075]), size=array([0.03, 0.03]), units='height', vertices=ndarray(...), win=Window(...))
25.2631 	EXP 	Created stim 6 = Circle(__class__=<class 'psychopy.visual.circle.Circle'>, autoDraw=False, autoLog=True, closeShape=True, contrast=1.0, depth=0, fillColor=array([1., 1., 1.]), fillColorSpace='rgb', fillRGB=array([1., 1., 1.]), interpolate=True, lineColor=array([1., 1., 1.]), lineColorSpace='rgb', lineRGB=array([1., 1., 1.]), lineWidth=1.5, name='stim 6', opacity=1.0, ori=array(0.), pos=array([0.095, 0.09 ]), size=array([0.03, 0.03]), units='height', vertices=ndarray(...), win=Window(...))
25.2649 	EXP 	Created stim 7 = Circle(__class__=<class 'psychopy.visual.circle.Circle'>, autoDraw=False, autoLog=True, closeShape=True, contrast=1.0, depth=0, fillColor=array([1., 1., 1.]), fillColorSpace='rgb', fillRGB=array([1., 1., 1.]), interpolate=True, lineColor=array([1., 1., 1.]), lineColorSpace='rgb', lineRGB=array([1., 1., 1.]), lineWidth=1.5, name='stim 7', opacity=1.0, ori=array(0.), pos=array([0.1575, 0.1125]), size=array([0.03, 0.03]), units='height', vertices=ndarray(...), win=Window(...))
25.2666 	EXP 	Created stim 8 = Circle(__class__=<class 'psychopy.visual.circle.Circle'>, autoDraw=False, autoLog=True, closeShape=True, contrast=1.0, depth=0, fillColor=array([1., 1., 1.]), fillColorSpace='rgb', fillRGB=array([1., 1., 1.]), interpolate=True, lineColor=array([1., 1., 1.]), lineColorSpace='rgb', lineRGB=array([1., 1., 1.]), lineWidth=1.5, name='stim 8', opacity=1.0, ori=array(0.), pos=array([0.2075 , 0.08875]), size=array([0.03, 0.03]), units='height', vertices=ndarray(...), win=Window(...))
25.2684 	EXP 	Created stim 9 = Circle(__class__=<class 'psychopy.visual.circle.Circle'>, autoDraw=False, autoLog=True, closeShape=True, contrast=1.0, depth=0, fillColor=array([1., 1., 1.]), fillColorSpace='rgb', fillRGB=array([1., 1., 1.]), interpolate=True, lineColor=array([1., 1., 1.]), lineColorSpace='rgb', lineRGB=array([1., 1., 1.]), lineWidth=1.5, name='stim 9', opacity=1.0, ori=array(0.), pos=array([0.255 , 0.0375]), size=array([0.03, 0.03]), units='height', vertices=ndarray(...), win=Window(...))
25.2691 	EXP 	<method-wrapper '__getattribute__' of attributeSetter object at 0x0000021E61F93080>: vertices = array([[-0.3,  0.3],
       [ 0.3,  0.3],
       [ 0.3, -0.3],
       [-0.3, -0.3]])
25.3222 	EXP 	Created pause_text = TextStim(__class__=<class 'psychopy.visual.text.TextStim'>, alignHoriz='center', alignVert='center', antialias=True, autoLog=True, bold=False, color=array([1., 1., 1.]), colorSpace='rgb', contrast=1.0, depth=0, flipHoriz=False, flipVert=False, font='', fontFiles=[], height=0.1, italic=False, name='pause_text', opacity=1.0, ori=0.0, pos=array([0. , 0.8]), rgb=array([1., 1., 1.]), text='Take a break!', units='norm', win=Window(...), wrapWidth=1)
25.3304 	EXP 	Created pause_text = TextStim(__class__=<class 'psychopy.visual.text.TextStim'>, alignHoriz='center', alignVert='center', antialias=True, autoLog=True, bold=False, color=array([1., 1., 1.]), colorSpace='rgb', contrast=1.0, depth=0, flipHoriz=False, flipVert=False, font='', fontFiles=[], height=0.1, italic=False, name='pause_text', opacity=1.0, ori=0.0, pos=array([0. , 0.7]), rgb=array([1., 1., 1.]), text='Press ten times to continue.', units='norm', win=Window(...), wrapWidth=1)
62.1716 	WARNING 	t of last frame was 22.67ms (=1/44)
62.1716 	EXP 	unnamed BufferImageStim: autoDraw = True
62.6489 	INFO 	Trial 0 start: 62.632205
62.6489 	EXP 	Drew image 9 at 0.000000
62.6488 	EXP 	stim 9: autoDraw = True
64.6476 	EXP 	stim 9: fillColor = [-1, 1, -1]
64.9475 	EXP 	stim 9: autoDraw = False
64.9475 	EXP 	stim 9: fillColor = [1, 1, 1]
65.4806 	INFO 	Trial 1 start: 65.463861
65.4806 	EXP 	Drew image 6 at 0.000000
65.4805 	EXP 	stim 6: autoDraw = True
67.7795 	EXP 	stim 6: fillColor = [-1, 1, -1]
68.0794 	EXP 	stim 6: autoDraw = False
68.0794 	EXP 	stim 6: fillColor = [1, 1, 1]
68.6123 	INFO 	Trial 2 start: 68.595604
68.6124 	EXP 	Drew image 6 at 0.000000
68.6123 	EXP 	stim 6: autoDraw = True
69.2952 	EXP 	stim 6: fillColor = [-1, 1, -1]
69.5952 	EXP 	stim 6: autoDraw = False
69.5952 	EXP 	stim 6: fillColor = [1, 1, 1]
70.1281 	INFO 	Trial 3 start: 70.111516
70.1282 	EXP 	Drew image 8 at 0.000000
70.1281 	EXP 	stim 8: autoDraw = True
70.9275 	EXP 	stim 8: fillColor = [-1, 1, -1]
71.2276 	EXP 	stim 8: autoDraw = False
71.2276 	EXP 	stim 8: fillColor = [1, 1, 1]
71.7605 	INFO 	Trial 4 start: 71.743860
71.7606 	EXP 	Drew image 8 at 0.000000
71.7605 	EXP 	stim 8: autoDraw = True
72.7102 	EXP 	stim 8: fillColor = [-1, 1, -1]
73.0098 	EXP 	stim 8: autoDraw = False
73.0098 	EXP 	stim 8: fillColor = [1, 1, 1]
73.5429 	INFO 	Trial 5 start: 73.526258
73.5429 	EXP 	Drew image 4 at 0.000000
73.5429 	EXP 	stim 4: autoDraw = True
74.5757 	EXP 	stim 4: fillColor = [-1, 1, -1]
74.8756 	EXP 	stim 4: autoDraw = False
74.8756 	EXP 	stim 4: fillColor = [1, 1, 1]
75.4086 	INFO 	Trial 6 start: 75.391960
75.4086 	EXP 	Drew image 5 at 0.000000
75.4086 	EXP 	stim 5: autoDraw = True
76.6411 	EXP 	stim 5: fillColor = [-1, 1, -1]
76.9410 	EXP 	stim 5: autoDraw = False
76.9410 	EXP 	stim 5: fillColor = [1, 1, 1]
77.4578 	INFO 	Trial 7 start: 77.441209
77.4579 	EXP 	Drew image 1 at 0.000000
77.4578 	EXP 	stim 1: autoDraw = True
78.5402 	EXP 	stim 1: fillColor = [-1, 1, -1]
78.8561 	WARNING 	t of last frame was 32.70ms (=1/30)
78.8561 	EXP 	stim 1: autoDraw = False
78.8561 	EXP 	stim 1: fillColor = [1, 1, 1]
79.3732 	INFO 	Trial 8 start: 79.356447
79.3732 	EXP 	Drew image 9 at 0.000000
79.3731 	EXP 	stim 9: autoDraw = True
80.4724 	EXP 	stim 9: fillColor = [-1, 1, -1]
80.7723 	EXP 	stim 9: autoDraw = False
80.7723 	EXP 	stim 9: fillColor = [1, 1, 1]
81.2888 	INFO 	Trial 9 start: 81.272134
81.2888 	EXP 	Drew image 4 at 0.000000
81.2887 	EXP 	stim 4: autoDraw = True
82.6713 	EXP 	stim 4: fillColor = [-1, 1, -1]
82.9712 	EXP 	stim 4: autoDraw = False
82.9712 	EXP 	stim 4: fillColor = [1, 1, 1]
83.5042 	INFO 	Trial 10 start: 83.487481
83.5042 	EXP 	Drew image 0 at 0.000000
83.5042 	EXP 	stim 0: autoDraw = True
84.4371 	EXP 	stim 0: fillColor = [-1, 1, -1]
84.7830 	WARNING 	t of last frame was 62.90ms (=1/15)
84.7830 	EXP 	stim 0: autoDraw = False
84.7830 	EXP 	stim 0: fillColor = [1, 1, 1]
84.8032 	WARNING 	t of last frame was 20.18ms (=1/49)
85.2698 	INFO 	Trial 11 start: 85.253191
85.2699 	EXP 	Drew image 9 at 0.000000
85.2698 	EXP 	stim 9: autoDraw = True
86.1029 	EXP 	stim 9: fillColor = [-1, 1, -1]
86.4027 	EXP 	stim 9: autoDraw = False
86.4027 	EXP 	stim 9: fillColor = [1, 1, 1]
86.9358 	INFO 	Trial 12 start: 86.919054
86.9358 	EXP 	Drew image 3 at 0.000000
86.9357 	EXP 	stim 3: autoDraw = True
88.0516 	EXP 	stim 3: fillColor = [-1, 1, -1]
88.3518 	EXP 	stim 3: autoDraw = False
88.3518 	EXP 	stim 3: fillColor = [1, 1, 1]
88.8847 	INFO 	Trial 13 start: 88.867980
88.8848 	EXP 	Drew image 8 at 0.000000
88.8847 	EXP 	stim 8: autoDraw = True
89.5177 	EXP 	stim 8: fillColor = [-1, 1, -1]
89.8175 	EXP 	stim 8: autoDraw = False
89.8175 	EXP 	stim 8: fillColor = [1, 1, 1]
90.3506 	INFO 	Trial 14 start: 90.333948
90.3506 	EXP 	Drew image 7 at 0.000000
90.3506 	EXP 	stim 7: autoDraw = True
90.8837 	EXP 	stim 7: fillColor = [1, -1, -1]
91.8830 	EXP 	stim 7: fillColor = [1, 1, 1]
92.5660 	EXP 	stim 7: fillColor = [-1, 1, -1]
92.8659 	EXP 	stim 7: autoDraw = False
92.8659 	EXP 	stim 7: fillColor = [1, 1, 1]
93.3989 	INFO 	Trial 15 start: 93.382210
93.3990 	EXP 	Drew image 6 at 0.000000
93.3989 	EXP 	stim 6: autoDraw = True
93.9152 	EXP 	stim 6: fillColor = [-1, 1, -1]
94.2152 	EXP 	stim 6: autoDraw = False
94.2152 	EXP 	stim 6: fillColor = [1, 1, 1]
94.7481 	INFO 	Trial 16 start: 94.731342
94.7481 	EXP 	Drew image 1 at 0.000000
94.7481 	EXP 	stim 1: autoDraw = True
95.5145 	EXP 	stim 1: fillColor = [-1, 1, -1]
95.8143 	EXP 	stim 1: autoDraw = False
95.8143 	EXP 	stim 1: fillColor = [1, 1, 1]
96.3475 	INFO 	Trial 17 start: 96.330618
96.3475 	EXP 	Drew image 6 at 0.000000
96.3474 	EXP 	stim 6: autoDraw = True
96.9137 	EXP 	stim 6: fillColor = [-1, 1, -1]
97.2134 	EXP 	stim 6: autoDraw = False
97.2134 	EXP 	stim 6: fillColor = [1, 1, 1]
97.7465 	INFO 	Trial 18 start: 97.729937
97.7466 	EXP 	Drew image 6 at 0.000000
97.7465 	EXP 	stim 6: autoDraw = True
98.2629 	EXP 	stim 6: fillColor = [-1, 1, -1]
98.5462 	EXP 	stim 6: autoDraw = False
98.5462 	EXP 	stim 6: fillColor = [1, 1, 1]
99.0792 	INFO 	Trial 19 start: 99.062463
99.0792 	EXP 	Drew image 2 at 0.000000
99.0792 	EXP 	stim 2: autoDraw = True
99.8954 	EXP 	stim 2: fillColor = [-1, 1, -1]
100.1952 	EXP 	stim 2: autoDraw = False
100.1952 	EXP 	stim 2: fillColor = [1, 1, 1]
100.7282 	INFO 	Trial 20 start: 100.711474
100.7282 	EXP 	Drew image 2 at 0.000000
100.7282 	EXP 	stim 2: autoDraw = True
101.4779 	EXP 	stim 2: fillColor = [-1, 1, -1]
101.7777 	EXP 	stim 2: autoDraw = False
101.7777 	EXP 	stim 2: fillColor = [1, 1, 1]
102.3108 	INFO 	Trial 21 start: 102.294072
102.3108 	EXP 	Drew image 5 at 0.000000
102.3107 	EXP 	stim 5: autoDraw = True
103.0104 	EXP 	stim 5: fillColor = [-1, 1, -1]
103.3102 	EXP 	stim 5: autoDraw = False
103.3102 	EXP 	stim 5: fillColor = [1, 1, 1]
103.8433 	INFO 	Trial 22 start: 103.826611
103.8433 	EXP 	Drew image 9 at 0.000000
103.8433 	EXP 	stim 9: autoDraw = True
104.4429 	EXP 	stim 9: fillColor = [-1, 1, -1]
104.7429 	EXP 	stim 9: autoDraw = False
104.7429 	EXP 	stim 9: fillColor = [1, 1, 1]
105.2758 	INFO 	Trial 23 start: 105.259020
105.2758 	EXP 	Drew image 7 at 0.000000
105.2758 	EXP 	stim 7: autoDraw = True
105.8922 	EXP 	stim 7: fillColor = [-1, 1, -1]
106.1922 	EXP 	stim 7: autoDraw = False
106.1922 	EXP 	stim 7: fillColor = [1, 1, 1]
106.7250 	INFO 	Trial 24 start: 106.708353
106.7251 	EXP 	Drew image 5 at 0.000000
106.7250 	EXP 	stim 5: autoDraw = True
107.3913 	EXP 	stim 5: fillColor = [-1, 1, -1]
107.6913 	EXP 	stim 5: autoDraw = False
107.6913 	EXP 	stim 5: fillColor = [1, 1, 1]
108.2243 	INFO 	Trial 25 start: 108.207576
108.2243 	EXP 	Drew image 0 at 0.000000
108.2243 	EXP 	stim 0: autoDraw = True
108.8407 	EXP 	stim 0: fillColor = [-1, 1, -1]
109.1404 	EXP 	stim 0: autoDraw = False
109.1404 	EXP 	stim 0: fillColor = [1, 1, 1]
109.6734 	INFO 	Trial 26 start: 109.656814
109.6735 	EXP 	Drew image 2 at 0.000000
109.6734 	EXP 	stim 2: autoDraw = True
110.2731 	EXP 	stim 2: fillColor = [-1, 1, -1]
110.5730 	EXP 	stim 2: autoDraw = False
110.5730 	EXP 	stim 2: fillColor = [1, 1, 1]
111.1061 	INFO 	Trial 27 start: 111.089320
111.1061 	EXP 	Drew image 0 at 0.000000
111.1061 	EXP 	stim 0: autoDraw = True
111.6724 	EXP 	stim 0: fillColor = [-1, 1, -1]
111.9722 	EXP 	stim 0: autoDraw = False
111.9722 	EXP 	stim 0: fillColor = [1, 1, 1]
112.5051 	INFO 	Trial 28 start: 112.488652
112.5052 	EXP 	Drew image 7 at 0.000000
112.5051 	EXP 	stim 7: autoDraw = True
113.2882 	EXP 	stim 7: fillColor = [-1, 1, -1]
113.5881 	EXP 	stim 7: autoDraw = False
113.5881 	EXP 	stim 7: fillColor = [1, 1, 1]
114.1211 	INFO 	Trial 29 start: 114.104322
114.1211 	EXP 	Drew image 5 at 0.000000
114.1210 	EXP 	stim 5: autoDraw = True
114.6540 	EXP 	stim 5: fillColor = [-1, 1, -1]
114.9540 	EXP 	stim 5: autoDraw = False
114.9540 	EXP 	stim 5: fillColor = [1, 1, 1]
115.4868 	INFO 	Trial 30 start: 115.470226
115.4869 	EXP 	Drew image 0 at 0.000000
115.4868 	EXP 	stim 0: autoDraw = True
116.0034 	EXP 	stim 0: fillColor = [-1, 1, -1]
116.3109 	WARNING 	t of last frame was 24.29ms (=1/41)
116.3109 	EXP 	stim 0: autoDraw = False
116.3109 	EXP 	stim 0: fillColor = [1, 1, 1]
116.8197 	INFO 	Trial 31 start: 116.803276
116.8197 	EXP 	Drew image 7 at 0.000000
116.8197 	EXP 	stim 7: autoDraw = True
117.4525 	EXP 	stim 7: fillColor = [-1, 1, -1]
117.7524 	EXP 	stim 7: autoDraw = False
117.7524 	EXP 	stim 7: fillColor = [1, 1, 1]
118.2855 	INFO 	Trial 32 start: 118.268779
118.2855 	EXP 	Drew image 0 at 0.000000
118.2854 	EXP 	stim 0: autoDraw = True
118.8351 	EXP 	stim 0: fillColor = [-1, 1, -1]
119.1350 	EXP 	stim 0: autoDraw = False
119.1350 	EXP 	stim 0: fillColor = [1, 1, 1]
119.6680 	INFO 	Trial 33 start: 119.651297
119.6681 	EXP 	Drew image 8 at 0.000000
119.6680 	EXP 	stim 8: autoDraw = True
120.4176 	EXP 	stim 8: fillColor = [-1, 1, -1]
120.7176 	EXP 	stim 8: autoDraw = False
120.7176 	EXP 	stim 8: fillColor = [1, 1, 1]
121.2505 	INFO 	Trial 34 start: 121.233750
121.2505 	EXP 	Drew image 2 at 0.000000
121.2505 	EXP 	stim 2: autoDraw = True
121.8835 	EXP 	stim 2: fillColor = [-1, 1, -1]
122.1834 	EXP 	stim 2: autoDraw = False
122.1834 	EXP 	stim 2: fillColor = [1, 1, 1]
122.7164 	INFO 	Trial 35 start: 122.699722
122.7165 	EXP 	Drew image 3 at 0.000000
122.7164 	EXP 	stim 3: autoDraw = True
123.4160 	EXP 	stim 3: fillColor = [-1, 1, -1]
123.7159 	EXP 	stim 3: autoDraw = False
123.7159 	EXP 	stim 3: fillColor = [1, 1, 1]
124.2322 	INFO 	Trial 36 start: 124.215798
124.2322 	EXP 	Drew image 4 at 0.000000
124.2321 	EXP 	stim 4: autoDraw = True
124.9319 	EXP 	stim 4: fillColor = [-1, 1, -1]
125.2317 	EXP 	stim 4: autoDraw = False
125.2317 	EXP 	stim 4: fillColor = [1, 1, 1]
125.7647 	INFO 	Trial 37 start: 125.747986
125.7647 	EXP 	Drew image 3 at 0.000000
125.7646 	EXP 	stim 3: autoDraw = True
126.5976 	EXP 	stim 3: fillColor = [-1, 1, -1]
126.8976 	EXP 	stim 3: autoDraw = False
126.8976 	EXP 	stim 3: fillColor = [1, 1, 1]
127.4306 	INFO 	Trial 38 start: 127.413837
127.4306 	EXP 	Drew image 4 at 0.000000
127.4306 	EXP 	stim 4: autoDraw = True
127.9802 	EXP 	stim 4: fillColor = [-1, 1, -1]
128.2801 	EXP 	stim 4: autoDraw = False
128.2801 	EXP 	stim 4: fillColor = [1, 1, 1]
128.8131 	INFO 	Trial 39 start: 128.796511
128.8132 	EXP 	Drew image 3 at 0.000000
128.8131 	EXP 	stim 3: autoDraw = True
129.3129 	EXP 	stim 3: fillColor = [-1, 1, -1]
129.6127 	EXP 	stim 3: autoDraw = False
129.6127 	EXP 	stim 3: fillColor = [1, 1, 1]
130.1291 	INFO 	Trial 40 start: 130.112500
130.1291 	EXP 	Drew image 7 at 0.000000
130.1290 	EXP 	stim 7: autoDraw = True
130.6953 	EXP 	stim 7: fillColor = [-1, 1, -1]
130.9953 	EXP 	stim 7: autoDraw = False
130.9953 	EXP 	stim 7: fillColor = [1, 1, 1]
131.5283 	INFO 	Trial 41 start: 131.511617
131.5284 	EXP 	Drew image 8 at 0.000000
131.5283 	EXP 	stim 8: autoDraw = True
132.0947 	EXP 	stim 8: fillColor = [-1, 1, -1]
132.3945 	EXP 	stim 8: autoDraw = False
132.3945 	EXP 	stim 8: fillColor = [1, 1, 1]
132.9275 	INFO 	Trial 42 start: 132.910803
132.9275 	EXP 	Drew image 9 at 0.000000
132.9275 	EXP 	stim 9: autoDraw = True
133.5108 	EXP 	stim 9: fillColor = [-1, 1, -1]
133.8104 	EXP 	stim 9: autoDraw = False
133.8104 	EXP 	stim 9: fillColor = [1, 1, 1]
134.3435 	INFO 	Trial 43 start: 134.326786
134.3435 	EXP 	Drew image 5 at 0.000000
134.3435 	EXP 	stim 5: autoDraw = True
134.8432 	EXP 	stim 5: fillColor = [-1, 1, -1]
135.1430 	EXP 	stim 5: autoDraw = False
135.1430 	EXP 	stim 5: fillColor = [1, 1, 1]
135.6594 	INFO 	Trial 44 start: 135.642753
135.6594 	EXP 	Drew image 1 at 0.000000
135.6594 	EXP 	stim 1: autoDraw = True
136.4756 	EXP 	stim 1: fillColor = [-1, 1, -1]
136.7756 	EXP 	stim 1: autoDraw = False
136.7756 	EXP 	stim 1: fillColor = [1, 1, 1]
137.3086 	INFO 	Trial 45 start: 137.291857
137.3086 	EXP 	Drew image 3 at 0.000000
137.3086 	EXP 	stim 3: autoDraw = True
137.8916 	EXP 	stim 3: fillColor = [-1, 1, -1]
138.1914 	EXP 	stim 3: autoDraw = False
138.1914 	EXP 	stim 3: fillColor = [1, 1, 1]
138.7245 	INFO 	Trial 46 start: 138.707732
138.7245 	EXP 	Drew image 4 at 0.000000
138.7245 	EXP 	stim 4: autoDraw = True
139.3741 	EXP 	stim 4: fillColor = [-1, 1, -1]
139.6738 	EXP 	stim 4: autoDraw = False
139.6738 	EXP 	stim 4: fillColor = [1, 1, 1]
140.2070 	INFO 	Trial 47 start: 140.190297
140.2070 	EXP 	Drew image 1 at 0.000000
140.2069 	EXP 	stim 1: autoDraw = True
140.8566 	EXP 	stim 1: fillColor = [-1, 1, -1]
141.1564 	EXP 	stim 1: autoDraw = False
141.1564 	EXP 	stim 1: fillColor = [1, 1, 1]
141.6896 	INFO 	Trial 48 start: 141.672850
141.6896 	EXP 	Drew image 1 at 0.000000
141.6896 	EXP 	stim 1: autoDraw = True
142.3058 	EXP 	stim 1: fillColor = [-1, 1, -1]
142.6057 	EXP 	stim 1: autoDraw = False
142.6057 	EXP 	stim 1: fillColor = [1, 1, 1]
143.1221 	INFO 	Trial 49 start: 143.105380
143.1221 	EXP 	Drew image 2 at 0.000000
143.1221 	EXP 	stim 2: autoDraw = True
143.7052 	EXP 	stim 2: fillColor = [-1, 1, -1]
144.0049 	EXP 	stim 2: autoDraw = False
144.0049 	EXP 	stim 2: fillColor = [1, 1, 1]
144.0643 	EXP 	window1: mouseVisible = True
