0.0991 	INFO 	Loaded SoundDevice with PortAudio V19.6.0-devel, revision 396fe4b6699ae929d3a685b3ef8a7e97396139a4
0.0992 	INFO 	sound is using audioLib: sounddevice
4.1449 	INFO 	Loaded monitor calibration from ['2018_01_10 10:27']
75.7348 	WARNING 	Monitor specification not found. Creating a temporary one...
75.7702 	WARNING 	Requested an unavailable screen number - using first available.
75.7704 	WARNING 	User requested fullscreen with size [800 800], but screen is actually [1680, 1050]. Using actual size
77.5167 	EXP 	Created window1 = Window(allowGUI=False, allowStencil=False, args=UNKNOWN, autoLog=True, bitsMode=UNKNOWN, blendMode='avg', color=array([-1., -1., -1.]), colorSpace='rgb', fullscr=UNKNOWN, gamma=None, kwargs=UNKNOWN, lms=UNKNOWN, monitor=<psychopy.monitors.calibTools.Monitor object at 0x000002909E500630>, multiSample=False, name='window1', numSamples=2, pos=(0, 0), screen=1, size=array([1680, 1050]), stereo=False, units='height', useFBO=False, useRetina=False, viewOri=0.0, viewPos=None, viewScale=None, waitBlanking=True, winType='pyglet')
77.5167 	EXP 	window1: recordFrameIntervals = True
78.0449 	EXP 	Created stim ᛋ = TextStim(__class__=<class 'psychopy.visual.text.TextStim'>, alignHoriz='center', alignVert='center', antialias=True, autoLog=True, bold=False, color=array([1., 1., 1.]), colorSpace='rgb', contrast=1.0, depth=0, flipHoriz=False, flipVert=False, font='FreeMono', fontFiles=[], height=0.25, italic=False, name='stim ᛋ', opacity=1.0, ori=0.0, pos=array([0., 0.]), rgb=array([1., 1., 1.]), text='ᛋ', units='height', win=Window(...), wrapWidth=1)
78.0553 	EXP 	Created stim ᚢ = TextStim(__class__=<class 'psychopy.visual.text.TextStim'>, alignHoriz='center', alignVert='center', antialias=True, autoLog=True, bold=False, color=array([1., 1., 1.]), colorSpace='rgb', contrast=1.0, depth=0, flipHoriz=False, flipVert=False, font='FreeMono', fontFiles=[], height=0.25, italic=False, name='stim ᚢ', opacity=1.0, ori=0.0, pos=array([0., 0.]), rgb=array([1., 1., 1.]), text='ᚢ', units='height', win=Window(...), wrapWidth=1)
78.0633 	EXP 	Created stim ᚬ = TextStim(__class__=<class 'psychopy.visual.text.TextStim'>, alignHoriz='center', alignVert='center', antialias=True, autoLog=True, bold=False, color=array([1., 1., 1.]), colorSpace='rgb', contrast=1.0, depth=0, flipHoriz=False, flipVert=False, font='FreeMono', fontFiles=[], height=0.25, italic=False, name='stim ᚬ', opacity=1.0, ori=0.0, pos=array([0., 0.]), rgb=array([1., 1., 1.]), text='ᚬ', units='height', win=Window(...), wrapWidth=1)
78.0715 	EXP 	Created stim ᚠ = TextStim(__class__=<class 'psychopy.visual.text.TextStim'>, alignHoriz='center', alignVert='center', antialias=True, autoLog=True, bold=False, color=array([1., 1., 1.]), colorSpace='rgb', contrast=1.0, depth=0, flipHoriz=False, flipVert=False, font='FreeMono', fontFiles=[], height=0.25, italic=False, name='stim ᚠ', opacity=1.0, ori=0.0, pos=array([0., 0.]), rgb=array([1., 1., 1.]), text='ᚠ', units='height', win=Window(...), wrapWidth=1)
78.0804 	EXP 	Created stim ᚻ = TextStim(__class__=<class 'psychopy.visual.text.TextStim'>, alignHoriz='center', alignVert='center', antialias=True, autoLog=True, bold=False, color=array([1., 1., 1.]), colorSpace='rgb', contrast=1.0, depth=0, flipHoriz=False, flipVert=False, font='FreeMono', fontFiles=[], height=0.25, italic=False, name='stim ᚻ', opacity=1.0, ori=0.0, pos=array([0., 0.]), rgb=array([1., 1., 1.]), text='ᚻ', units='height', win=Window(...), wrapWidth=1)
78.0888 	EXP 	Created stim ᚣ = TextStim(__class__=<class 'psychopy.visual.text.TextStim'>, alignHoriz='center', alignVert='center', antialias=True, autoLog=True, bold=False, color=array([1., 1., 1.]), colorSpace='rgb', contrast=1.0, depth=0, flipHoriz=False, flipVert=False, font='FreeMono', fontFiles=[], height=0.25, italic=False, name='stim ᚣ', opacity=1.0, ori=0.0, pos=array([0., 0.]), rgb=array([1., 1., 1.]), text='ᚣ', units='height', win=Window(...), wrapWidth=1)
78.0981 	EXP 	Created stim ᚦ = TextStim(__class__=<class 'psychopy.visual.text.TextStim'>, alignHoriz='center', alignVert='center', antialias=True, autoLog=True, bold=False, color=array([1., 1., 1.]), colorSpace='rgb', contrast=1.0, depth=0, flipHoriz=False, flipVert=False, font='FreeMono', fontFiles=[], height=0.25, italic=False, name='stim ᚦ', opacity=1.0, ori=0.0, pos=array([0., 0.]), rgb=array([1., 1., 1.]), text='ᚦ', units='height', win=Window(...), wrapWidth=1)
78.1062 	EXP 	Created stim ᚳ = TextStim(__class__=<class 'psychopy.visual.text.TextStim'>, alignHoriz='center', alignVert='center', antialias=True, autoLog=True, bold=False, color=array([1., 1., 1.]), colorSpace='rgb', contrast=1.0, depth=0, flipHoriz=False, flipVert=False, font='FreeMono', fontFiles=[], height=0.25, italic=False, name='stim ᚳ', opacity=1.0, ori=0.0, pos=array([0., 0.]), rgb=array([1., 1., 1.]), text='ᚳ', units='height', win=Window(...), wrapWidth=1)
78.1161 	EXP 	Created stim ᛇ = TextStim(__class__=<class 'psychopy.visual.text.TextStim'>, alignHoriz='center', alignVert='center', antialias=True, autoLog=True, bold=False, color=array([1., 1., 1.]), colorSpace='rgb', contrast=1.0, depth=0, flipHoriz=False, flipVert=False, font='FreeMono', fontFiles=[], height=0.25, italic=False, name='stim ᛇ', opacity=1.0, ori=0.0, pos=array([0., 0.]), rgb=array([1., 1., 1.]), text='ᛇ', units='height', win=Window(...), wrapWidth=1)
78.1278 	EXP 	Created stim ᚼ = TextStim(__class__=<class 'psychopy.visual.text.TextStim'>, alignHoriz='center', alignVert='center', antialias=True, autoLog=True, bold=False, color=array([1., 1., 1.]), colorSpace='rgb', contrast=1.0, depth=0, flipHoriz=False, flipVert=False, font='FreeMono', fontFiles=[], height=0.25, italic=False, name='stim ᚼ', opacity=1.0, ori=0.0, pos=array([0., 0.]), rgb=array([1., 1., 1.]), text='ᚼ', units='height', win=Window(...), wrapWidth=1)
78.1963 	EXP 	<method-wrapper '__getattribute__' of attributeSetter object at 0x0000029016643080>: vertices = array([[-0.3,  0.3],
       [ 0.3,  0.3],
       [ 0.3, -0.3],
       [-0.3, -0.3]])
78.2221 	EXP 	Created pause_text = TextStim(__class__=<class 'psychopy.visual.text.TextStim'>, alignHoriz='center', alignVert='center', antialias=True, autoLog=True, bold=False, color=array([1., 1., 1.]), colorSpace='rgb', contrast=1.0, depth=0, flipHoriz=False, flipVert=False, font='', fontFiles=[], height=0.1, italic=False, name='pause_text', opacity=1.0, ori=0.0, pos=array([0. , 0.8]), rgb=array([1., 1., 1.]), text='Take a break!', units='norm', win=Window(...), wrapWidth=1)
78.2309 	EXP 	Created pause_text = TextStim(__class__=<class 'psychopy.visual.text.TextStim'>, alignHoriz='center', alignVert='center', antialias=True, autoLog=True, bold=False, color=array([1., 1., 1.]), colorSpace='rgb', contrast=1.0, depth=0, flipHoriz=False, flipVert=False, font='', fontFiles=[], height=0.1, italic=False, name='pause_text', opacity=1.0, ori=0.0, pos=array([0. , 0.7]), rgb=array([1., 1., 1.]), text='Press ten times to continue.', units='norm', win=Window(...), wrapWidth=1)
85.1212 	WARNING 	t of last frame was 1542.16ms (=1/0)
85.4781 	INFO 	Trial 0 start: 85.461369
85.4781 	EXP 	Drew image 2 at 0.000000
85.4780 	EXP 	stim ᚬ: autoDraw = True
86.1613 	EXP 	stim ᚬ: color = [-1, 1, -1]
86.4612 	EXP 	stim ᚬ: autoDraw = False
86.4612 	EXP 	stim ᚬ: color = [1, 1, 1]
86.9938 	INFO 	Trial 1 start: 86.977101
86.9939 	EXP 	Drew image 5 at 0.000000
86.9938 	EXP 	stim ᚣ: autoDraw = True
87.7269 	EXP 	stim ᚣ: color = [-1, 1, -1]
88.0101 	EXP 	stim ᚣ: autoDraw = False
88.0101 	EXP 	stim ᚣ: color = [1, 1, 1]
88.5430 	INFO 	Trial 2 start: 88.526314
88.5430 	EXP 	Drew image 0 at 0.000000
88.5429 	EXP 	stim ᛋ: autoDraw = True
89.0429 	EXP 	stim ᛋ: color = [-1, 1, -1]
89.3517 	WARNING 	t of last frame was 25.92ms (=1/38)
89.3517 	EXP 	stim ᛋ: autoDraw = False
89.3517 	EXP 	stim ᛋ: color = [1, 1, 1]
89.8589 	INFO 	Trial 3 start: 89.842343
89.8590 	EXP 	Drew image 6 at 0.000000
89.8589 	EXP 	stim ᚦ: autoDraw = True
90.7585 	EXP 	stim ᚦ: color = [-1, 1, -1]
91.0586 	EXP 	stim ᚦ: autoDraw = False
91.0586 	EXP 	stim ᚦ: color = [1, 1, 1]
91.5748 	INFO 	Trial 4 start: 91.558523
91.5749 	EXP 	Drew image 1 at 0.000000
91.5748 	EXP 	stim ᚢ: autoDraw = True
92.5076 	EXP 	stim ᚢ: color = [1, -1, -1]
93.5071 	EXP 	stim ᚢ: color = [1, 1, 1]
93.8236 	EXP 	stim ᚢ: color = [-1, 1, -1]
94.1067 	EXP 	stim ᚢ: autoDraw = False
94.1067 	EXP 	stim ᚢ: color = [1, 1, 1]
94.6231 	INFO 	Trial 5 start: 94.606991
94.6232 	EXP 	Drew image 2 at 0.000000
94.6231 	EXP 	stim ᚬ: autoDraw = True
95.1561 	EXP 	stim ᚬ: color = [-1, 1, -1]
95.4559 	EXP 	stim ᚬ: autoDraw = False
95.4559 	EXP 	stim ᚬ: color = [1, 1, 1]
95.9732 	INFO 	Trial 6 start: 95.956229
95.9732 	EXP 	Drew image 7 at 0.000000
95.9732 	EXP 	stim ᚳ: autoDraw = True
96.6391 	EXP 	stim ᚳ: color = [-1, 1, -1]
96.9584 	WARNING 	t of last frame was 36.66ms (=1/27)
96.9584 	EXP 	stim ᚳ: autoDraw = False
96.9584 	EXP 	stim ᚳ: color = [1, 1, 1]
97.4558 	INFO 	Trial 7 start: 97.439206
97.4558 	EXP 	Drew image 8 at 0.000000
97.4558 	EXP 	stim ᛇ: autoDraw = True
97.9549 	EXP 	stim ᛇ: color = [1, -1, -1]
98.9544 	EXP 	stim ᛇ: color = [1, 1, 1]
99.3208 	EXP 	stim ᛇ: color = [-1, 1, -1]
99.6205 	EXP 	stim ᛇ: autoDraw = False
99.6205 	EXP 	stim ᛇ: color = [1, 1, 1]
100.1539 	INFO 	Trial 8 start: 100.136680
100.1539 	EXP 	Drew image 2 at 0.000000
100.1539 	EXP 	stim ᚬ: autoDraw = True
100.7364 	EXP 	stim ᚬ: color = [-1, 1, -1]
101.0364 	EXP 	stim ᚬ: autoDraw = False
101.0364 	EXP 	stim ᚬ: color = [1, 1, 1]
101.5697 	INFO 	Trial 9 start: 101.552646
101.5697 	EXP 	Drew image 6 at 0.000000
101.5697 	EXP 	stim ᚦ: autoDraw = True
102.2193 	EXP 	stim ᚦ: color = [-1, 1, -1]
102.5259 	WARNING 	t of last frame was 23.76ms (=1/42)
102.5259 	EXP 	stim ᚦ: autoDraw = False
102.5259 	EXP 	stim ᚦ: color = [1, 1, 1]
103.0519 	INFO 	Trial 10 start: 103.035202
103.0520 	EXP 	Drew image 3 at 0.000000
103.0519 	EXP 	stim ᚠ: autoDraw = True
103.6852 	EXP 	stim ᚠ: color = [1, -1, -1]
104.6844 	EXP 	stim ᚠ: color = [1, 1, 1]
104.9508 	EXP 	stim ᚠ: color = [1, -1, -1]
105.9504 	EXP 	stim ᚠ: color = [1, 1, 1]
106.6667 	EXP 	stim ᚠ: color = [-1, 1, -1]
106.9667 	EXP 	stim ᚠ: autoDraw = False
106.9667 	EXP 	stim ᚠ: color = [1, 1, 1]
107.4835 	INFO 	Trial 11 start: 107.467003
107.4836 	EXP 	Drew image 2 at 0.000000
107.4835 	EXP 	stim ᚬ: autoDraw = True
108.0499 	EXP 	stim ᚬ: color = [-1, 1, -1]
108.3490 	EXP 	stim ᚬ: autoDraw = False
108.3490 	EXP 	stim ᚬ: color = [1, 1, 1]
108.8661 	INFO 	Trial 12 start: 108.849167
108.8661 	EXP 	Drew image 6 at 0.000000
108.8661 	EXP 	stim ᚦ: autoDraw = True
109.4322 	EXP 	stim ᚦ: color = [-1, 1, -1]
109.7348 	EXP 	stim ᚦ: autoDraw = False
109.7348 	EXP 	stim ᚦ: color = [1, 1, 1]
110.2647 	INFO 	Trial 13 start: 110.247963
110.2648 	EXP 	Drew image 4 at 0.000000
110.2647 	EXP 	stim ᚻ: autoDraw = True
110.8977 	EXP 	stim ᚻ: color = [1, -1, -1]
111.8971 	EXP 	stim ᚻ: color = [1, 1, 1]
112.2307 	EXP 	stim ᚻ: color = [-1, 1, -1]
112.5306 	EXP 	stim ᚻ: autoDraw = False
112.5306 	EXP 	stim ᚻ: color = [1, 1, 1]
113.0632 	INFO 	Trial 14 start: 113.046723
113.0632 	EXP 	Drew image 9 at 0.000000
113.0632 	EXP 	stim ᚼ: autoDraw = True
113.5966 	EXP 	stim ᚼ: color = [1, -1, -1]
114.5961 	EXP 	stim ᚼ: color = [1, 1, 1]
114.8793 	EXP 	stim ᚼ: color = [-1, 1, -1]
115.1789 	EXP 	stim ᚼ: autoDraw = False
115.1789 	EXP 	stim ᚼ: color = [1, 1, 1]
115.7118 	INFO 	Trial 15 start: 115.695522
115.7118 	EXP 	Drew image 9 at 0.000000
115.7118 	EXP 	stim ᚼ: autoDraw = True
116.1781 	EXP 	stim ᚼ: color = [-1, 1, -1]
116.4786 	EXP 	stim ᚼ: autoDraw = False
116.4786 	EXP 	stim ᚼ: color = [1, 1, 1]
116.9949 	INFO 	Trial 16 start: 116.978040
116.9949 	EXP 	Drew image 3 at 0.000000
116.9948 	EXP 	stim ᚠ: autoDraw = True
117.6274 	EXP 	stim ᚠ: color = [-1, 1, -1]
118.0151 	WARNING 	t of last frame was 104.67ms (=1/9)
118.0151 	EXP 	stim ᚠ: autoDraw = False
118.0151 	EXP 	stim ᚠ: color = [1, 1, 1]
118.4436 	INFO 	Trial 17 start: 118.427388
118.4436 	EXP 	Drew image 8 at 0.000000
118.4435 	EXP 	stim ᛇ: autoDraw = True
118.9770 	EXP 	stim ᛇ: color = [-1, 1, -1]
119.2770 	EXP 	stim ᛇ: autoDraw = False
119.2770 	EXP 	stim ᛇ: color = [1, 1, 1]
119.7929 	INFO 	Trial 18 start: 119.776612
119.7929 	EXP 	Drew image 1 at 0.000000
119.7929 	EXP 	stim ᚢ: autoDraw = True
120.4259 	EXP 	stim ᚢ: color = [1, -1, -1]
121.4254 	EXP 	stim ᚢ: color = [1, 1, 1]
121.8752 	EXP 	stim ᚢ: color = [-1, 1, -1]
122.1754 	EXP 	stim ᚢ: autoDraw = False
122.1754 	EXP 	stim ᚢ: color = [1, 1, 1]
122.6916 	INFO 	Trial 19 start: 122.675214
122.6917 	EXP 	Drew image 4 at 0.000000
122.6916 	EXP 	stim ᚻ: autoDraw = True
123.5247 	EXP 	stim ᚻ: color = [-1, 1, -1]
123.8242 	EXP 	stim ᚻ: autoDraw = False
123.8242 	EXP 	stim ᚻ: color = [1, 1, 1]
124.3572 	INFO 	Trial 20 start: 124.340451
124.3572 	EXP 	Drew image 0 at 0.000000
124.3571 	EXP 	stim ᛋ: autoDraw = True
124.9571 	EXP 	stim ᛋ: color = [-1, 1, -1]
125.2647 	WARNING 	t of last frame was 24.53ms (=1/40)
125.2647 	EXP 	stim ᛋ: autoDraw = False
125.2647 	EXP 	stim ᛋ: color = [1, 1, 1]
125.7900 	INFO 	Trial 21 start: 125.773110
125.7900 	EXP 	Drew image 0 at 0.000000
125.7899 	EXP 	stim ᛋ: autoDraw = True
126.2733 	EXP 	stim ᛋ: color = [-1, 1, -1]
126.5728 	EXP 	stim ᛋ: autoDraw = False
126.5728 	EXP 	stim ᛋ: color = [1, 1, 1]
127.0895 	INFO 	Trial 22 start: 127.072307
127.0896 	EXP 	Drew image 9 at 0.000000
127.0895 	EXP 	stim ᚼ: autoDraw = True
127.6723 	EXP 	stim ᚼ: color = [-1, 1, -1]
127.9721 	EXP 	stim ᚼ: autoDraw = False
127.9721 	EXP 	stim ᚼ: color = [1, 1, 1]
128.5048 	INFO 	Trial 23 start: 128.488071
128.5049 	EXP 	Drew image 4 at 0.000000
128.5048 	EXP 	stim ᚻ: autoDraw = True
129.1879 	EXP 	stim ᚻ: color = [-1, 1, -1]
129.4882 	EXP 	stim ᚻ: autoDraw = False
129.4882 	EXP 	stim ᚻ: color = [1, 1, 1]
130.0210 	INFO 	Trial 24 start: 130.004201
130.0210 	EXP 	Drew image 4 at 0.000000
130.0209 	EXP 	stim ᚻ: autoDraw = True
130.6205 	EXP 	stim ᚻ: color = [-1, 1, -1]
130.9266 	WARNING 	t of last frame was 22.71ms (=1/44)
130.9266 	EXP 	stim ᚻ: autoDraw = False
130.9266 	EXP 	stim ᚻ: color = [1, 1, 1]
131.4368 	INFO 	Trial 25 start: 131.420253
131.4368 	EXP 	Drew image 3 at 0.000000
131.4367 	EXP 	stim ᚠ: autoDraw = True
132.0031 	EXP 	stim ᚠ: color = [-1, 1, -1]
132.3031 	EXP 	stim ᚠ: autoDraw = False
132.3031 	EXP 	stim ᚠ: color = [1, 1, 1]
132.8358 	INFO 	Trial 26 start: 132.819182
132.8358 	EXP 	Drew image 3 at 0.000000
132.8358 	EXP 	stim ᚠ: autoDraw = True
133.3026 	EXP 	stim ᚠ: color = [-1, 1, -1]
133.6022 	EXP 	stim ᚠ: autoDraw = False
133.6022 	EXP 	stim ᚠ: color = [1, 1, 1]
134.1351 	INFO 	Trial 27 start: 134.118367
134.1352 	EXP 	Drew image 9 at 0.000000
134.1351 	EXP 	stim ᚼ: autoDraw = True
134.7351 	EXP 	stim ᚼ: color = [-1, 1, -1]
135.0346 	EXP 	stim ᚼ: autoDraw = False
135.0346 	EXP 	stim ᚼ: color = [1, 1, 1]
135.5680 	INFO 	Trial 28 start: 135.551100
135.5681 	EXP 	Drew image 4 at 0.000000
135.5680 	EXP 	stim ᚻ: autoDraw = True
136.3011 	EXP 	stim ᚻ: color = [-1, 1, -1]
136.6066 	WARNING 	t of last frame was 22.59ms (=1/44)
136.6066 	EXP 	stim ᚻ: autoDraw = False
136.6066 	EXP 	stim ᚻ: color = [1, 1, 1]
137.1338 	INFO 	Trial 29 start: 137.117378
137.1338 	EXP 	Drew image 5 at 0.000000
137.1338 	EXP 	stim ᚣ: autoDraw = True
137.8001 	EXP 	stim ᚣ: color = [-1, 1, -1]
138.0999 	EXP 	stim ᚣ: autoDraw = False
138.0999 	EXP 	stim ᚣ: color = [1, 1, 1]
138.6331 	INFO 	Trial 30 start: 138.616399
138.6331 	EXP 	Drew image 7 at 0.000000
138.6331 	EXP 	stim ᚳ: autoDraw = True
139.1996 	EXP 	stim ᚳ: color = [-1, 1, -1]
139.4994 	EXP 	stim ᚳ: autoDraw = False
139.4994 	EXP 	stim ᚳ: color = [1, 1, 1]
140.0157 	INFO 	Trial 31 start: 139.999051
140.0158 	EXP 	Drew image 5 at 0.000000
140.0157 	EXP 	stim ᚣ: autoDraw = True
140.5988 	EXP 	stim ᚣ: color = [1, -1, -1]
141.5980 	EXP 	stim ᚣ: color = [1, 1, 1]
141.8980 	EXP 	stim ᚣ: color = [-1, 1, -1]
142.2066 	WARNING 	t of last frame was 25.46ms (=1/39)
142.2066 	EXP 	stim ᚣ: autoDraw = False
142.2066 	EXP 	stim ᚣ: color = [1, 1, 1]
142.7143 	INFO 	Trial 32 start: 142.697600
142.7143 	EXP 	Drew image 0 at 0.000000
142.7142 	EXP 	stim ᛋ: autoDraw = True
143.3974 	EXP 	stim ᛋ: color = [-1, 1, -1]
143.6971 	EXP 	stim ᛋ: autoDraw = False
143.6971 	EXP 	stim ᛋ: color = [1, 1, 1]
144.2299 	INFO 	Trial 33 start: 144.213230
144.2299 	EXP 	Drew image 1 at 0.000000
144.2299 	EXP 	stim ᚢ: autoDraw = True
144.7793 	EXP 	stim ᚢ: color = [-1, 1, -1]
145.0793 	EXP 	stim ᚢ: autoDraw = False
145.0793 	EXP 	stim ᚢ: color = [1, 1, 1]
145.6123 	INFO 	Trial 34 start: 145.595568
145.6123 	EXP 	Drew image 3 at 0.000000
145.6123 	EXP 	stim ᚠ: autoDraw = True
146.1621 	EXP 	stim ᚠ: color = [-1, 1, -1]
146.4620 	EXP 	stim ᚠ: autoDraw = False
146.4620 	EXP 	stim ᚠ: color = [1, 1, 1]
146.9950 	INFO 	Trial 35 start: 146.978242
146.9950 	EXP 	Drew image 6 at 0.000000
146.9950 	EXP 	stim ᚦ: autoDraw = True
147.6784 	EXP 	stim ᚦ: color = [-1, 1, -1]
147.9777 	EXP 	stim ᚦ: autoDraw = False
147.9777 	EXP 	stim ᚦ: color = [1, 1, 1]
148.5115 	INFO 	Trial 36 start: 148.494730
148.5115 	EXP 	Drew image 8 at 0.000000
148.5115 	EXP 	stim ᛇ: autoDraw = True
149.0605 	EXP 	stim ᛇ: color = [1, -1, -1]
150.0599 	EXP 	stim ᛇ: color = [1, 1, 1]
150.3099 	EXP 	stim ᛇ: color = [-1, 1, -1]
150.6096 	EXP 	stim ᛇ: autoDraw = False
150.6096 	EXP 	stim ᛇ: color = [1, 1, 1]
151.1430 	INFO 	Trial 37 start: 151.126043
151.1430 	EXP 	Drew image 8 at 0.000000
151.1430 	EXP 	stim ᛇ: autoDraw = True
151.6590 	EXP 	stim ᛇ: color = [-1, 1, -1]
151.9590 	EXP 	stim ᛇ: autoDraw = False
151.9590 	EXP 	stim ᛇ: color = [1, 1, 1]
152.4922 	INFO 	Trial 38 start: 152.475416
152.4922 	EXP 	Drew image 1 at 0.000000
152.4921 	EXP 	stim ᚢ: autoDraw = True
153.0584 	EXP 	stim ᚢ: color = [-1, 1, -1]
153.3582 	EXP 	stim ᚢ: autoDraw = False
153.3582 	EXP 	stim ᚢ: color = [1, 1, 1]
153.8914 	INFO 	Trial 39 start: 153.874548
153.8915 	EXP 	Drew image 2 at 0.000000
153.8914 	EXP 	stim ᚬ: autoDraw = True
154.4077 	EXP 	stim ᚬ: color = [-1, 1, -1]
154.7076 	EXP 	stim ᚬ: autoDraw = False
154.7076 	EXP 	stim ᚬ: color = [1, 1, 1]
155.2404 	INFO 	Trial 40 start: 155.223757
155.2405 	EXP 	Drew image 9 at 0.000000
155.2404 	EXP 	stim ᚼ: autoDraw = True
155.8067 	EXP 	stim ᚼ: color = [-1, 1, -1]
156.1066 	EXP 	stim ᚼ: autoDraw = False
156.1066 	EXP 	stim ᚼ: color = [1, 1, 1]
156.6398 	INFO 	Trial 41 start: 156.623156
156.6398 	EXP 	Drew image 5 at 0.000000
156.6397 	EXP 	stim ᚣ: autoDraw = True
157.2062 	EXP 	stim ᚣ: color = [-1, 1, -1]
157.5060 	EXP 	stim ᚣ: autoDraw = False
157.5060 	EXP 	stim ᚣ: color = [1, 1, 1]
158.0389 	INFO 	Trial 42 start: 158.022188
158.0390 	EXP 	Drew image 7 at 0.000000
158.0389 	EXP 	stim ᚳ: autoDraw = True
158.5552 	EXP 	stim ᚳ: color = [-1, 1, -1]
158.8555 	EXP 	stim ᚳ: autoDraw = False
158.8555 	EXP 	stim ᚳ: color = [1, 1, 1]
159.3883 	INFO 	Trial 43 start: 159.371427
159.3884 	EXP 	Drew image 6 at 0.000000
159.3883 	EXP 	stim ᚦ: autoDraw = True
159.9213 	EXP 	stim ᚦ: color = [-1, 1, -1]
160.2212 	EXP 	stim ᚦ: autoDraw = False
160.2212 	EXP 	stim ᚦ: color = [1, 1, 1]
160.7541 	INFO 	Trial 44 start: 160.737755
160.7541 	EXP 	Drew image 0 at 0.000000
160.7541 	EXP 	stim ᛋ: autoDraw = True
161.2875 	EXP 	stim ᛋ: color = [-1, 1, -1]
161.5870 	EXP 	stim ᛋ: autoDraw = False
161.5870 	EXP 	stim ᛋ: color = [1, 1, 1]
162.1201 	INFO 	Trial 45 start: 162.103377
162.1202 	EXP 	Drew image 1 at 0.000000
162.1201 	EXP 	stim ᚢ: autoDraw = True
162.6530 	EXP 	stim ᚢ: color = [-1, 1, -1]
162.9532 	EXP 	stim ᚢ: autoDraw = False
162.9532 	EXP 	stim ᚢ: color = [1, 1, 1]
163.4702 	INFO 	Trial 46 start: 163.453414
163.4702 	EXP 	Drew image 5 at 0.000000
163.4701 	EXP 	stim ᚣ: autoDraw = True
164.0529 	EXP 	stim ᚣ: color = [-1, 1, -1]
164.3524 	EXP 	stim ᚣ: autoDraw = False
164.3524 	EXP 	stim ᚣ: color = [1, 1, 1]
164.8696 	INFO 	Trial 47 start: 164.852790
164.8697 	EXP 	Drew image 7 at 0.000000
164.8696 	EXP 	stim ᚳ: autoDraw = True
165.4019 	EXP 	stim ᚳ: color = [-1, 1, -1]
165.7017 	EXP 	stim ᚳ: autoDraw = False
165.7017 	EXP 	stim ᚳ: color = [1, 1, 1]
166.2348 	INFO 	Trial 48 start: 166.218089
166.2348 	EXP 	Drew image 8 at 0.000000
166.2347 	EXP 	stim ᛇ: autoDraw = True
166.7843 	EXP 	stim ᛇ: color = [-1, 1, -1]
167.0843 	EXP 	stim ᛇ: autoDraw = False
167.0843 	EXP 	stim ᛇ: color = [1, 1, 1]
167.6171 	INFO 	Trial 49 start: 167.600463
167.6171 	EXP 	Drew image 7 at 0.000000
167.6170 	EXP 	stim ᚳ: autoDraw = True
168.1503 	EXP 	stim ᚳ: color = [-1, 1, -1]
168.4501 	EXP 	stim ᚳ: autoDraw = False
168.4501 	EXP 	stim ᚳ: color = [1, 1, 1]
168.5240 	EXP 	window1: mouseVisible = True
