0.0747 	INFO 	Loaded SoundDevice with PortAudio V19.6.0-devel, revision 396fe4b6699ae929d3a685b3ef8a7e97396139a4
0.0748 	INFO 	sound is using audioLib: sounddevice
0.4537 	INFO 	Loaded monitor calibration from ['2018_01_10 10:27']
22.9841 	WARNING 	Monitor specification not found. Creating a temporary one...
22.9859 	WARNING 	Requested an unavailable screen number - using first available.
22.9861 	WARNING 	User requested fullscreen with size [800 800], but screen is actually [1680, 1050]. Using actual size
23.6556 	EXP 	Created window1 = Window(allowGUI=False, allowStencil=False, args=UNKNOWN, autoLog=True, bitsMode=UNKNOWN, blendMode='avg', color=array([-1., -1., -1.]), colorSpace='rgb', fullscr=UNKNOWN, gamma=None, kwargs=UNKNOWN, lms=UNKNOWN, monitor=<psychopy.monitors.calibTools.Monitor object at 0x00000250BFE1FA58>, multiSample=False, name='window1', numSamples=2, pos=(0, 0), screen=1, size=array([1680, 1050]), stereo=False, units='height', useFBO=False, useRetina=False, viewOri=0.0, viewPos=None, viewScale=None, waitBlanking=True, winType='pyglet')
23.6556 	EXP 	window1: recordFrameIntervals = True
23.6823 	EXP 	Created unnamed ImageStim = ImageStim(__class__=<class 'psychopy.visual.image.ImageStim'>, autoLog=True, color=array([1., 1., 1.]), colorSpace='rgb', contrast=1.0, depth=0, flipHoriz=False, flipVert=False, image='media/hand.png', interpolate=False, mask=None, maskParams=None, name='unnamed ImageStim', opacity=1.0, ori=0.0, pos=array([0.14, 0.  ]), size=array([0.3, 0.3]), texRes=128, units='height', win=Window(...))
23.7021 	EXP 	Created unnamed ImageStim = ImageStim(__class__=<class 'psychopy.visual.image.ImageStim'>, autoLog=True, color=array([1., 1., 1.]), colorSpace='rgb', contrast=1.0, depth=0, flipHoriz=True, flipVert=False, image='media/hand.png', interpolate=False, mask=None, maskParams=None, name='unnamed ImageStim', opacity=1.0, ori=0.0, pos=array([-0.14,  0.  ]), size=array([0.3, 0.3]), texRes=128, units='height', win=Window(...))
23.7666 	EXP 	Created unnamed BufferImageStim = BufferImageStim(__class__=type(...), autoLog=True, color=array([1., 1., 1.]), colorSpace='rgb', contrast=1.0, depth=0, flipHoriz=False, flipVert=False, image=Image(...), interpolate=True, mask='None', maskParams=None, name='unnamed BufferImageStim', opacity=1.0, ori=0.0, pos=array([0., 0.]), size=array([1680., 1050.]), texRes=128, units='pix', win=Window(...))
23.7666 	EXP 	BufferImageStim None: took 63.8ms to initialize
23.7707 	EXP 	Created stim 0 = Circle(__class__=<class 'psychopy.visual.circle.Circle'>, autoDraw=False, autoLog=True, closeShape=True, contrast=1.0, depth=0, fillColor=array([1., 1., 1.]), fillColorSpace='rgb', fillRGB=array([1., 1., 1.]), interpolate=True, lineColor=array([1., 1., 1.]), lineColorSpace='rgb', lineRGB=array([1., 1., 1.]), lineWidth=1.5, name='stim 0', opacity=1.0, ori=array(0.), pos=array([-0.255 ,  0.0375]), size=array([0.03, 0.03]), units='height', vertices=ndarray(...), win=Window(...))
23.7724 	EXP 	Created stim 1 = Circle(__class__=<class 'psychopy.visual.circle.Circle'>, autoDraw=False, autoLog=True, closeShape=True, contrast=1.0, depth=0, fillColor=array([1., 1., 1.]), fillColorSpace='rgb', fillRGB=array([1., 1., 1.]), interpolate=True, lineColor=array([1., 1., 1.]), lineColorSpace='rgb', lineRGB=array([1., 1., 1.]), lineWidth=1.5, name='stim 1', opacity=1.0, ori=array(0.), pos=array([-0.2075 ,  0.08875]), size=array([0.03, 0.03]), units='height', vertices=ndarray(...), win=Window(...))
23.7742 	EXP 	Created stim 2 = Circle(__class__=<class 'psychopy.visual.circle.Circle'>, autoDraw=False, autoLog=True, closeShape=True, contrast=1.0, depth=0, fillColor=array([1., 1., 1.]), fillColorSpace='rgb', fillRGB=array([1., 1., 1.]), interpolate=True, lineColor=array([1., 1., 1.]), lineColorSpace='rgb', lineRGB=array([1., 1., 1.]), lineWidth=1.5, name='stim 2', opacity=1.0, ori=array(0.), pos=array([-0.1575,  0.1125]), size=array([0.03, 0.03]), units='height', vertices=ndarray(...), win=Window(...))
23.7759 	EXP 	Created stim 3 = Circle(__class__=<class 'psychopy.visual.circle.Circle'>, autoDraw=False, autoLog=True, closeShape=True, contrast=1.0, depth=0, fillColor=array([1., 1., 1.]), fillColorSpace='rgb', fillRGB=array([1., 1., 1.]), interpolate=True, lineColor=array([1., 1., 1.]), lineColorSpace='rgb', lineRGB=array([1., 1., 1.]), lineWidth=1.5, name='stim 3', opacity=1.0, ori=array(0.), pos=array([-0.095,  0.09 ]), size=array([0.03, 0.03]), units='height', vertices=ndarray(...), win=Window(...))
23.7776 	EXP 	Created stim 4 = Circle(__class__=<class 'psychopy.visual.circle.Circle'>, autoDraw=False, autoLog=True, closeShape=True, contrast=1.0, depth=0, fillColor=array([1., 1., 1.]), fillColorSpace='rgb', fillRGB=array([1., 1., 1.]), interpolate=True, lineColor=array([1., 1., 1.]), lineColorSpace='rgb', lineRGB=array([1., 1., 1.]), lineWidth=1.5, name='stim 4', opacity=1.0, ori=array(0.), pos=array([-0.03  , -0.0075]), size=array([0.03, 0.03]), units='height', vertices=ndarray(...), win=Window(...))
23.7794 	EXP 	Created stim 5 = Circle(__class__=<class 'psychopy.visual.circle.Circle'>, autoDraw=False, autoLog=True, closeShape=True, contrast=1.0, depth=0, fillColor=array([1., 1., 1.]), fillColorSpace='rgb', fillRGB=array([1., 1., 1.]), interpolate=True, lineColor=array([1., 1., 1.]), lineColorSpace='rgb', lineRGB=array([1., 1., 1.]), lineWidth=1.5, name='stim 5', opacity=1.0, ori=array(0.), pos=array([ 0.03  , -0.0075]), size=array([0.03, 0.03]), units='height', vertices=ndarray(...), win=Window(...))
23.7811 	EXP 	Created stim 6 = Circle(__class__=<class 'psychopy.visual.circle.Circle'>, autoDraw=False, autoLog=True, closeShape=True, contrast=1.0, depth=0, fillColor=array([1., 1., 1.]), fillColorSpace='rgb', fillRGB=array([1., 1., 1.]), interpolate=True, lineColor=array([1., 1., 1.]), lineColorSpace='rgb', lineRGB=array([1., 1., 1.]), lineWidth=1.5, name='stim 6', opacity=1.0, ori=array(0.), pos=array([0.095, 0.09 ]), size=array([0.03, 0.03]), units='height', vertices=ndarray(...), win=Window(...))
23.7828 	EXP 	Created stim 7 = Circle(__class__=<class 'psychopy.visual.circle.Circle'>, autoDraw=False, autoLog=True, closeShape=True, contrast=1.0, depth=0, fillColor=array([1., 1., 1.]), fillColorSpace='rgb', fillRGB=array([1., 1., 1.]), interpolate=True, lineColor=array([1., 1., 1.]), lineColorSpace='rgb', lineRGB=array([1., 1., 1.]), lineWidth=1.5, name='stim 7', opacity=1.0, ori=array(0.), pos=array([0.1575, 0.1125]), size=array([0.03, 0.03]), units='height', vertices=ndarray(...), win=Window(...))
23.7846 	EXP 	Created stim 8 = Circle(__class__=<class 'psychopy.visual.circle.Circle'>, autoDraw=False, autoLog=True, closeShape=True, contrast=1.0, depth=0, fillColor=array([1., 1., 1.]), fillColorSpace='rgb', fillRGB=array([1., 1., 1.]), interpolate=True, lineColor=array([1., 1., 1.]), lineColorSpace='rgb', lineRGB=array([1., 1., 1.]), lineWidth=1.5, name='stim 8', opacity=1.0, ori=array(0.), pos=array([0.2075 , 0.08875]), size=array([0.03, 0.03]), units='height', vertices=ndarray(...), win=Window(...))
23.7863 	EXP 	Created stim 9 = Circle(__class__=<class 'psychopy.visual.circle.Circle'>, autoDraw=False, autoLog=True, closeShape=True, contrast=1.0, depth=0, fillColor=array([1., 1., 1.]), fillColorSpace='rgb', fillRGB=array([1., 1., 1.]), interpolate=True, lineColor=array([1., 1., 1.]), lineColorSpace='rgb', lineRGB=array([1., 1., 1.]), lineWidth=1.5, name='stim 9', opacity=1.0, ori=array(0.), pos=array([0.255 , 0.0375]), size=array([0.03, 0.03]), units='height', vertices=ndarray(...), win=Window(...))
23.7870 	EXP 	<method-wrapper '__getattribute__' of attributeSetter object at 0x0000025077F83080>: vertices = array([[-0.3,  0.3],
       [ 0.3,  0.3],
       [ 0.3, -0.3],
       [-0.3, -0.3]])
23.8479 	EXP 	Created slow_text = TextStim(__class__=<class 'psychopy.visual.text.TextStim'>, alignHoriz='center', alignVert='center', antialias=True, autoLog=True, bold=False, color=array([ 1., -1., -1.]), colorSpace='rgb', contrast=1.0, depth=0, flipHoriz=False, flipVert=False, font='', fontFiles=[], height=0.1, italic=False, name='slow_text', opacity=1.0, ori=0.0, pos=array([0. , 0.4]), rgb=array([ 1., -1., -1.]), text='Too slow.', units='norm', win=Window(...), wrapWidth=1)
23.8527 	EXP 	Created fast_text = TextStim(__class__=<class 'psychopy.visual.text.TextStim'>, alignHoriz='center', alignVert='center', antialias=True, autoLog=True, bold=False, color=array([ 1., -1., -1.]), colorSpace='rgb', contrast=1.0, depth=0, flipHoriz=False, flipVert=False, font='', fontFiles=[], height=0.1, italic=False, name='fast_text', opacity=1.0, ori=0.0, pos=array([0. , 0.4]), rgb=array([ 1., -1., -1.]), text='Too fast.', units='norm', win=Window(...), wrapWidth=1)
23.8600 	EXP 	Created good_text = TextStim(__class__=<class 'psychopy.visual.text.TextStim'>, alignHoriz='center', alignVert='center', antialias=True, autoLog=True, bold=False, color=array([-1.,  1., -1.]), colorSpace='rgb', contrast=1.0, depth=0, flipHoriz=False, flipVert=False, font='', fontFiles=[], height=0.1, italic=False, name='good_text', opacity=1.0, ori=0.0, pos=array([0. , 0.4]), rgb=array([-1.,  1., -1.]), text='Good timing!', units='norm', win=Window(...), wrapWidth=1)
23.8649 	EXP 	Created pause_text = TextStim(__class__=<class 'psychopy.visual.text.TextStim'>, alignHoriz='center', alignVert='center', antialias=True, autoLog=True, bold=False, color=array([1., 1., 1.]), colorSpace='rgb', contrast=1.0, depth=0, flipHoriz=False, flipVert=False, font='', fontFiles=[], height=0.1, italic=False, name='pause_text', opacity=1.0, ori=0.0, pos=array([0. , 0.8]), rgb=array([1., 1., 1.]), text='Take a break!', units='norm', win=Window(...), wrapWidth=1)
23.8701 	EXP 	Created pause_text = TextStim(__class__=<class 'psychopy.visual.text.TextStim'>, alignHoriz='center', alignVert='center', antialias=True, autoLog=True, bold=False, color=array([1., 1., 1.]), colorSpace='rgb', contrast=1.0, depth=0, flipHoriz=False, flipVert=False, font='', fontFiles=[], height=0.1, italic=False, name='pause_text', opacity=1.0, ori=0.0, pos=array([0. , 0.7]), rgb=array([1., 1., 1.]), text='Press ten times to continue.', units='norm', win=Window(...), wrapWidth=1)
27.5864 	EXP 	unnamed BufferImageStim: autoDraw = True
28.0531 	INFO 	Trial 0 start: 28.035833
28.6856 	EXP 	Drew image 2 at 0.633197
28.6856 	EXP 	Expected onset: 0.616667
28.6856 	EXP 	stim 2: autoDraw = True
29.5685 	EXP 	slow_text: autoDraw = True
29.6516 	EXP 	stim 2: autoDraw = False
29.6516 	EXP 	slow_text: autoDraw = False
29.6516 	EXP 	fast_text: autoDraw = False
29.6516 	EXP 	good_text: autoDraw = False
29.6516 	EXP 	stim 2: fillColor = [1, 1, 1]
66.5152 	INFO 	Trial 1 start: 66.498508
67.3479 	EXP 	Drew image 8 at 0.832919
67.3480 	EXP 	Expected onset: 0.816667
67.3479 	EXP 	stim 8: autoDraw = True
68.0309 	EXP 	slow_text: autoDraw = True
68.0309 	EXP 	stim 8: fillColor = [1, -1, -1]
68.1464 	WARNING 	t of last frame was 32.08ms (=1/31)
68.1464 	EXP 	stim 8: autoDraw = False
68.1464 	EXP 	slow_text: autoDraw = False
68.1464 	EXP 	fast_text: autoDraw = False
68.1464 	EXP 	good_text: autoDraw = False
68.1464 	EXP 	stim 8: fillColor = [1, 1, 1]
68.6640 	INFO 	Trial 2 start: 68.647219
69.5302 	EXP 	Drew image 6 at 0.866597
69.5302 	EXP 	Expected onset: 0.850000
69.5302 	EXP 	stim 6: autoDraw = True
70.1799 	EXP 	good_text: autoDraw = True
70.1799 	EXP 	stim 6: fillColor = [-1, 1, -1]
70.2805 	EXP 	stim 6: autoDraw = False
70.2805 	EXP 	slow_text: autoDraw = False
70.2805 	EXP 	fast_text: autoDraw = False
70.2805 	EXP 	good_text: autoDraw = False
70.2805 	EXP 	stim 6: fillColor = [1, 1, 1]
70.8130 	INFO 	Trial 3 start: 70.796182
71.5292 	EXP 	Drew image 1 at 0.716415
71.5292 	EXP 	Expected onset: 0.700000
71.5291 	EXP 	stim 1: autoDraw = True
72.3287 	EXP 	good_text: autoDraw = True
72.3287 	EXP 	stim 1: fillColor = [-1, 1, -1]
72.4287 	EXP 	stim 1: autoDraw = False
72.4287 	EXP 	slow_text: autoDraw = False
72.4287 	EXP 	fast_text: autoDraw = False
72.4287 	EXP 	good_text: autoDraw = False
72.4287 	EXP 	stim 1: fillColor = [1, 1, 1]
72.9618 	INFO 	Trial 4 start: 72.944994
73.9950 	EXP 	Drew image 0 at 1.032797
73.9950 	EXP 	Expected onset: 1.016667
73.9950 	EXP 	stim 0: autoDraw = True
74.4775 	EXP 	slow_text: autoDraw = True
74.4775 	EXP 	stim 0: fillColor = [1, -1, -1]
74.5775 	EXP 	stim 0: autoDraw = False
74.5775 	EXP 	slow_text: autoDraw = False
74.5775 	EXP 	fast_text: autoDraw = False
74.5775 	EXP 	good_text: autoDraw = False
74.5775 	EXP 	stim 0: fillColor = [1, 1, 1]
75.1106 	INFO 	Trial 5 start: 75.093889
75.8102 	EXP 	Drew image 4 at 0.700827
75.8102 	EXP 	Expected onset: 0.700000
75.8101 	EXP 	stim 4: autoDraw = True
76.6264 	EXP 	good_text: autoDraw = True
76.6264 	EXP 	stim 4: fillColor = [-1, 1, -1]
76.7265 	EXP 	stim 4: autoDraw = False
76.7265 	EXP 	slow_text: autoDraw = False
76.7265 	EXP 	fast_text: autoDraw = False
76.7265 	EXP 	good_text: autoDraw = False
76.7265 	EXP 	stim 4: fillColor = [1, 1, 1]
77.2593 	INFO 	Trial 6 start: 77.242565
78.3755 	EXP 	Drew image 7 at 1.117454
78.3755 	EXP 	Expected onset: 1.100000
78.3754 	EXP 	stim 7: autoDraw = True
78.7586 	EXP 	slow_text: autoDraw = True
78.7586 	EXP 	stim 7: fillColor = [-1, 1, -1]
78.8586 	EXP 	stim 7: autoDraw = False
78.8586 	EXP 	slow_text: autoDraw = False
78.8586 	EXP 	fast_text: autoDraw = False
78.8586 	EXP 	good_text: autoDraw = False
78.8586 	EXP 	stim 7: fillColor = [1, 1, 1]
79.3915 	INFO 	Trial 7 start: 79.374886
80.4411 	EXP 	Drew image 5 at 1.049388
80.4412 	EXP 	Expected onset: 1.033333
80.4411 	EXP 	stim 5: autoDraw = True
80.9073 	EXP 	slow_text: autoDraw = True
80.9073 	EXP 	stim 5: fillColor = [-1, 1, -1]
81.0075 	EXP 	stim 5: autoDraw = False
81.0075 	EXP 	slow_text: autoDraw = False
81.0075 	EXP 	fast_text: autoDraw = False
81.0075 	EXP 	good_text: autoDraw = False
81.0075 	EXP 	stim 5: fillColor = [1, 1, 1]
81.5407 	INFO 	Trial 8 start: 81.523715
82.2400 	EXP 	Drew image 6 at 0.699471
82.2400 	EXP 	Expected onset: 0.683333
82.2400 	EXP 	stim 6: autoDraw = True
83.0563 	EXP 	good_text: autoDraw = True
83.0563 	EXP 	stim 6: fillColor = [-1, 1, -1]
83.1569 	EXP 	stim 6: autoDraw = False
83.1569 	EXP 	slow_text: autoDraw = False
83.1569 	EXP 	fast_text: autoDraw = False
83.1569 	EXP 	good_text: autoDraw = False
83.1569 	EXP 	stim 6: fillColor = [1, 1, 1]
83.6893 	INFO 	Trial 9 start: 83.672572
84.4389 	EXP 	Drew image 5 at 0.749625
84.4389 	EXP 	Expected onset: 0.733333
84.4388 	EXP 	stim 5: autoDraw = True
85.2051 	EXP 	good_text: autoDraw = True
85.2051 	EXP 	stim 5: fillColor = [-1, 1, -1]
85.3051 	EXP 	stim 5: autoDraw = False
85.3051 	EXP 	slow_text: autoDraw = False
85.3051 	EXP 	fast_text: autoDraw = False
85.3051 	EXP 	good_text: autoDraw = False
85.3051 	EXP 	stim 5: fillColor = [1, 1, 1]
85.8381 	INFO 	Trial 10 start: 85.821400
86.9209 	EXP 	Drew image 9 at 1.082984
86.9209 	EXP 	Expected onset: 1.066667
86.9209 	EXP 	stim 9: autoDraw = True
87.3538 	EXP 	slow_text: autoDraw = True
87.4540 	EXP 	stim 9: autoDraw = False
87.4540 	EXP 	slow_text: autoDraw = False
87.4540 	EXP 	fast_text: autoDraw = False
87.4540 	EXP 	good_text: autoDraw = False
87.4540 	EXP 	stim 9: fillColor = [1, 1, 1]
87.9870 	INFO 	Trial 11 start: 87.970225
88.8365 	EXP 	Drew image 7 at 0.849641
88.8365 	EXP 	Expected onset: 0.833333
88.8365 	EXP 	stim 7: autoDraw = True
89.5027 	EXP 	good_text: autoDraw = True
89.5027 	EXP 	stim 7: fillColor = [-1, 1, -1]
89.6027 	EXP 	stim 7: autoDraw = False
89.6027 	EXP 	slow_text: autoDraw = False
89.6027 	EXP 	fast_text: autoDraw = False
89.6027 	EXP 	good_text: autoDraw = False
89.6027 	EXP 	stim 7: fillColor = [1, 1, 1]
90.1357 	INFO 	Trial 12 start: 90.119369
91.0686 	EXP 	Drew image 2 at 0.932607
91.0686 	EXP 	Expected onset: 0.916667
91.0686 	EXP 	stim 2: autoDraw = True
91.6515 	EXP 	good_text: autoDraw = True
91.6515 	EXP 	stim 2: fillColor = [1, -1, -1]
91.7514 	EXP 	stim 2: autoDraw = False
91.7514 	EXP 	slow_text: autoDraw = False
91.7514 	EXP 	fast_text: autoDraw = False
91.7514 	EXP 	good_text: autoDraw = False
91.7514 	EXP 	stim 2: fillColor = [1, 1, 1]
92.2846 	INFO 	Trial 13 start: 92.268097
93.2175 	EXP 	Drew image 4 at 0.932700
93.2175 	EXP 	Expected onset: 0.916667
93.2174 	EXP 	stim 4: autoDraw = True
93.8006 	EXP 	slow_text: autoDraw = True
93.9132 	WARNING 	t of last frame was 29.30ms (=1/34)
93.9132 	EXP 	stim 4: autoDraw = False
93.9132 	EXP 	slow_text: autoDraw = False
93.9132 	EXP 	fast_text: autoDraw = False
93.9132 	EXP 	good_text: autoDraw = False
93.9132 	EXP 	stim 4: fillColor = [1, 1, 1]
93.9336 	WARNING 	t of last frame was 20.41ms (=1/48)
94.4334 	INFO 	Trial 14 start: 94.416846
95.4996 	EXP 	Drew image 6 at 1.066093
95.4996 	EXP 	Expected onset: 1.050000
95.4996 	EXP 	stim 6: autoDraw = True
95.9494 	EXP 	slow_text: autoDraw = True
95.9494 	EXP 	stim 6: fillColor = [-1, 1, -1]
96.0493 	EXP 	stim 6: autoDraw = False
96.0493 	EXP 	slow_text: autoDraw = False
96.0493 	EXP 	fast_text: autoDraw = False
96.0493 	EXP 	good_text: autoDraw = False
96.0493 	EXP 	stim 6: fillColor = [1, 1, 1]
96.5823 	INFO 	Trial 15 start: 96.565631
97.3484 	EXP 	Drew image 9 at 0.766419
97.3484 	EXP 	Expected onset: 0.750000
97.3484 	EXP 	stim 9: autoDraw = True
98.0982 	EXP 	fast_text: autoDraw = True
98.0982 	EXP 	stim 9: fillColor = [-1, 1, -1]
98.1816 	EXP 	stim 9: autoDraw = False
98.1816 	EXP 	slow_text: autoDraw = False
98.1816 	EXP 	fast_text: autoDraw = False
98.1816 	EXP 	good_text: autoDraw = False
98.1816 	EXP 	stim 9: fillColor = [1, 1, 1]
98.7145 	INFO 	Trial 16 start: 98.697770
99.4141 	EXP 	Drew image 2 at 0.700032
99.4141 	EXP 	Expected onset: 0.700000
99.4140 	EXP 	stim 2: autoDraw = True
100.2303 	EXP 	fast_text: autoDraw = True
100.2303 	EXP 	stim 2: fillColor = [-1, 1, -1]
100.3303 	EXP 	stim 2: autoDraw = False
100.3303 	EXP 	slow_text: autoDraw = False
100.3303 	EXP 	fast_text: autoDraw = False
100.3303 	EXP 	good_text: autoDraw = False
100.3303 	EXP 	stim 2: fillColor = [1, 1, 1]
100.8633 	INFO 	Trial 17 start: 100.846628
101.9294 	EXP 	Drew image 8 at 1.066388
101.9295 	EXP 	Expected onset: 1.050000
101.9294 	EXP 	stim 8: autoDraw = True
102.3790 	EXP 	slow_text: autoDraw = True
102.3790 	EXP 	stim 8: fillColor = [1, -1, -1]
102.4791 	EXP 	stim 8: autoDraw = False
102.4791 	EXP 	slow_text: autoDraw = False
102.4791 	EXP 	fast_text: autoDraw = False
102.4791 	EXP 	good_text: autoDraw = False
102.4791 	EXP 	stim 8: fillColor = [1, 1, 1]
102.9959 	INFO 	Trial 18 start: 102.978831
104.0449 	EXP 	Drew image 4 at 1.049425
104.0449 	EXP 	Expected onset: 1.033333
104.0449 	EXP 	stim 4: autoDraw = True
104.5113 	EXP 	slow_text: autoDraw = True
104.6113 	EXP 	stim 4: autoDraw = False
104.6113 	EXP 	slow_text: autoDraw = False
104.6113 	EXP 	fast_text: autoDraw = False
104.6113 	EXP 	good_text: autoDraw = False
104.6113 	EXP 	stim 4: fillColor = [1, 1, 1]
105.1444 	INFO 	Trial 19 start: 105.127669
105.8106 	EXP 	Drew image 1 at 0.667110
105.8107 	EXP 	Expected onset: 0.666667
105.8106 	EXP 	stim 1: autoDraw = True
106.6602 	EXP 	good_text: autoDraw = True
106.6602 	EXP 	stim 1: fillColor = [-1, 1, -1]
106.7602 	EXP 	stim 1: autoDraw = False
106.7602 	EXP 	slow_text: autoDraw = False
106.7602 	EXP 	fast_text: autoDraw = False
106.7602 	EXP 	good_text: autoDraw = False
106.7602 	EXP 	stim 1: fillColor = [1, 1, 1]
107.2932 	INFO 	Trial 20 start: 107.276423
108.3425 	EXP 	Drew image 4 at 1.049912
108.3425 	EXP 	Expected onset: 1.033333
108.3425 	EXP 	stim 4: autoDraw = True
108.8091 	EXP 	slow_text: autoDraw = True
108.8091 	EXP 	stim 4: fillColor = [-1, 1, -1]
108.9090 	EXP 	stim 4: autoDraw = False
108.9090 	EXP 	slow_text: autoDraw = False
108.9090 	EXP 	fast_text: autoDraw = False
108.9090 	EXP 	good_text: autoDraw = False
108.9090 	EXP 	stim 4: fillColor = [1, 1, 1]
109.4420 	INFO 	Trial 21 start: 109.425361
110.4415 	EXP 	Drew image 7 at 0.999408
110.4416 	EXP 	Expected onset: 0.983333
110.4415 	EXP 	stim 7: autoDraw = True
110.9579 	EXP 	good_text: autoDraw = True
110.9579 	EXP 	stim 7: fillColor = [-1, 1, -1]
111.0577 	EXP 	stim 7: autoDraw = False
111.0577 	EXP 	slow_text: autoDraw = False
111.0577 	EXP 	fast_text: autoDraw = False
111.0577 	EXP 	good_text: autoDraw = False
111.0577 	EXP 	stim 7: fillColor = [1, 1, 1]
111.5908 	INFO 	Trial 22 start: 111.574034
112.5902 	EXP 	Drew image 2 at 1.000462
112.5903 	EXP 	Expected onset: 1.000000
112.5902 	EXP 	stim 2: autoDraw = True
113.1065 	EXP 	slow_text: autoDraw = True
113.1065 	EXP 	stim 2: fillColor = [-1, 1, -1]
113.2066 	EXP 	stim 2: autoDraw = False
113.2066 	EXP 	slow_text: autoDraw = False
113.2066 	EXP 	fast_text: autoDraw = False
113.2066 	EXP 	good_text: autoDraw = False
113.2066 	EXP 	stim 2: fillColor = [1, 1, 1]
113.7397 	INFO 	Trial 23 start: 113.723126
114.8224 	EXP 	Drew image 5 at 1.082852
114.8224 	EXP 	Expected onset: 1.066667
114.8224 	EXP 	stim 5: autoDraw = True
115.2554 	EXP 	slow_text: autoDraw = True
115.2554 	EXP 	stim 5: fillColor = [1, -1, -1]
115.3555 	EXP 	stim 5: autoDraw = False
115.3555 	EXP 	slow_text: autoDraw = False
115.3555 	EXP 	fast_text: autoDraw = False
115.3555 	EXP 	good_text: autoDraw = False
115.3555 	EXP 	stim 5: fillColor = [1, 1, 1]
115.8886 	INFO 	Trial 24 start: 115.872214
116.5382 	EXP 	Drew image 6 at 0.650348
116.5382 	EXP 	Expected onset: 0.633333
116.5381 	EXP 	stim 6: autoDraw = True
117.4044 	EXP 	fast_text: autoDraw = True
117.4044 	EXP 	stim 6: fillColor = [-1, 1, -1]
117.5099 	WARNING 	t of last frame was 22.21ms (=1/45)
117.5099 	EXP 	stim 6: autoDraw = False
117.5099 	EXP 	slow_text: autoDraw = False
117.5099 	EXP 	fast_text: autoDraw = False
117.5099 	EXP 	good_text: autoDraw = False
117.5099 	EXP 	stim 6: fillColor = [1, 1, 1]
118.0379 	INFO 	Trial 25 start: 118.020650
119.0876 	EXP 	Drew image 0 at 1.049380
119.0876 	EXP 	Expected onset: 1.033333
119.0876 	EXP 	stim 0: autoDraw = True
119.5533 	EXP 	slow_text: autoDraw = True
119.5533 	EXP 	stim 0: fillColor = [-1, 1, -1]
119.6366 	EXP 	stim 0: autoDraw = False
119.6366 	EXP 	slow_text: autoDraw = False
119.6366 	EXP 	fast_text: autoDraw = False
119.6366 	EXP 	good_text: autoDraw = False
119.6366 	EXP 	stim 0: fillColor = [1, 1, 1]
120.1696 	INFO 	Trial 26 start: 120.152746
120.9524 	EXP 	Drew image 3 at 0.783559
120.9524 	EXP 	Expected onset: 0.766667
120.9523 	EXP 	stim 3: autoDraw = True
121.6854 	EXP 	good_text: autoDraw = True
121.6854 	EXP 	stim 3: fillColor = [1, -1, -1]
121.7854 	EXP 	stim 3: autoDraw = False
121.7854 	EXP 	slow_text: autoDraw = False
121.7854 	EXP 	fast_text: autoDraw = False
121.7854 	EXP 	good_text: autoDraw = False
121.7854 	EXP 	stim 3: fillColor = [1, 1, 1]
122.3184 	INFO 	Trial 27 start: 122.301754
123.1679 	EXP 	Drew image 3 at 0.849835
123.1680 	EXP 	Expected onset: 0.833333
123.1679 	EXP 	stim 3: autoDraw = True
123.8342 	EXP 	slow_text: autoDraw = True
123.9177 	EXP 	stim 3: autoDraw = False
123.9177 	EXP 	slow_text: autoDraw = False
123.9177 	EXP 	fast_text: autoDraw = False
123.9177 	EXP 	good_text: autoDraw = False
123.9177 	EXP 	stim 3: fillColor = [1, 1, 1]
188.1829 	INFO 	Trial 28 start: 188.166512
188.9158 	EXP 	Drew image 8 at 0.733001
188.9158 	EXP 	Expected onset: 0.716667
188.9158 	EXP 	stim 8: autoDraw = True
189.6989 	EXP 	fast_text: autoDraw = True
189.6989 	EXP 	stim 8: fillColor = [-1, 1, -1]
189.7824 	EXP 	stim 8: autoDraw = False
189.7824 	EXP 	slow_text: autoDraw = False
189.7824 	EXP 	fast_text: autoDraw = False
189.7824 	EXP 	good_text: autoDraw = False
189.7824 	EXP 	stim 8: fillColor = [1, 1, 1]
190.3152 	INFO 	Trial 29 start: 190.298330
191.1313 	EXP 	Drew image 2 at 0.817124
191.1313 	EXP 	Expected onset: 0.800000
191.1312 	EXP 	stim 2: autoDraw = True
191.8309 	EXP 	good_text: autoDraw = True
191.8309 	EXP 	stim 2: fillColor = [-1, 1, -1]
191.9309 	EXP 	stim 2: autoDraw = False
191.9309 	EXP 	slow_text: autoDraw = False
191.9309 	EXP 	fast_text: autoDraw = False
191.9309 	EXP 	good_text: autoDraw = False
191.9309 	EXP 	stim 2: fillColor = [1, 1, 1]
192.4640 	INFO 	Trial 30 start: 192.447160
193.3135 	EXP 	Drew image 0 at 0.849565
193.3135 	EXP 	Expected onset: 0.833333
193.3134 	EXP 	stim 0: autoDraw = True
193.9797 	EXP 	good_text: autoDraw = True
193.9797 	EXP 	stim 0: fillColor = [1, -1, -1]
194.0801 	EXP 	stim 0: autoDraw = False
194.0801 	EXP 	slow_text: autoDraw = False
194.0801 	EXP 	fast_text: autoDraw = False
194.0801 	EXP 	good_text: autoDraw = False
194.0801 	EXP 	stim 0: fillColor = [1, 1, 1]
194.6127 	INFO 	Trial 31 start: 194.596006
195.5624 	EXP 	Drew image 3 at 0.949532
195.5625 	EXP 	Expected onset: 0.933333
195.5624 	EXP 	stim 3: autoDraw = True
196.1285 	EXP 	slow_text: autoDraw = True
196.2284 	EXP 	stim 3: autoDraw = False
196.2284 	EXP 	slow_text: autoDraw = False
196.2284 	EXP 	fast_text: autoDraw = False
196.2284 	EXP 	good_text: autoDraw = False
196.2284 	EXP 	stim 3: fillColor = [1, 1, 1]
202.4418 	INFO 	Trial 32 start: 202.425123
203.0914 	EXP 	Drew image 6 at 0.650563
203.0914 	EXP 	Expected onset: 0.633333
203.0913 	EXP 	stim 6: autoDraw = True
203.9577 	EXP 	slow_text: autoDraw = True
204.0576 	EXP 	stim 6: autoDraw = False
204.0576 	EXP 	slow_text: autoDraw = False
204.0576 	EXP 	fast_text: autoDraw = False
204.0576 	EXP 	good_text: autoDraw = False
204.0576 	EXP 	stim 6: fillColor = [1, 1, 1]
211.1538 	INFO 	Trial 33 start: 211.137091
211.9036 	EXP 	Drew image 9 at 0.749568
211.9037 	EXP 	Expected onset: 0.733333
211.9036 	EXP 	stim 9: autoDraw = True
212.6695 	EXP 	good_text: autoDraw = True
212.6695 	EXP 	stim 9: fillColor = [-1, 1, -1]
212.7701 	EXP 	stim 9: autoDraw = False
212.7701 	EXP 	slow_text: autoDraw = False
212.7701 	EXP 	fast_text: autoDraw = False
212.7701 	EXP 	good_text: autoDraw = False
212.7701 	EXP 	stim 9: fillColor = [1, 1, 1]
213.3029 	INFO 	Trial 34 start: 213.285803
214.3521 	EXP 	Drew image 3 at 1.050387
214.3521 	EXP 	Expected onset: 1.033333
214.3520 	EXP 	stim 3: autoDraw = True
214.8185 	EXP 	slow_text: autoDraw = True
214.9184 	EXP 	stim 3: autoDraw = False
214.9184 	EXP 	slow_text: autoDraw = False
214.9184 	EXP 	fast_text: autoDraw = False
214.9184 	EXP 	good_text: autoDraw = False
214.9184 	EXP 	stim 3: fillColor = [1, 1, 1]
237.9227 	INFO 	Trial 35 start: 237.906491
238.7556 	EXP 	Drew image 7 at 0.832494
238.7556 	EXP 	Expected onset: 0.816667
238.7555 	EXP 	stim 7: autoDraw = True
239.4385 	EXP 	good_text: autoDraw = True
239.4385 	EXP 	stim 7: fillColor = [-1, 1, -1]
239.5383 	EXP 	stim 7: autoDraw = False
239.5383 	EXP 	slow_text: autoDraw = False
239.5383 	EXP 	fast_text: autoDraw = False
239.5383 	EXP 	good_text: autoDraw = False
239.5383 	EXP 	stim 7: fillColor = [1, 1, 1]
240.0715 	INFO 	Trial 36 start: 240.054836
240.8212 	EXP 	Drew image 8 at 0.749598
240.8212 	EXP 	Expected onset: 0.733333
240.8211 	EXP 	stim 8: autoDraw = True
241.5874 	EXP 	good_text: autoDraw = True
241.5874 	EXP 	stim 8: fillColor = [-1, 1, -1]
241.6706 	EXP 	stim 8: autoDraw = False
241.6706 	EXP 	slow_text: autoDraw = False
241.6706 	EXP 	fast_text: autoDraw = False
241.6706 	EXP 	good_text: autoDraw = False
241.6706 	EXP 	stim 8: fillColor = [1, 1, 1]
242.2036 	INFO 	Trial 37 start: 242.187306
242.9699 	EXP 	Drew image 5 at 0.766781
242.9700 	EXP 	Expected onset: 0.766667
242.9699 	EXP 	stim 5: autoDraw = True
243.7196 	EXP 	good_text: autoDraw = True
243.7196 	EXP 	stim 5: fillColor = [-1, 1, -1]
243.8303 	WARNING 	t of last frame was 27.31ms (=1/36)
243.8303 	EXP 	stim 5: autoDraw = False
243.8303 	EXP 	slow_text: autoDraw = False
243.8303 	EXP 	fast_text: autoDraw = False
243.8303 	EXP 	good_text: autoDraw = False
243.8303 	EXP 	stim 5: fillColor = [1, 1, 1]
243.8507 	WARNING 	t of last frame was 20.40ms (=1/49)
244.3358 	INFO 	Trial 38 start: 244.319064
245.0022 	EXP 	Drew image 1 at 0.667430
245.0022 	EXP 	Expected onset: 0.666667
245.0022 	EXP 	stim 1: autoDraw = True
245.8516 	EXP 	fast_text: autoDraw = True
245.8516 	EXP 	stim 1: fillColor = [-1, 1, -1]
245.9516 	EXP 	stim 1: autoDraw = False
245.9516 	EXP 	slow_text: autoDraw = False
245.9516 	EXP 	fast_text: autoDraw = False
245.9516 	EXP 	good_text: autoDraw = False
245.9516 	EXP 	stim 1: fillColor = [1, 1, 1]
246.4847 	INFO 	Trial 39 start: 246.467886
247.4019 	EXP 	Drew image 1 at 0.916439
247.4019 	EXP 	Expected onset: 0.900000
247.4019 	EXP 	stim 1: autoDraw = True
248.0005 	EXP 	good_text: autoDraw = True
248.0005 	EXP 	stim 1: fillColor = [-1, 1, -1]
248.1007 	EXP 	stim 1: autoDraw = False
248.1007 	EXP 	slow_text: autoDraw = False
248.1007 	EXP 	fast_text: autoDraw = False
248.1007 	EXP 	good_text: autoDraw = False
248.1007 	EXP 	stim 1: fillColor = [1, 1, 1]
248.6336 	INFO 	Trial 40 start: 248.616855
249.6331 	EXP 	Drew image 8 at 0.999330
249.6332 	EXP 	Expected onset: 0.983333
249.6331 	EXP 	stim 8: autoDraw = True
250.1494 	EXP 	good_text: autoDraw = True
250.1494 	EXP 	stim 8: fillColor = [1, -1, -1]
250.2493 	EXP 	stim 8: autoDraw = False
250.2493 	EXP 	slow_text: autoDraw = False
250.2493 	EXP 	fast_text: autoDraw = False
250.2493 	EXP 	good_text: autoDraw = False
250.2493 	EXP 	stim 8: fillColor = [1, 1, 1]
250.7824 	INFO 	Trial 41 start: 250.765759
251.7321 	EXP 	Drew image 0 at 0.949331
251.7322 	EXP 	Expected onset: 0.933333
251.7321 	EXP 	stim 0: autoDraw = True
252.2982 	EXP 	good_text: autoDraw = True
252.2982 	EXP 	stim 0: fillColor = [1, -1, -1]
252.3981 	EXP 	stim 0: autoDraw = False
252.3981 	EXP 	slow_text: autoDraw = False
252.3981 	EXP 	fast_text: autoDraw = False
252.3981 	EXP 	good_text: autoDraw = False
252.3981 	EXP 	stim 0: fillColor = [1, 1, 1]
252.9151 	INFO 	Trial 42 start: 252.897888
253.6817 	EXP 	Drew image 1 at 0.766269
253.6818 	EXP 	Expected onset: 0.750000
253.6817 	EXP 	stim 1: autoDraw = True
254.4304 	EXP 	good_text: autoDraw = True
254.4304 	EXP 	stim 1: fillColor = [1, -1, -1]
254.5304 	EXP 	stim 1: autoDraw = False
254.5304 	EXP 	slow_text: autoDraw = False
254.5304 	EXP 	fast_text: autoDraw = False
254.5304 	EXP 	good_text: autoDraw = False
254.5304 	EXP 	stim 1: fillColor = [1, 1, 1]
255.0639 	INFO 	Trial 43 start: 255.046747
255.7797 	EXP 	Drew image 9 at 0.716320
255.7797 	EXP 	Expected onset: 0.700000
255.7797 	EXP 	stim 9: autoDraw = True
256.5793 	EXP 	fast_text: autoDraw = True
256.5793 	EXP 	stim 9: fillColor = [-1, 1, -1]
256.6793 	EXP 	stim 9: autoDraw = False
256.6793 	EXP 	slow_text: autoDraw = False
256.6793 	EXP 	fast_text: autoDraw = False
256.6793 	EXP 	good_text: autoDraw = False
256.6793 	EXP 	stim 9: fillColor = [1, 1, 1]
257.2123 	INFO 	Trial 44 start: 257.195561
257.9619 	EXP 	Drew image 9 at 0.749579
257.9619 	EXP 	Expected onset: 0.733333
257.9618 	EXP 	stim 9: autoDraw = True
258.7281 	EXP 	fast_text: autoDraw = True
258.7281 	EXP 	stim 9: fillColor = [-1, 1, -1]
258.8280 	EXP 	stim 9: autoDraw = False
258.8280 	EXP 	slow_text: autoDraw = False
258.8280 	EXP 	fast_text: autoDraw = False
258.8280 	EXP 	good_text: autoDraw = False
258.8280 	EXP 	stim 9: fillColor = [1, 1, 1]
259.3610 	INFO 	Trial 45 start: 259.344263
259.9941 	EXP 	Drew image 4 at 0.633238
259.9941 	EXP 	Expected onset: 0.633333
259.9940 	EXP 	stim 4: autoDraw = True
260.8769 	EXP 	good_text: autoDraw = True
260.8769 	EXP 	stim 4: fillColor = [-1, 1, -1]
260.9769 	EXP 	stim 4: autoDraw = False
260.9769 	EXP 	slow_text: autoDraw = False
260.9769 	EXP 	fast_text: autoDraw = False
260.9769 	EXP 	good_text: autoDraw = False
260.9769 	EXP 	stim 4: fillColor = [1, 1, 1]
261.5100 	INFO 	Trial 46 start: 261.493298
262.5094 	EXP 	Drew image 0 at 0.999261
262.5094 	EXP 	Expected onset: 0.983333
262.5094 	EXP 	stim 0: autoDraw = True
263.0258 	EXP 	slow_text: autoDraw = True
263.0258 	EXP 	stim 0: fillColor = [-1, 1, -1]
263.1258 	EXP 	stim 0: autoDraw = False
263.1258 	EXP 	slow_text: autoDraw = False
263.1258 	EXP 	fast_text: autoDraw = False
263.1258 	EXP 	good_text: autoDraw = False
263.1258 	EXP 	stim 0: fillColor = [1, 1, 1]
263.6588 	INFO 	Trial 47 start: 263.642565
264.7250 	EXP 	Drew image 7 at 1.065646
264.7250 	EXP 	Expected onset: 1.050000
264.7250 	EXP 	stim 7: autoDraw = True
265.1749 	EXP 	slow_text: autoDraw = True
265.1749 	EXP 	stim 7: fillColor = [-1, 1, -1]
265.2745 	EXP 	stim 7: autoDraw = False
265.2745 	EXP 	slow_text: autoDraw = False
265.2745 	EXP 	fast_text: autoDraw = False
265.2745 	EXP 	good_text: autoDraw = False
265.2745 	EXP 	stim 7: fillColor = [1, 1, 1]
265.8076 	INFO 	Trial 48 start: 265.791008
266.8404 	EXP 	Drew image 3 at 1.033452
266.8404 	EXP 	Expected onset: 1.033333
266.8403 	EXP 	stim 3: autoDraw = True
267.3237 	EXP 	slow_text: autoDraw = True
267.3237 	EXP 	stim 3: fillColor = [1, -1, -1]
267.4234 	EXP 	stim 3: autoDraw = False
267.4234 	EXP 	slow_text: autoDraw = False
267.4234 	EXP 	fast_text: autoDraw = False
267.4234 	EXP 	good_text: autoDraw = False
267.4234 	EXP 	stim 3: fillColor = [1, 1, 1]
267.9565 	INFO 	Trial 49 start: 267.939812
268.9734 	EXP 	Drew image 5 at 1.016113
268.9734 	EXP 	Expected onset: 1.000000
268.9734 	EXP 	stim 5: autoDraw = True
269.4725 	EXP 	good_text: autoDraw = True
269.4725 	EXP 	stim 5: fillColor = [-1, 1, -1]
269.5723 	EXP 	stim 5: autoDraw = False
269.5723 	EXP 	slow_text: autoDraw = False
269.5723 	EXP 	fast_text: autoDraw = False
269.5723 	EXP 	good_text: autoDraw = False
269.5723 	EXP 	stim 5: fillColor = [1, 1, 1]
269.6320 	EXP 	window1: mouseVisible = True
